<?xml version="1.0" encoding="UTF-8"?>
<!-- Generated by org.testng.reporters.JUnitXMLReporter -->
<testsuite ignored="0" hostname="XPVFW1QHC4" failures="1" tests="1" name="Test_Project" time="40.959" errors="0" timestamp="2023-02-14T20:15:58 KST">
  <testcase classname="Apollo_001_Test.Apollo_01_공통" name="TC_001_011_001_widget_basic" time="29.193">
    <failure type="org.json.simple.parser.ParseException">
      <![CDATA[Unexpected character (N) at position 181.
at org.json.simple.parser.Yylex.yylex(Unknown Source)
at org.json.simple.parser.JSONParser.nextToken(Unknown Source)
at org.json.simple.parser.JSONParser.parse(Unknown Source)
at org.json.simple.parser.JSONParser.parse(Unknown Source)
at org.json.simple.parser.JSONParser.parse(Unknown Source)
at unit.Utilities.TTS_JsonParsing(Utilities.java:2177)
at Apollo_001_Test.Apollo_01_공통.TC_001_011_001_widget_basic(Apollo_01_공통.java:83)
at java.base/java.util.ArrayList.forEach(ArrayList.java:1511)
at java.base/java.util.concurrent.FutureTask.run(FutureTask.java:264)
at java.base/java.util.concurrent.ThreadPoolExecutor.runWorker(ThreadPoolExecutor.java:1136)
at java.base/java.util.concurrent.ThreadPoolExecutor$Worker.run(ThreadPoolExecutor.java:635)
at java.base/java.lang.Thread.run(Thread.java:833)
... Removed 18 stack frames]]>
    </failure>
  </testcase> <!-- TC_001_011_001_widget_basic -->
</testsuite> <!-- Test_Project -->
