<?xml version="1.0" encoding="UTF-8"?>
<testng-results ignored="0" total="71" passed="70" failed="1" skipped="0">
  <reporter-output>
  </reporter-output>
  <suite started-at="2021-10-09T12:38:23 KST" name="ExtentReport" finished-at="2021-10-09T13:38:34 KST" duration-ms="3610478">
    <groups>
    </groups>
    <test started-at="2021-10-09T12:38:23 KST" name="Test_Project" finished-at="2021-10-09T13:38:34 KST" duration-ms="3610478">
      <class name="SDK_001_AudioPlayer_Interface.AudioPlayer_Interface_02_AudioPlayer_Template1">
        <test-method is-config="true" signature="setupClass(java.lang.String,java.lang.String,java.lang.String,java.lang.String,java.lang.String,java.lang.String,java.lang.String,java.lang.String,java.lang.String)[pri:0, instance:SDK_001_AudioPlayer_Interface.AudioPlayer_Interface_02_AudioPlayer_Template1@18317edc]" started-at="2021-10-09T13:21:50 KST" name="setupClass" finished-at="2021-10-09T13:22:03 KST" duration-ms="12945" status="PASS">
          <params>
            <param index="0">
              <value>
                <![CDATA[Android]]>
              </value>
            </param>
            <param index="1">
              <value>
                <![CDATA[SDK]]>
              </value>
            </param>
            <param index="2">
              <value>
                <![CDATA[http://0.0.0.0:4723/wd/hub]]>
              </value>
            </param>
            <param index="3">
              <value>
                <![CDATA[PRD]]>
              </value>
            </param>
            <param index="4">
              <value>
                <![CDATA[SDK]]>
              </value>
            </param>
            <param index="5">
              <value>
                <![CDATA[out]]>
              </value>
            </param>
            <param index="6">
              <value>
                <![CDATA[R33M4000CY]]>
              </value>
            </param>
            <param index="7">
              <value>
                <![CDATA[ALDF3NYA6C0D0C654DD2]]>
              </value>
            </param>
            <param index="8">
              <value>
                <![CDATA[ALDFR7K5QIZLF9F3FBA3]]>
              </value>
            </param>
          </params>
          <reporter-output>
          </reporter-output>
        </test-method> <!-- setupClass -->
        <test-method is-config="true" signature="BeforeMethod(java.lang.reflect.Method)[pri:0, instance:SDK_001_AudioPlayer_Interface.AudioPlayer_Interface_02_AudioPlayer_Template1@18317edc]" started-at="2021-10-09T13:22:03 KST" name="BeforeMethod" finished-at="2021-10-09T13:22:03 KST" duration-ms="0" status="PASS">
          <params>
            <param index="0">
              <value>
                <![CDATA[public void SDK_001_AudioPlayer_Interface.AudioPlayer_Interface_02_AudioPlayer_Template1.TC_00_00_00_SampleApp_Start(java.lang.reflect.Method) throws java.lang.Exception]]>
              </value>
            </param>
          </params>
          <reporter-output>
          </reporter-output>
        </test-method> <!-- BeforeMethod -->
        <test-method signature="TC_00_00_00_SampleApp_Start(java.lang.reflect.Method)[pri:0, instance:SDK_001_AudioPlayer_Interface.AudioPlayer_Interface_02_AudioPlayer_Template1@18317edc]" started-at="2021-10-09T13:22:03 KST" name="TC_00_00_00_SampleApp_Start" finished-at="2021-10-09T13:22:38 KST" duration-ms="35848" status="PASS">
          <params>
            <param index="0">
              <value>
                <![CDATA[public void SDK_001_AudioPlayer_Interface.AudioPlayer_Interface_02_AudioPlayer_Template1.TC_00_00_00_SampleApp_Start(java.lang.reflect.Method) throws java.lang.Exception]]>
              </value>
            </param>
          </params>
          <reporter-output>
          </reporter-output>
        </test-method> <!-- TC_00_00_00_SampleApp_Start -->
        <test-method is-config="true" signature="AfterMethod(org.testng.ITestResult)[pri:0, instance:SDK_001_AudioPlayer_Interface.AudioPlayer_Interface_02_AudioPlayer_Template1@18317edc]" started-at="2021-10-09T13:22:38 KST" name="AfterMethod" finished-at="2021-10-09T13:22:38 KST" duration-ms="1" status="PASS">
          <params>
            <param index="0">
              <value>
                <![CDATA[[TestResult name=TC_00_00_00_SampleApp_Start status=SUCCESS method=AudioPlayer_Interface_02_AudioPlayer_Template1.TC_00_00_00_SampleApp_Start(java.lang.reflect.Method)[pri:0, instance:SDK_001_AudioPlayer_Interface.AudioPlayer_Interface_02_AudioPlayer_Template1@18317edc] output={null}]]]>
              </value>
            </param>
          </params>
          <reporter-output>
          </reporter-output>
        </test-method> <!-- AfterMethod -->
        <test-method is-config="true" signature="BeforeMethod(java.lang.reflect.Method)[pri:0, instance:SDK_001_AudioPlayer_Interface.AudioPlayer_Interface_02_AudioPlayer_Template1@18317edc]" started-at="2021-10-09T13:22:38 KST" name="BeforeMethod" finished-at="2021-10-09T13:22:38 KST" duration-ms="2" status="PASS">
          <params>
            <param index="0">
              <value>
                <![CDATA[public void SDK_001_AudioPlayer_Interface.AudioPlayer_Interface_02_AudioPlayer_Template1.TC_01_01_49_AudioPlayerTemplate1의_titleiconUrl_확인(java.lang.reflect.Method) throws java.lang.Exception]]>
              </value>
            </param>
          </params>
          <reporter-output>
          </reporter-output>
        </test-method> <!-- BeforeMethod -->
        <test-method signature="TC_01_01_49_AudioPlayerTemplate1의_titleiconUrl_확인(java.lang.reflect.Method)[pri:0, instance:SDK_001_AudioPlayer_Interface.AudioPlayer_Interface_02_AudioPlayer_Template1@18317edc]" started-at="2021-10-09T13:22:38 KST" name="TC_01_01_49_AudioPlayerTemplate1의_titleiconUrl_확인" description="SDK 리그레이션 TC : AudioPlayer_Interface_01-01-49" finished-at="2021-10-09T13:23:21 KST" duration-ms="42994" status="PASS">
          <params>
            <param index="0">
              <value>
                <![CDATA[public void SDK_001_AudioPlayer_Interface.AudioPlayer_Interface_02_AudioPlayer_Template1.TC_01_01_49_AudioPlayerTemplate1의_titleiconUrl_확인(java.lang.reflect.Method) throws java.lang.Exception]]>
              </value>
            </param>
          </params>
          <reporter-output>
          </reporter-output>
        </test-method> <!-- TC_01_01_49_AudioPlayerTemplate1의_titleiconUrl_확인 -->
        <test-method is-config="true" signature="AfterMethod(org.testng.ITestResult)[pri:0, instance:SDK_001_AudioPlayer_Interface.AudioPlayer_Interface_02_AudioPlayer_Template1@18317edc]" started-at="2021-10-09T13:23:21 KST" name="AfterMethod" finished-at="2021-10-09T13:23:21 KST" duration-ms="0" status="PASS">
          <params>
            <param index="0">
              <value>
                <![CDATA[[TestResult name=TC_01_01_49_AudioPlayerTemplate1의_titleiconUrl_확인 status=SUCCESS method=AudioPlayer_Interface_02_AudioPlayer_Template1.TC_01_01_49_AudioPlayerTemplate1의_titleiconUrl_확인(java.lang.reflect.Method)[pri:0, instance:SDK_001_AudioPlayer_Interface.AudioPlayer_Interface_02_AudioPlayer_Template1@18317edc] output={null}]]]>
              </value>
            </param>
          </params>
          <reporter-output>
          </reporter-output>
        </test-method> <!-- AfterMethod -->
        <test-method is-config="true" signature="BeforeMethod(java.lang.reflect.Method)[pri:0, instance:SDK_001_AudioPlayer_Interface.AudioPlayer_Interface_02_AudioPlayer_Template1@18317edc]" started-at="2021-10-09T13:23:21 KST" name="BeforeMethod" finished-at="2021-10-09T13:23:21 KST" duration-ms="1" status="PASS">
          <params>
            <param index="0">
              <value>
                <![CDATA[public void SDK_001_AudioPlayer_Interface.AudioPlayer_Interface_02_AudioPlayer_Template1.TC_01_01_50_AudioPlayerTemplate1의_titletext_확인(java.lang.reflect.Method) throws java.lang.Exception]]>
              </value>
            </param>
          </params>
          <reporter-output>
          </reporter-output>
        </test-method> <!-- BeforeMethod -->
        <test-method signature="TC_01_01_50_AudioPlayerTemplate1의_titletext_확인(java.lang.reflect.Method)[pri:0, instance:SDK_001_AudioPlayer_Interface.AudioPlayer_Interface_02_AudioPlayer_Template1@18317edc]" started-at="2021-10-09T13:23:21 KST" name="TC_01_01_50_AudioPlayerTemplate1의_titletext_확인" description="SDK 리그레이션 TC : AudioPlayer_Interface_01-01-50" finished-at="2021-10-09T13:23:35 KST" duration-ms="13973" status="PASS">
          <params>
            <param index="0">
              <value>
                <![CDATA[public void SDK_001_AudioPlayer_Interface.AudioPlayer_Interface_02_AudioPlayer_Template1.TC_01_01_50_AudioPlayerTemplate1의_titletext_확인(java.lang.reflect.Method) throws java.lang.Exception]]>
              </value>
            </param>
          </params>
          <reporter-output>
          </reporter-output>
        </test-method> <!-- TC_01_01_50_AudioPlayerTemplate1의_titletext_확인 -->
        <test-method is-config="true" signature="AfterMethod(org.testng.ITestResult)[pri:0, instance:SDK_001_AudioPlayer_Interface.AudioPlayer_Interface_02_AudioPlayer_Template1@18317edc]" started-at="2021-10-09T13:23:35 KST" name="AfterMethod" finished-at="2021-10-09T13:23:35 KST" duration-ms="1" status="PASS">
          <params>
            <param index="0">
              <value>
                <![CDATA[[TestResult name=TC_01_01_50_AudioPlayerTemplate1의_titletext_확인 status=SUCCESS method=AudioPlayer_Interface_02_AudioPlayer_Template1.TC_01_01_50_AudioPlayerTemplate1의_titletext_확인(java.lang.reflect.Method)[pri:0, instance:SDK_001_AudioPlayer_Interface.AudioPlayer_Interface_02_AudioPlayer_Template1@18317edc] output={null}]]]>
              </value>
            </param>
          </params>
          <reporter-output>
          </reporter-output>
        </test-method> <!-- AfterMethod -->
        <test-method is-config="true" signature="BeforeMethod(java.lang.reflect.Method)[pri:0, instance:SDK_001_AudioPlayer_Interface.AudioPlayer_Interface_02_AudioPlayer_Template1@18317edc]" started-at="2021-10-09T13:23:35 KST" name="BeforeMethod" finished-at="2021-10-09T13:23:35 KST" duration-ms="0" status="PASS">
          <params>
            <param index="0">
              <value>
                <![CDATA[public void SDK_001_AudioPlayer_Interface.AudioPlayer_Interface_02_AudioPlayer_Template1.TC_01_01_51_AudioPlayerTemplate1의_contenttitle_확인(java.lang.reflect.Method) throws java.lang.Exception]]>
              </value>
            </param>
          </params>
          <reporter-output>
          </reporter-output>
        </test-method> <!-- BeforeMethod -->
        <test-method signature="TC_01_01_51_AudioPlayerTemplate1의_contenttitle_확인(java.lang.reflect.Method)[pri:0, instance:SDK_001_AudioPlayer_Interface.AudioPlayer_Interface_02_AudioPlayer_Template1@18317edc]" started-at="2021-10-09T13:23:35 KST" name="TC_01_01_51_AudioPlayerTemplate1의_contenttitle_확인" description="SDK 리그레이션 TC : AudioPlayer_Interface_01-01-51" finished-at="2021-10-09T13:23:49 KST" duration-ms="13897" status="PASS">
          <params>
            <param index="0">
              <value>
                <![CDATA[public void SDK_001_AudioPlayer_Interface.AudioPlayer_Interface_02_AudioPlayer_Template1.TC_01_01_51_AudioPlayerTemplate1의_contenttitle_확인(java.lang.reflect.Method) throws java.lang.Exception]]>
              </value>
            </param>
          </params>
          <reporter-output>
          </reporter-output>
        </test-method> <!-- TC_01_01_51_AudioPlayerTemplate1의_contenttitle_확인 -->
        <test-method is-config="true" signature="AfterMethod(org.testng.ITestResult)[pri:0, instance:SDK_001_AudioPlayer_Interface.AudioPlayer_Interface_02_AudioPlayer_Template1@18317edc]" started-at="2021-10-09T13:23:49 KST" name="AfterMethod" finished-at="2021-10-09T13:23:49 KST" duration-ms="1" status="PASS">
          <params>
            <param index="0">
              <value>
                <![CDATA[[TestResult name=TC_01_01_51_AudioPlayerTemplate1의_contenttitle_확인 status=SUCCESS method=AudioPlayer_Interface_02_AudioPlayer_Template1.TC_01_01_51_AudioPlayerTemplate1의_contenttitle_확인(java.lang.reflect.Method)[pri:0, instance:SDK_001_AudioPlayer_Interface.AudioPlayer_Interface_02_AudioPlayer_Template1@18317edc] output={null}]]]>
              </value>
            </param>
          </params>
          <reporter-output>
          </reporter-output>
        </test-method> <!-- AfterMethod -->
        <test-method signature="TC_01_01_52_AudioPlayerTemplate1의_contensubtitle1_확인(java.lang.reflect.Method)[pri:0, instance:SDK_001_AudioPlayer_Interface.AudioPlayer_Interface_02_AudioPlayer_Template1@18317edc]" started-at="2021-10-09T13:23:49 KST" name="TC_01_01_52_AudioPlayerTemplate1의_contensubtitle1_확인" description="SDK 리그레이션 TC : AudioPlayer_Interface_01-01-52" finished-at="2021-10-09T13:24:03 KST" duration-ms="13976" status="PASS">
          <params>
            <param index="0">
              <value>
                <![CDATA[public void SDK_001_AudioPlayer_Interface.AudioPlayer_Interface_02_AudioPlayer_Template1.TC_01_01_52_AudioPlayerTemplate1의_contensubtitle1_확인(java.lang.reflect.Method) throws java.lang.Exception]]>
              </value>
            </param>
          </params>
          <reporter-output>
          </reporter-output>
        </test-method> <!-- TC_01_01_52_AudioPlayerTemplate1의_contensubtitle1_확인 -->
        <test-method is-config="true" signature="BeforeMethod(java.lang.reflect.Method)[pri:0, instance:SDK_001_AudioPlayer_Interface.AudioPlayer_Interface_02_AudioPlayer_Template1@18317edc]" started-at="2021-10-09T13:23:49 KST" name="BeforeMethod" finished-at="2021-10-09T13:23:49 KST" duration-ms="0" status="PASS">
          <params>
            <param index="0">
              <value>
                <![CDATA[public void SDK_001_AudioPlayer_Interface.AudioPlayer_Interface_02_AudioPlayer_Template1.TC_01_01_52_AudioPlayerTemplate1의_contensubtitle1_확인(java.lang.reflect.Method) throws java.lang.Exception]]>
              </value>
            </param>
          </params>
          <reporter-output>
          </reporter-output>
        </test-method> <!-- BeforeMethod -->
        <test-method is-config="true" signature="BeforeMethod(java.lang.reflect.Method)[pri:0, instance:SDK_001_AudioPlayer_Interface.AudioPlayer_Interface_02_AudioPlayer_Template1@18317edc]" started-at="2021-10-09T13:24:03 KST" name="BeforeMethod" finished-at="2021-10-09T13:24:03 KST" duration-ms="0" status="PASS">
          <params>
            <param index="0">
              <value>
                <![CDATA[public void SDK_001_AudioPlayer_Interface.AudioPlayer_Interface_02_AudioPlayer_Template1.TC_01_01_53_AudioPlayerTemplate1의_contensubtitle2_확인(java.lang.reflect.Method) throws java.lang.Exception]]>
              </value>
            </param>
          </params>
          <reporter-output>
          </reporter-output>
        </test-method> <!-- BeforeMethod -->
        <test-method is-config="true" signature="AfterMethod(org.testng.ITestResult)[pri:0, instance:SDK_001_AudioPlayer_Interface.AudioPlayer_Interface_02_AudioPlayer_Template1@18317edc]" started-at="2021-10-09T13:24:03 KST" name="AfterMethod" finished-at="2021-10-09T13:24:03 KST" duration-ms="0" status="PASS">
          <params>
            <param index="0">
              <value>
                <![CDATA[[TestResult name=TC_01_01_52_AudioPlayerTemplate1의_contensubtitle1_확인 status=SUCCESS method=AudioPlayer_Interface_02_AudioPlayer_Template1.TC_01_01_52_AudioPlayerTemplate1의_contensubtitle1_확인(java.lang.reflect.Method)[pri:0, instance:SDK_001_AudioPlayer_Interface.AudioPlayer_Interface_02_AudioPlayer_Template1@18317edc] output={null}]]]>
              </value>
            </param>
          </params>
          <reporter-output>
          </reporter-output>
        </test-method> <!-- AfterMethod -->
        <test-method signature="TC_01_01_53_AudioPlayerTemplate1의_contensubtitle2_확인(java.lang.reflect.Method)[pri:0, instance:SDK_001_AudioPlayer_Interface.AudioPlayer_Interface_02_AudioPlayer_Template1@18317edc]" started-at="2021-10-09T13:24:03 KST" name="TC_01_01_53_AudioPlayerTemplate1의_contensubtitle2_확인" description="SDK 리그레이션 TC : AudioPlayer_Interface_01-01-53" finished-at="2021-10-09T13:24:17 KST" duration-ms="14101" status="PASS">
          <params>
            <param index="0">
              <value>
                <![CDATA[public void SDK_001_AudioPlayer_Interface.AudioPlayer_Interface_02_AudioPlayer_Template1.TC_01_01_53_AudioPlayerTemplate1의_contensubtitle2_확인(java.lang.reflect.Method) throws java.lang.Exception]]>
              </value>
            </param>
          </params>
          <reporter-output>
          </reporter-output>
        </test-method> <!-- TC_01_01_53_AudioPlayerTemplate1의_contensubtitle2_확인 -->
        <test-method is-config="true" signature="AfterMethod(org.testng.ITestResult)[pri:0, instance:SDK_001_AudioPlayer_Interface.AudioPlayer_Interface_02_AudioPlayer_Template1@18317edc]" started-at="2021-10-09T13:24:17 KST" name="AfterMethod" finished-at="2021-10-09T13:24:17 KST" duration-ms="1" status="PASS">
          <params>
            <param index="0">
              <value>
                <![CDATA[[TestResult name=TC_01_01_53_AudioPlayerTemplate1의_contensubtitle2_확인 status=SUCCESS method=AudioPlayer_Interface_02_AudioPlayer_Template1.TC_01_01_53_AudioPlayerTemplate1의_contensubtitle2_확인(java.lang.reflect.Method)[pri:0, instance:SDK_001_AudioPlayer_Interface.AudioPlayer_Interface_02_AudioPlayer_Template1@18317edc] output={null}]]]>
              </value>
            </param>
          </params>
          <reporter-output>
          </reporter-output>
        </test-method> <!-- AfterMethod -->
        <test-method is-config="true" signature="BeforeMethod(java.lang.reflect.Method)[pri:0, instance:SDK_001_AudioPlayer_Interface.AudioPlayer_Interface_02_AudioPlayer_Template1@18317edc]" started-at="2021-10-09T13:24:17 KST" name="BeforeMethod" finished-at="2021-10-09T13:24:17 KST" duration-ms="1" status="PASS">
          <params>
            <param index="0">
              <value>
                <![CDATA[public void SDK_001_AudioPlayer_Interface.AudioPlayer_Interface_02_AudioPlayer_Template1.TC_01_01_54_AudioPlayerTemplate1의_contentimageUrl_확인(java.lang.reflect.Method) throws java.lang.Exception]]>
              </value>
            </param>
          </params>
          <reporter-output>
          </reporter-output>
        </test-method> <!-- BeforeMethod -->
        <test-method signature="TC_01_01_54_AudioPlayerTemplate1의_contentimageUrl_확인(java.lang.reflect.Method)[pri:0, instance:SDK_001_AudioPlayer_Interface.AudioPlayer_Interface_02_AudioPlayer_Template1@18317edc]" started-at="2021-10-09T13:24:17 KST" name="TC_01_01_54_AudioPlayerTemplate1의_contentimageUrl_확인" description="SDK 리그레이션 TC : AudioPlayer_Interface_01-01-54" finished-at="2021-10-09T13:24:31 KST" duration-ms="13918" status="PASS">
          <params>
            <param index="0">
              <value>
                <![CDATA[public void SDK_001_AudioPlayer_Interface.AudioPlayer_Interface_02_AudioPlayer_Template1.TC_01_01_54_AudioPlayerTemplate1의_contentimageUrl_확인(java.lang.reflect.Method) throws java.lang.Exception]]>
              </value>
            </param>
          </params>
          <reporter-output>
          </reporter-output>
        </test-method> <!-- TC_01_01_54_AudioPlayerTemplate1의_contentimageUrl_확인 -->
        <test-method is-config="true" signature="AfterMethod(org.testng.ITestResult)[pri:0, instance:SDK_001_AudioPlayer_Interface.AudioPlayer_Interface_02_AudioPlayer_Template1@18317edc]" started-at="2021-10-09T13:24:31 KST" name="AfterMethod" finished-at="2021-10-09T13:24:31 KST" duration-ms="0" status="PASS">
          <params>
            <param index="0">
              <value>
                <![CDATA[[TestResult name=TC_01_01_54_AudioPlayerTemplate1의_contentimageUrl_확인 status=SUCCESS method=AudioPlayer_Interface_02_AudioPlayer_Template1.TC_01_01_54_AudioPlayerTemplate1의_contentimageUrl_확인(java.lang.reflect.Method)[pri:0, instance:SDK_001_AudioPlayer_Interface.AudioPlayer_Interface_02_AudioPlayer_Template1@18317edc] output={null}]]]>
              </value>
            </param>
          </params>
          <reporter-output>
          </reporter-output>
        </test-method> <!-- AfterMethod -->
        <test-method signature="TC_01_01_55_AudioPlayerTemplate1의_contentdurationSec_확인(java.lang.reflect.Method)[pri:0, instance:SDK_001_AudioPlayer_Interface.AudioPlayer_Interface_02_AudioPlayer_Template1@18317edc]" started-at="2021-10-09T13:24:31 KST" name="TC_01_01_55_AudioPlayerTemplate1의_contentdurationSec_확인" description="SDK 리그레이션 TC : AudioPlayer_Interface_01-01-55" finished-at="2021-10-09T13:24:46 KST" duration-ms="14179" status="PASS">
          <params>
            <param index="0">
              <value>
                <![CDATA[public void SDK_001_AudioPlayer_Interface.AudioPlayer_Interface_02_AudioPlayer_Template1.TC_01_01_55_AudioPlayerTemplate1의_contentdurationSec_확인(java.lang.reflect.Method) throws java.lang.Exception]]>
              </value>
            </param>
          </params>
          <reporter-output>
          </reporter-output>
        </test-method> <!-- TC_01_01_55_AudioPlayerTemplate1의_contentdurationSec_확인 -->
        <test-method is-config="true" signature="BeforeMethod(java.lang.reflect.Method)[pri:0, instance:SDK_001_AudioPlayer_Interface.AudioPlayer_Interface_02_AudioPlayer_Template1@18317edc]" started-at="2021-10-09T13:24:31 KST" name="BeforeMethod" finished-at="2021-10-09T13:24:31 KST" duration-ms="0" status="PASS">
          <params>
            <param index="0">
              <value>
                <![CDATA[public void SDK_001_AudioPlayer_Interface.AudioPlayer_Interface_02_AudioPlayer_Template1.TC_01_01_55_AudioPlayerTemplate1의_contentdurationSec_확인(java.lang.reflect.Method) throws java.lang.Exception]]>
              </value>
            </param>
          </params>
          <reporter-output>
          </reporter-output>
        </test-method> <!-- BeforeMethod -->
        <test-method is-config="true" signature="BeforeMethod(java.lang.reflect.Method)[pri:0, instance:SDK_001_AudioPlayer_Interface.AudioPlayer_Interface_02_AudioPlayer_Template1@18317edc]" started-at="2021-10-09T13:24:46 KST" name="BeforeMethod" finished-at="2021-10-09T13:24:46 KST" duration-ms="1" status="PASS">
          <params>
            <param index="0">
              <value>
                <![CDATA[public void SDK_001_AudioPlayer_Interface.AudioPlayer_Interface_02_AudioPlayer_Template1.TC_01_01_57_AudioPlayerTemplate1의_contentbadgeImageUrl_확인(java.lang.reflect.Method) throws java.lang.Exception]]>
              </value>
            </param>
          </params>
          <reporter-output>
          </reporter-output>
        </test-method> <!-- BeforeMethod -->
        <test-method is-config="true" signature="AfterMethod(org.testng.ITestResult)[pri:0, instance:SDK_001_AudioPlayer_Interface.AudioPlayer_Interface_02_AudioPlayer_Template1@18317edc]" started-at="2021-10-09T13:24:46 KST" name="AfterMethod" finished-at="2021-10-09T13:24:46 KST" duration-ms="0" status="PASS">
          <params>
            <param index="0">
              <value>
                <![CDATA[[TestResult name=TC_01_01_55_AudioPlayerTemplate1의_contentdurationSec_확인 status=SUCCESS method=AudioPlayer_Interface_02_AudioPlayer_Template1.TC_01_01_55_AudioPlayerTemplate1의_contentdurationSec_확인(java.lang.reflect.Method)[pri:0, instance:SDK_001_AudioPlayer_Interface.AudioPlayer_Interface_02_AudioPlayer_Template1@18317edc] output={null}]]]>
              </value>
            </param>
          </params>
          <reporter-output>
          </reporter-output>
        </test-method> <!-- AfterMethod -->
        <test-method signature="TC_01_01_57_AudioPlayerTemplate1의_contentbadgeImageUrl_확인(java.lang.reflect.Method)[pri:0, instance:SDK_001_AudioPlayer_Interface.AudioPlayer_Interface_02_AudioPlayer_Template1@18317edc]" started-at="2021-10-09T13:24:46 KST" name="TC_01_01_57_AudioPlayerTemplate1의_contentbadgeImageUrl_확인" description="SDK 리그레이션 TC : AudioPlayer_Interface_01-01-57" finished-at="2021-10-09T13:25:14 KST" duration-ms="28546" status="PASS">
          <params>
            <param index="0">
              <value>
                <![CDATA[public void SDK_001_AudioPlayer_Interface.AudioPlayer_Interface_02_AudioPlayer_Template1.TC_01_01_57_AudioPlayerTemplate1의_contentbadgeImageUrl_확인(java.lang.reflect.Method) throws java.lang.Exception]]>
              </value>
            </param>
          </params>
          <reporter-output>
          </reporter-output>
        </test-method> <!-- TC_01_01_57_AudioPlayerTemplate1의_contentbadgeImageUrl_확인 -->
        <test-method is-config="true" signature="AfterMethod(org.testng.ITestResult)[pri:0, instance:SDK_001_AudioPlayer_Interface.AudioPlayer_Interface_02_AudioPlayer_Template1@18317edc]" started-at="2021-10-09T13:25:14 KST" name="AfterMethod" finished-at="2021-10-09T13:25:14 KST" duration-ms="1" status="PASS">
          <params>
            <param index="0">
              <value>
                <![CDATA[[TestResult name=TC_01_01_57_AudioPlayerTemplate1의_contentbadgeImageUrl_확인 status=SUCCESS method=AudioPlayer_Interface_02_AudioPlayer_Template1.TC_01_01_57_AudioPlayerTemplate1의_contentbadgeImageUrl_확인(java.lang.reflect.Method)[pri:0, instance:SDK_001_AudioPlayer_Interface.AudioPlayer_Interface_02_AudioPlayer_Template1@18317edc] output={null}]]]>
              </value>
            </param>
          </params>
          <reporter-output>
          </reporter-output>
        </test-method> <!-- AfterMethod -->
        <test-method signature="TC_01_01_59_AudioPlayerTemplate1의_contentlyricstitle_확인(java.lang.reflect.Method)[pri:0, instance:SDK_001_AudioPlayer_Interface.AudioPlayer_Interface_02_AudioPlayer_Template1@18317edc]" started-at="2021-10-09T13:25:14 KST" name="TC_01_01_59_AudioPlayerTemplate1의_contentlyricstitle_확인" description="SDK 리그레이션 TC : AudioPlayer_Interface_01-01-59" finished-at="2021-10-09T13:26:00 KST" duration-ms="46276" status="PASS">
          <params>
            <param index="0">
              <value>
                <![CDATA[public void SDK_001_AudioPlayer_Interface.AudioPlayer_Interface_02_AudioPlayer_Template1.TC_01_01_59_AudioPlayerTemplate1의_contentlyricstitle_확인(java.lang.reflect.Method) throws java.lang.Exception]]>
              </value>
            </param>
          </params>
          <reporter-output>
          </reporter-output>
        </test-method> <!-- TC_01_01_59_AudioPlayerTemplate1의_contentlyricstitle_확인 -->
        <test-method is-config="true" signature="BeforeMethod(java.lang.reflect.Method)[pri:0, instance:SDK_001_AudioPlayer_Interface.AudioPlayer_Interface_02_AudioPlayer_Template1@18317edc]" started-at="2021-10-09T13:25:14 KST" name="BeforeMethod" finished-at="2021-10-09T13:25:14 KST" duration-ms="0" status="PASS">
          <params>
            <param index="0">
              <value>
                <![CDATA[public void SDK_001_AudioPlayer_Interface.AudioPlayer_Interface_02_AudioPlayer_Template1.TC_01_01_59_AudioPlayerTemplate1의_contentlyricstitle_확인(java.lang.reflect.Method) throws java.lang.Exception]]>
              </value>
            </param>
          </params>
          <reporter-output>
          </reporter-output>
        </test-method> <!-- BeforeMethod -->
        <test-method is-config="true" signature="AfterMethod(org.testng.ITestResult)[pri:0, instance:SDK_001_AudioPlayer_Interface.AudioPlayer_Interface_02_AudioPlayer_Template1@18317edc]" started-at="2021-10-09T13:26:00 KST" name="AfterMethod" finished-at="2021-10-09T13:26:00 KST" duration-ms="0" status="PASS">
          <params>
            <param index="0">
              <value>
                <![CDATA[[TestResult name=TC_01_01_59_AudioPlayerTemplate1의_contentlyricstitle_확인 status=SUCCESS method=AudioPlayer_Interface_02_AudioPlayer_Template1.TC_01_01_59_AudioPlayerTemplate1의_contentlyricstitle_확인(java.lang.reflect.Method)[pri:0, instance:SDK_001_AudioPlayer_Interface.AudioPlayer_Interface_02_AudioPlayer_Template1@18317edc] output={null}]]]>
              </value>
            </param>
          </params>
          <reporter-output>
          </reporter-output>
        </test-method> <!-- AfterMethod -->
        <test-method is-config="true" signature="BeforeMethod(java.lang.reflect.Method)[pri:0, instance:SDK_001_AudioPlayer_Interface.AudioPlayer_Interface_02_AudioPlayer_Template1@18317edc]" started-at="2021-10-09T13:26:00 KST" name="BeforeMethod" finished-at="2021-10-09T13:26:00 KST" duration-ms="0" status="PASS">
          <params>
            <param index="0">
              <value>
                <![CDATA[public void SDK_001_AudioPlayer_Interface.AudioPlayer_Interface_02_AudioPlayer_Template1.TC_01_01_60_01_AudioPlayerTemplate1의_contentlyricslyricsType_확인(java.lang.reflect.Method) throws java.lang.Exception]]>
              </value>
            </param>
          </params>
          <reporter-output>
          </reporter-output>
        </test-method> <!-- BeforeMethod -->
        <test-method signature="TC_01_01_60_01_AudioPlayerTemplate1의_contentlyricslyricsType_확인(java.lang.reflect.Method)[pri:0, instance:SDK_001_AudioPlayer_Interface.AudioPlayer_Interface_02_AudioPlayer_Template1@18317edc]" started-at="2021-10-09T13:26:00 KST" name="TC_01_01_60_01_AudioPlayerTemplate1의_contentlyricslyricsType_확인" description="SDK 리그레이션 TC : AudioPlayer_Interface_01-01-60" finished-at="2021-10-09T13:26:14 KST" duration-ms="13641" status="PASS">
          <params>
            <param index="0">
              <value>
                <![CDATA[public void SDK_001_AudioPlayer_Interface.AudioPlayer_Interface_02_AudioPlayer_Template1.TC_01_01_60_01_AudioPlayerTemplate1의_contentlyricslyricsType_확인(java.lang.reflect.Method) throws java.lang.Exception]]>
              </value>
            </param>
          </params>
          <reporter-output>
          </reporter-output>
        </test-method> <!-- TC_01_01_60_01_AudioPlayerTemplate1의_contentlyricslyricsType_확인 -->
        <test-method is-config="true" signature="AfterMethod(org.testng.ITestResult)[pri:0, instance:SDK_001_AudioPlayer_Interface.AudioPlayer_Interface_02_AudioPlayer_Template1@18317edc]" started-at="2021-10-09T13:26:14 KST" name="AfterMethod" finished-at="2021-10-09T13:26:14 KST" duration-ms="0" status="PASS">
          <params>
            <param index="0">
              <value>
                <![CDATA[[TestResult name=TC_01_01_60_01_AudioPlayerTemplate1의_contentlyricslyricsType_확인 status=SUCCESS method=AudioPlayer_Interface_02_AudioPlayer_Template1.TC_01_01_60_01_AudioPlayerTemplate1의_contentlyricslyricsType_확인(java.lang.reflect.Method)[pri:0, instance:SDK_001_AudioPlayer_Interface.AudioPlayer_Interface_02_AudioPlayer_Template1@18317edc] output={null}]]]>
              </value>
            </param>
          </params>
          <reporter-output>
          </reporter-output>
        </test-method> <!-- AfterMethod -->
        <test-method is-config="true" signature="BeforeMethod(java.lang.reflect.Method)[pri:0, instance:SDK_001_AudioPlayer_Interface.AudioPlayer_Interface_02_AudioPlayer_Template1@18317edc]" started-at="2021-10-09T13:26:14 KST" name="BeforeMethod" finished-at="2021-10-09T13:26:14 KST" duration-ms="1" status="PASS">
          <params>
            <param index="0">
              <value>
                <![CDATA[public void SDK_001_AudioPlayer_Interface.AudioPlayer_Interface_02_AudioPlayer_Template1.TC_01_01_60_02_AudioPlayerTemplate1의_contentlyricslyricsType_확인(java.lang.reflect.Method) throws java.lang.Exception]]>
              </value>
            </param>
          </params>
          <reporter-output>
          </reporter-output>
        </test-method> <!-- BeforeMethod -->
        <test-method signature="TC_01_01_60_02_AudioPlayerTemplate1의_contentlyricslyricsType_확인(java.lang.reflect.Method)[pri:0, instance:SDK_001_AudioPlayer_Interface.AudioPlayer_Interface_02_AudioPlayer_Template1@18317edc]" started-at="2021-10-09T13:26:14 KST" name="TC_01_01_60_02_AudioPlayerTemplate1의_contentlyricslyricsType_확인" description="SDK 리그레이션 TC : AudioPlayer_Interface_01-01-60" finished-at="2021-10-09T13:27:00 KST" duration-ms="45796" status="PASS">
          <params>
            <param index="0">
              <value>
                <![CDATA[public void SDK_001_AudioPlayer_Interface.AudioPlayer_Interface_02_AudioPlayer_Template1.TC_01_01_60_02_AudioPlayerTemplate1의_contentlyricslyricsType_확인(java.lang.reflect.Method) throws java.lang.Exception]]>
              </value>
            </param>
          </params>
          <reporter-output>
          </reporter-output>
        </test-method> <!-- TC_01_01_60_02_AudioPlayerTemplate1의_contentlyricslyricsType_확인 -->
        <test-method is-config="true" signature="AfterMethod(org.testng.ITestResult)[pri:0, instance:SDK_001_AudioPlayer_Interface.AudioPlayer_Interface_02_AudioPlayer_Template1@18317edc]" started-at="2021-10-09T13:27:00 KST" name="AfterMethod" finished-at="2021-10-09T13:27:00 KST" duration-ms="1" status="PASS">
          <params>
            <param index="0">
              <value>
                <![CDATA[[TestResult name=TC_01_01_60_02_AudioPlayerTemplate1의_contentlyricslyricsType_확인 status=SUCCESS method=AudioPlayer_Interface_02_AudioPlayer_Template1.TC_01_01_60_02_AudioPlayerTemplate1의_contentlyricslyricsType_확인(java.lang.reflect.Method)[pri:0, instance:SDK_001_AudioPlayer_Interface.AudioPlayer_Interface_02_AudioPlayer_Template1@18317edc] output={null}]]]>
              </value>
            </param>
          </params>
          <reporter-output>
          </reporter-output>
        </test-method> <!-- AfterMethod -->
        <test-method is-config="true" signature="BeforeMethod(java.lang.reflect.Method)[pri:0, instance:SDK_001_AudioPlayer_Interface.AudioPlayer_Interface_02_AudioPlayer_Template1@18317edc]" started-at="2021-10-09T13:27:00 KST" name="BeforeMethod" finished-at="2021-10-09T13:27:00 KST" duration-ms="1" status="PASS">
          <params>
            <param index="0">
              <value>
                <![CDATA[public void SDK_001_AudioPlayer_Interface.AudioPlayer_Interface_02_AudioPlayer_Template1.TC_01_01_60_03_AudioPlayerTemplate1의_contentlyricslyricsType_확인(java.lang.reflect.Method) throws java.lang.Exception]]>
              </value>
            </param>
          </params>
          <reporter-output>
          </reporter-output>
        </test-method> <!-- BeforeMethod -->
        <test-method signature="TC_01_01_60_03_AudioPlayerTemplate1의_contentlyricslyricsType_확인(java.lang.reflect.Method)[pri:0, instance:SDK_001_AudioPlayer_Interface.AudioPlayer_Interface_02_AudioPlayer_Template1@18317edc]" started-at="2021-10-09T13:27:00 KST" name="TC_01_01_60_03_AudioPlayerTemplate1의_contentlyricslyricsType_확인" description="SDK 리그레이션 TC : AudioPlayer_Interface_01-01-60" finished-at="2021-10-09T13:27:54 KST" duration-ms="54333" status="PASS">
          <params>
            <param index="0">
              <value>
                <![CDATA[public void SDK_001_AudioPlayer_Interface.AudioPlayer_Interface_02_AudioPlayer_Template1.TC_01_01_60_03_AudioPlayerTemplate1의_contentlyricslyricsType_확인(java.lang.reflect.Method) throws java.lang.Exception]]>
              </value>
            </param>
          </params>
          <reporter-output>
          </reporter-output>
        </test-method> <!-- TC_01_01_60_03_AudioPlayerTemplate1의_contentlyricslyricsType_확인 -->
        <test-method signature="TC_01_01_61_01_AudioPlayerTemplate1의_contentlyricslyricsInfoList_확인(java.lang.reflect.Method)[pri:0, instance:SDK_001_AudioPlayer_Interface.AudioPlayer_Interface_02_AudioPlayer_Template1@18317edc]" started-at="2021-10-09T13:27:54 KST" name="TC_01_01_61_01_AudioPlayerTemplate1의_contentlyricslyricsInfoList_확인" description="SDK 리그레이션 TC : AudioPlayer_Interface_01-01-61" finished-at="2021-10-09T13:28:40 KST" duration-ms="45657" status="PASS">
          <params>
            <param index="0">
              <value>
                <![CDATA[public void SDK_001_AudioPlayer_Interface.AudioPlayer_Interface_02_AudioPlayer_Template1.TC_01_01_61_01_AudioPlayerTemplate1의_contentlyricslyricsInfoList_확인(java.lang.reflect.Method) throws java.lang.Exception]]>
              </value>
            </param>
          </params>
          <reporter-output>
          </reporter-output>
        </test-method> <!-- TC_01_01_61_01_AudioPlayerTemplate1의_contentlyricslyricsInfoList_확인 -->
        <test-method is-config="true" signature="AfterMethod(org.testng.ITestResult)[pri:0, instance:SDK_001_AudioPlayer_Interface.AudioPlayer_Interface_02_AudioPlayer_Template1@18317edc]" started-at="2021-10-09T13:27:54 KST" name="AfterMethod" finished-at="2021-10-09T13:27:54 KST" duration-ms="0" status="PASS">
          <params>
            <param index="0">
              <value>
                <![CDATA[[TestResult name=TC_01_01_60_03_AudioPlayerTemplate1의_contentlyricslyricsType_확인 status=SUCCESS method=AudioPlayer_Interface_02_AudioPlayer_Template1.TC_01_01_60_03_AudioPlayerTemplate1의_contentlyricslyricsType_확인(java.lang.reflect.Method)[pri:0, instance:SDK_001_AudioPlayer_Interface.AudioPlayer_Interface_02_AudioPlayer_Template1@18317edc] output={null}]]]>
              </value>
            </param>
          </params>
          <reporter-output>
          </reporter-output>
        </test-method> <!-- AfterMethod -->
        <test-method is-config="true" signature="BeforeMethod(java.lang.reflect.Method)[pri:0, instance:SDK_001_AudioPlayer_Interface.AudioPlayer_Interface_02_AudioPlayer_Template1@18317edc]" started-at="2021-10-09T13:27:54 KST" name="BeforeMethod" finished-at="2021-10-09T13:27:54 KST" duration-ms="0" status="PASS">
          <params>
            <param index="0">
              <value>
                <![CDATA[public void SDK_001_AudioPlayer_Interface.AudioPlayer_Interface_02_AudioPlayer_Template1.TC_01_01_61_01_AudioPlayerTemplate1의_contentlyricslyricsInfoList_확인(java.lang.reflect.Method) throws java.lang.Exception]]>
              </value>
            </param>
          </params>
          <reporter-output>
          </reporter-output>
        </test-method> <!-- BeforeMethod -->
        <test-method is-config="true" signature="AfterMethod(org.testng.ITestResult)[pri:0, instance:SDK_001_AudioPlayer_Interface.AudioPlayer_Interface_02_AudioPlayer_Template1@18317edc]" started-at="2021-10-09T13:28:40 KST" name="AfterMethod" finished-at="2021-10-09T13:28:40 KST" duration-ms="1" status="PASS">
          <params>
            <param index="0">
              <value>
                <![CDATA[[TestResult name=TC_01_01_61_01_AudioPlayerTemplate1의_contentlyricslyricsInfoList_확인 status=SUCCESS method=AudioPlayer_Interface_02_AudioPlayer_Template1.TC_01_01_61_01_AudioPlayerTemplate1의_contentlyricslyricsInfoList_확인(java.lang.reflect.Method)[pri:0, instance:SDK_001_AudioPlayer_Interface.AudioPlayer_Interface_02_AudioPlayer_Template1@18317edc] output={null}]]]>
              </value>
            </param>
          </params>
          <reporter-output>
          </reporter-output>
        </test-method> <!-- AfterMethod -->
        <test-method is-config="true" signature="BeforeMethod(java.lang.reflect.Method)[pri:0, instance:SDK_001_AudioPlayer_Interface.AudioPlayer_Interface_02_AudioPlayer_Template1@18317edc]" started-at="2021-10-09T13:28:40 KST" name="BeforeMethod" finished-at="2021-10-09T13:28:40 KST" duration-ms="1" status="PASS">
          <params>
            <param index="0">
              <value>
                <![CDATA[public void SDK_001_AudioPlayer_Interface.AudioPlayer_Interface_02_AudioPlayer_Template1.TC_01_01_61_02_AudioPlayerTemplate1의_contentlyricslyricsInfoList_확인(java.lang.reflect.Method) throws java.lang.Exception]]>
              </value>
            </param>
          </params>
          <reporter-output>
          </reporter-output>
        </test-method> <!-- BeforeMethod -->
        <test-method signature="TC_01_01_61_02_AudioPlayerTemplate1의_contentlyricslyricsInfoList_확인(java.lang.reflect.Method)[pri:0, instance:SDK_001_AudioPlayer_Interface.AudioPlayer_Interface_02_AudioPlayer_Template1@18317edc]" started-at="2021-10-09T13:28:40 KST" name="TC_01_01_61_02_AudioPlayerTemplate1의_contentlyricslyricsInfoList_확인" description="SDK 리그레이션 TC : AudioPlayer_Interface_01-01-61" finished-at="2021-10-09T13:29:25 KST" duration-ms="45655" status="PASS">
          <params>
            <param index="0">
              <value>
                <![CDATA[public void SDK_001_AudioPlayer_Interface.AudioPlayer_Interface_02_AudioPlayer_Template1.TC_01_01_61_02_AudioPlayerTemplate1의_contentlyricslyricsInfoList_확인(java.lang.reflect.Method) throws java.lang.Exception]]>
              </value>
            </param>
          </params>
          <reporter-output>
          </reporter-output>
        </test-method> <!-- TC_01_01_61_02_AudioPlayerTemplate1의_contentlyricslyricsInfoList_확인 -->
        <test-method signature="TC_01_01_62_01_AudioPlayerTemplate1의_contentlyricslyricsInfoListtime_확인(java.lang.reflect.Method)[pri:0, instance:SDK_001_AudioPlayer_Interface.AudioPlayer_Interface_02_AudioPlayer_Template1@18317edc]" started-at="2021-10-09T13:29:25 KST" name="TC_01_01_62_01_AudioPlayerTemplate1의_contentlyricslyricsInfoListtime_확인" description="SDK 리그레이션 TC : AudioPlayer_Interface_01-01-62" finished-at="2021-10-09T13:30:11 KST" duration-ms="45595" status="PASS">
          <params>
            <param index="0">
              <value>
                <![CDATA[public void SDK_001_AudioPlayer_Interface.AudioPlayer_Interface_02_AudioPlayer_Template1.TC_01_01_62_01_AudioPlayerTemplate1의_contentlyricslyricsInfoListtime_확인(java.lang.reflect.Method) throws java.lang.Exception]]>
              </value>
            </param>
          </params>
          <reporter-output>
          </reporter-output>
        </test-method> <!-- TC_01_01_62_01_AudioPlayerTemplate1의_contentlyricslyricsInfoListtime_확인 -->
        <test-method is-config="true" signature="AfterMethod(org.testng.ITestResult)[pri:0, instance:SDK_001_AudioPlayer_Interface.AudioPlayer_Interface_02_AudioPlayer_Template1@18317edc]" started-at="2021-10-09T13:29:25 KST" name="AfterMethod" finished-at="2021-10-09T13:29:25 KST" duration-ms="0" status="PASS">
          <params>
            <param index="0">
              <value>
                <![CDATA[[TestResult name=TC_01_01_61_02_AudioPlayerTemplate1의_contentlyricslyricsInfoList_확인 status=SUCCESS method=AudioPlayer_Interface_02_AudioPlayer_Template1.TC_01_01_61_02_AudioPlayerTemplate1의_contentlyricslyricsInfoList_확인(java.lang.reflect.Method)[pri:0, instance:SDK_001_AudioPlayer_Interface.AudioPlayer_Interface_02_AudioPlayer_Template1@18317edc] output={null}]]]>
              </value>
            </param>
          </params>
          <reporter-output>
          </reporter-output>
        </test-method> <!-- AfterMethod -->
        <test-method is-config="true" signature="BeforeMethod(java.lang.reflect.Method)[pri:0, instance:SDK_001_AudioPlayer_Interface.AudioPlayer_Interface_02_AudioPlayer_Template1@18317edc]" started-at="2021-10-09T13:29:25 KST" name="BeforeMethod" finished-at="2021-10-09T13:29:25 KST" duration-ms="0" status="PASS">
          <params>
            <param index="0">
              <value>
                <![CDATA[public void SDK_001_AudioPlayer_Interface.AudioPlayer_Interface_02_AudioPlayer_Template1.TC_01_01_62_01_AudioPlayerTemplate1의_contentlyricslyricsInfoListtime_확인(java.lang.reflect.Method) throws java.lang.Exception]]>
              </value>
            </param>
          </params>
          <reporter-output>
          </reporter-output>
        </test-method> <!-- BeforeMethod -->
        <test-method is-config="true" signature="AfterMethod(org.testng.ITestResult)[pri:0, instance:SDK_001_AudioPlayer_Interface.AudioPlayer_Interface_02_AudioPlayer_Template1@18317edc]" started-at="2021-10-09T13:30:11 KST" name="AfterMethod" finished-at="2021-10-09T13:30:11 KST" duration-ms="1" status="PASS">
          <params>
            <param index="0">
              <value>
                <![CDATA[[TestResult name=TC_01_01_62_01_AudioPlayerTemplate1의_contentlyricslyricsInfoListtime_확인 status=SUCCESS method=AudioPlayer_Interface_02_AudioPlayer_Template1.TC_01_01_62_01_AudioPlayerTemplate1의_contentlyricslyricsInfoListtime_확인(java.lang.reflect.Method)[pri:0, instance:SDK_001_AudioPlayer_Interface.AudioPlayer_Interface_02_AudioPlayer_Template1@18317edc] output={null}]]]>
              </value>
            </param>
          </params>
          <reporter-output>
          </reporter-output>
        </test-method> <!-- AfterMethod -->
        <test-method signature="TC_01_01_62_02_AudioPlayerTemplate1의_contentlyricslyricsInfoListtime_확인(java.lang.reflect.Method)[pri:0, instance:SDK_001_AudioPlayer_Interface.AudioPlayer_Interface_02_AudioPlayer_Template1@18317edc]" started-at="2021-10-09T13:30:11 KST" name="TC_01_01_62_02_AudioPlayerTemplate1의_contentlyricslyricsInfoListtime_확인" description="SDK 리그레이션 TC : AudioPlayer_Interface_01-01-62" finished-at="2021-10-09T13:30:56 KST" duration-ms="45385" status="PASS">
          <params>
            <param index="0">
              <value>
                <![CDATA[public void SDK_001_AudioPlayer_Interface.AudioPlayer_Interface_02_AudioPlayer_Template1.TC_01_01_62_02_AudioPlayerTemplate1의_contentlyricslyricsInfoListtime_확인(java.lang.reflect.Method) throws java.lang.Exception]]>
              </value>
            </param>
          </params>
          <reporter-output>
          </reporter-output>
        </test-method> <!-- TC_01_01_62_02_AudioPlayerTemplate1의_contentlyricslyricsInfoListtime_확인 -->
        <test-method is-config="true" signature="BeforeMethod(java.lang.reflect.Method)[pri:0, instance:SDK_001_AudioPlayer_Interface.AudioPlayer_Interface_02_AudioPlayer_Template1@18317edc]" started-at="2021-10-09T13:30:11 KST" name="BeforeMethod" finished-at="2021-10-09T13:30:11 KST" duration-ms="0" status="PASS">
          <params>
            <param index="0">
              <value>
                <![CDATA[public void SDK_001_AudioPlayer_Interface.AudioPlayer_Interface_02_AudioPlayer_Template1.TC_01_01_62_02_AudioPlayerTemplate1의_contentlyricslyricsInfoListtime_확인(java.lang.reflect.Method) throws java.lang.Exception]]>
              </value>
            </param>
          </params>
          <reporter-output>
          </reporter-output>
        </test-method> <!-- BeforeMethod -->
        <test-method is-config="true" signature="AfterMethod(org.testng.ITestResult)[pri:0, instance:SDK_001_AudioPlayer_Interface.AudioPlayer_Interface_02_AudioPlayer_Template1@18317edc]" started-at="2021-10-09T13:30:56 KST" name="AfterMethod" finished-at="2021-10-09T13:30:56 KST" duration-ms="0" status="PASS">
          <params>
            <param index="0">
              <value>
                <![CDATA[[TestResult name=TC_01_01_62_02_AudioPlayerTemplate1의_contentlyricslyricsInfoListtime_확인 status=SUCCESS method=AudioPlayer_Interface_02_AudioPlayer_Template1.TC_01_01_62_02_AudioPlayerTemplate1의_contentlyricslyricsInfoListtime_확인(java.lang.reflect.Method)[pri:0, instance:SDK_001_AudioPlayer_Interface.AudioPlayer_Interface_02_AudioPlayer_Template1@18317edc] output={null}]]]>
              </value>
            </param>
          </params>
          <reporter-output>
          </reporter-output>
        </test-method> <!-- AfterMethod -->
        <test-method is-config="true" signature="BeforeMethod(java.lang.reflect.Method)[pri:0, instance:SDK_001_AudioPlayer_Interface.AudioPlayer_Interface_02_AudioPlayer_Template1@18317edc]" started-at="2021-10-09T13:30:56 KST" name="BeforeMethod" finished-at="2021-10-09T13:30:56 KST" duration-ms="0" status="PASS">
          <params>
            <param index="0">
              <value>
                <![CDATA[public void SDK_001_AudioPlayer_Interface.AudioPlayer_Interface_02_AudioPlayer_Template1.TC_01_01_63_AudioPlayerTemplate1의_contentlyricslyricsInfoListtext_확인(java.lang.reflect.Method) throws java.lang.Exception]]>
              </value>
            </param>
          </params>
          <reporter-output>
          </reporter-output>
        </test-method> <!-- BeforeMethod -->
        <test-method signature="TC_01_01_63_AudioPlayerTemplate1의_contentlyricslyricsInfoListtext_확인(java.lang.reflect.Method)[pri:0, instance:SDK_001_AudioPlayer_Interface.AudioPlayer_Interface_02_AudioPlayer_Template1@18317edc]" started-at="2021-10-09T13:30:56 KST" name="TC_01_01_63_AudioPlayerTemplate1의_contentlyricslyricsInfoListtext_확인" description="SDK 리그레이션 TC : AudioPlayer_Interface_01-01-63" finished-at="2021-10-09T13:31:10 KST" duration-ms="13643" status="PASS">
          <params>
            <param index="0">
              <value>
                <![CDATA[public void SDK_001_AudioPlayer_Interface.AudioPlayer_Interface_02_AudioPlayer_Template1.TC_01_01_63_AudioPlayerTemplate1의_contentlyricslyricsInfoListtext_확인(java.lang.reflect.Method) throws java.lang.Exception]]>
              </value>
            </param>
          </params>
          <reporter-output>
          </reporter-output>
        </test-method> <!-- TC_01_01_63_AudioPlayerTemplate1의_contentlyricslyricsInfoListtext_확인 -->
        <test-method is-config="true" signature="BeforeMethod(java.lang.reflect.Method)[pri:0, instance:SDK_001_AudioPlayer_Interface.AudioPlayer_Interface_02_AudioPlayer_Template1@18317edc]" started-at="2021-10-09T13:31:10 KST" name="BeforeMethod" finished-at="2021-10-09T13:31:10 KST" duration-ms="1" status="PASS">
          <params>
            <param index="0">
              <value>
                <![CDATA[public void SDK_001_AudioPlayer_Interface.AudioPlayer_Interface_02_AudioPlayer_Template1.TC_01_01_64_AudioPlayerTemplate1의_contentlyricslyricsInfoListshowButton_확인(java.lang.reflect.Method) throws java.lang.Exception]]>
              </value>
            </param>
          </params>
          <reporter-output>
          </reporter-output>
        </test-method> <!-- BeforeMethod -->
        <test-method is-config="true" signature="AfterMethod(org.testng.ITestResult)[pri:0, instance:SDK_001_AudioPlayer_Interface.AudioPlayer_Interface_02_AudioPlayer_Template1@18317edc]" started-at="2021-10-09T13:31:10 KST" name="AfterMethod" finished-at="2021-10-09T13:31:10 KST" duration-ms="0" status="PASS">
          <params>
            <param index="0">
              <value>
                <![CDATA[[TestResult name=TC_01_01_63_AudioPlayerTemplate1의_contentlyricslyricsInfoListtext_확인 status=SUCCESS method=AudioPlayer_Interface_02_AudioPlayer_Template1.TC_01_01_63_AudioPlayerTemplate1의_contentlyricslyricsInfoListtext_확인(java.lang.reflect.Method)[pri:0, instance:SDK_001_AudioPlayer_Interface.AudioPlayer_Interface_02_AudioPlayer_Template1@18317edc] output={null}]]]>
              </value>
            </param>
          </params>
          <reporter-output>
          </reporter-output>
        </test-method> <!-- AfterMethod -->
        <test-method signature="TC_01_01_64_AudioPlayerTemplate1의_contentlyricslyricsInfoListshowButton_확인(java.lang.reflect.Method)[pri:0, instance:SDK_001_AudioPlayer_Interface.AudioPlayer_Interface_02_AudioPlayer_Template1@18317edc]" started-at="2021-10-09T13:31:10 KST" name="TC_01_01_64_AudioPlayerTemplate1의_contentlyricslyricsInfoListshowButton_확인" description="SDK 리그레이션 TC : AudioPlayer_Interface_01-01-64" finished-at="2021-10-09T13:32:13 KST" duration-ms="63164" status="PASS">
          <params>
            <param index="0">
              <value>
                <![CDATA[public void SDK_001_AudioPlayer_Interface.AudioPlayer_Interface_02_AudioPlayer_Template1.TC_01_01_64_AudioPlayerTemplate1의_contentlyricslyricsInfoListshowButton_확인(java.lang.reflect.Method) throws java.lang.Exception]]>
              </value>
            </param>
          </params>
          <reporter-output>
          </reporter-output>
        </test-method> <!-- TC_01_01_64_AudioPlayerTemplate1의_contentlyricslyricsInfoListshowButton_확인 -->
        <test-method is-config="true" signature="AfterMethod(org.testng.ITestResult)[pri:0, instance:SDK_001_AudioPlayer_Interface.AudioPlayer_Interface_02_AudioPlayer_Template1@18317edc]" started-at="2021-10-09T13:32:13 KST" name="AfterMethod" finished-at="2021-10-09T13:32:13 KST" duration-ms="0" status="PASS">
          <params>
            <param index="0">
              <value>
                <![CDATA[[TestResult name=TC_01_01_64_AudioPlayerTemplate1의_contentlyricslyricsInfoListshowButton_확인 status=SUCCESS method=AudioPlayer_Interface_02_AudioPlayer_Template1.TC_01_01_64_AudioPlayerTemplate1의_contentlyricslyricsInfoListshowButton_확인(java.lang.reflect.Method)[pri:0, instance:SDK_001_AudioPlayer_Interface.AudioPlayer_Interface_02_AudioPlayer_Template1@18317edc] output={null}]]]>
              </value>
            </param>
          </params>
          <reporter-output>
          </reporter-output>
        </test-method> <!-- AfterMethod -->
        <test-method is-config="true" signature="BeforeMethod(java.lang.reflect.Method)[pri:0, instance:SDK_001_AudioPlayer_Interface.AudioPlayer_Interface_02_AudioPlayer_Template1@18317edc]" started-at="2021-10-09T13:32:13 KST" name="BeforeMethod" finished-at="2021-10-09T13:32:13 KST" duration-ms="0" status="PASS">
          <params>
            <param index="0">
              <value>
                <![CDATA[public void SDK_001_AudioPlayer_Interface.AudioPlayer_Interface_02_AudioPlayer_Template1.TC_01_01_65_좋아요미지원Play_AudioPlayerTemplate1의_settingsfavorite_확인(java.lang.reflect.Method) throws java.lang.Exception]]>
              </value>
            </param>
          </params>
          <reporter-output>
          </reporter-output>
        </test-method> <!-- BeforeMethod -->
        <test-method signature="TC_01_01_65_좋아요미지원Play_AudioPlayerTemplate1의_settingsfavorite_확인(java.lang.reflect.Method)[pri:0, instance:SDK_001_AudioPlayer_Interface.AudioPlayer_Interface_02_AudioPlayer_Template1@18317edc]" started-at="2021-10-09T13:32:13 KST" name="TC_01_01_65_좋아요미지원Play_AudioPlayerTemplate1의_settingsfavorite_확인" description="SDK 리그레이션 TC : AudioPlayer_Interface_01-01-65" finished-at="2021-10-09T13:33:08 KST" duration-ms="55209" status="PASS">
          <params>
            <param index="0">
              <value>
                <![CDATA[public void SDK_001_AudioPlayer_Interface.AudioPlayer_Interface_02_AudioPlayer_Template1.TC_01_01_65_좋아요미지원Play_AudioPlayerTemplate1의_settingsfavorite_확인(java.lang.reflect.Method) throws java.lang.Exception]]>
              </value>
            </param>
          </params>
          <reporter-output>
          </reporter-output>
        </test-method> <!-- TC_01_01_65_좋아요미지원Play_AudioPlayerTemplate1의_settingsfavorite_확인 -->
        <test-method is-config="true" signature="AfterMethod(org.testng.ITestResult)[pri:0, instance:SDK_001_AudioPlayer_Interface.AudioPlayer_Interface_02_AudioPlayer_Template1@18317edc]" started-at="2021-10-09T13:33:08 KST" name="AfterMethod" finished-at="2021-10-09T13:33:08 KST" duration-ms="3" status="PASS">
          <params>
            <param index="0">
              <value>
                <![CDATA[[TestResult name=TC_01_01_65_좋아요미지원Play_AudioPlayerTemplate1의_settingsfavorite_확인 status=SUCCESS method=AudioPlayer_Interface_02_AudioPlayer_Template1.TC_01_01_65_좋아요미지원Play_AudioPlayerTemplate1의_settingsfavorite_확인(java.lang.reflect.Method)[pri:0, instance:SDK_001_AudioPlayer_Interface.AudioPlayer_Interface_02_AudioPlayer_Template1@18317edc] output={null}]]]>
              </value>
            </param>
          </params>
          <reporter-output>
          </reporter-output>
        </test-method> <!-- AfterMethod -->
        <test-method is-config="true" signature="BeforeMethod(java.lang.reflect.Method)[pri:0, instance:SDK_001_AudioPlayer_Interface.AudioPlayer_Interface_02_AudioPlayer_Template1@18317edc]" started-at="2021-10-09T13:33:08 KST" name="BeforeMethod" finished-at="2021-10-09T13:33:08 KST" duration-ms="0" status="PASS">
          <params>
            <param index="0">
              <value>
                <![CDATA[public void SDK_001_AudioPlayer_Interface.AudioPlayer_Interface_02_AudioPlayer_Template1.TC_01_01_66_좋아요지원Play_AudioPlayerTemplate1의_settingsfavorite_확인(java.lang.reflect.Method) throws java.lang.Exception]]>
              </value>
            </param>
          </params>
          <reporter-output>
          </reporter-output>
        </test-method> <!-- BeforeMethod -->
        <test-method signature="TC_01_01_66_좋아요지원Play_AudioPlayerTemplate1의_settingsfavorite_확인(java.lang.reflect.Method)[pri:0, instance:SDK_001_AudioPlayer_Interface.AudioPlayer_Interface_02_AudioPlayer_Template1@18317edc]" started-at="2021-10-09T13:33:08 KST" name="TC_01_01_66_좋아요지원Play_AudioPlayerTemplate1의_settingsfavorite_확인" description="SDK 리그레이션 TC : AudioPlayer_Interface_01-01-66" finished-at="2021-10-09T13:35:05 KST" duration-ms="116558" status="PASS">
          <params>
            <param index="0">
              <value>
                <![CDATA[public void SDK_001_AudioPlayer_Interface.AudioPlayer_Interface_02_AudioPlayer_Template1.TC_01_01_66_좋아요지원Play_AudioPlayerTemplate1의_settingsfavorite_확인(java.lang.reflect.Method) throws java.lang.Exception]]>
              </value>
            </param>
          </params>
          <reporter-output>
          </reporter-output>
        </test-method> <!-- TC_01_01_66_좋아요지원Play_AudioPlayerTemplate1의_settingsfavorite_확인 -->
        <test-method is-config="true" signature="AfterMethod(org.testng.ITestResult)[pri:0, instance:SDK_001_AudioPlayer_Interface.AudioPlayer_Interface_02_AudioPlayer_Template1@18317edc]" started-at="2021-10-09T13:35:05 KST" name="AfterMethod" finished-at="2021-10-09T13:35:05 KST" duration-ms="1" status="PASS">
          <params>
            <param index="0">
              <value>
                <![CDATA[[TestResult name=TC_01_01_66_좋아요지원Play_AudioPlayerTemplate1의_settingsfavorite_확인 status=SUCCESS method=AudioPlayer_Interface_02_AudioPlayer_Template1.TC_01_01_66_좋아요지원Play_AudioPlayerTemplate1의_settingsfavorite_확인(java.lang.reflect.Method)[pri:0, instance:SDK_001_AudioPlayer_Interface.AudioPlayer_Interface_02_AudioPlayer_Template1@18317edc] output={null}]]]>
              </value>
            </param>
          </params>
          <reporter-output>
          </reporter-output>
        </test-method> <!-- AfterMethod -->
        <test-method signature="TC_01_01_67_Play_AudioPlayerTemplate1의_settingsfavorite_변동값확인(java.lang.reflect.Method)[pri:0, instance:SDK_001_AudioPlayer_Interface.AudioPlayer_Interface_02_AudioPlayer_Template1@18317edc]" started-at="2021-10-09T13:35:05 KST" name="TC_01_01_67_Play_AudioPlayerTemplate1의_settingsfavorite_변동값확인" description="SDK 리그레이션 TC : AudioPlayer_Interface_01-01-67" finished-at="2021-10-09T13:36:16 KST" duration-ms="70625" status="FAIL">
          <params>
            <param index="0">
              <value>
                <![CDATA[public void SDK_001_AudioPlayer_Interface.AudioPlayer_Interface_02_AudioPlayer_Template1.TC_01_01_67_Play_AudioPlayerTemplate1의_settingsfavorite_변동값확인(java.lang.reflect.Method) throws java.lang.Exception]]>
              </value>
            </param>
          </params>
          <exception class="junit.framework.AssertionFailedError">
            <full-stacktrace>
              <![CDATA[junit.framework.AssertionFailedError
at junit.framework.Assert.fail(Assert.java:47)
at junit.framework.Assert.assertTrue(Assert.java:20)
at junit.framework.Assert.assertTrue(Assert.java:27)
at SDK_001_AudioPlayer_Interface.AudioPlayer_Interface_02_AudioPlayer_Template1.TC_01_01_67_Play_AudioPlayerTemplate1의_settingsfavorite_변동값확인(AudioPlayer_Interface_02_AudioPlayer_Template1.java:668)
at java.base/jdk.internal.reflect.NativeMethodAccessorImpl.invoke0(Native Method)
at java.base/jdk.internal.reflect.NativeMethodAccessorImpl.invoke(NativeMethodAccessorImpl.java:64)
at java.base/jdk.internal.reflect.DelegatingMethodAccessorImpl.invoke(DelegatingMethodAccessorImpl.java:43)
at java.base/java.lang.reflect.Method.invoke(Method.java:564)
at org.testng.internal.MethodInvocationHelper.invokeMethod(MethodInvocationHelper.java:133)
at org.testng.internal.TestInvoker.invokeMethod(TestInvoker.java:598)
at org.testng.internal.TestInvoker.invokeTestMethod(TestInvoker.java:173)
at org.testng.internal.MethodRunner.runInSequence(MethodRunner.java:46)
at org.testng.internal.TestInvoker$MethodInvocationAgent.invoke(TestInvoker.java:824)
at org.testng.internal.TestInvoker.invokeTestMethods(TestInvoker.java:146)
at org.testng.internal.TestMethodWorker.invokeTestMethods(TestMethodWorker.java:146)
at org.testng.internal.TestMethodWorker.run(TestMethodWorker.java:128)
at java.base/java.util.ArrayList.forEach(ArrayList.java:1511)
at org.testng.TestRunner.privateRun(TestRunner.java:794)
at org.testng.TestRunner.run(TestRunner.java:596)
at org.testng.SuiteRunner.runTest(SuiteRunner.java:377)
at org.testng.SuiteRunner.access$000(SuiteRunner.java:28)
at org.testng.SuiteRunner$SuiteWorker.run(SuiteRunner.java:418)
at org.testng.internal.thread.ThreadUtil.lambda$execute$0(ThreadUtil.java:64)
at java.base/java.util.concurrent.FutureTask.run(FutureTask.java:264)
at java.base/java.util.concurrent.ThreadPoolExecutor.runWorker(ThreadPoolExecutor.java:1130)
at java.base/java.util.concurrent.ThreadPoolExecutor$Worker.run(ThreadPoolExecutor.java:630)
at java.base/java.lang.Thread.run(Thread.java:832)
]]>
            </full-stacktrace>
          </exception> <!-- junit.framework.AssertionFailedError -->
          <reporter-output>
          </reporter-output>
        </test-method> <!-- TC_01_01_67_Play_AudioPlayerTemplate1의_settingsfavorite_변동값확인 -->
        <test-method is-config="true" signature="BeforeMethod(java.lang.reflect.Method)[pri:0, instance:SDK_001_AudioPlayer_Interface.AudioPlayer_Interface_02_AudioPlayer_Template1@18317edc]" started-at="2021-10-09T13:35:05 KST" name="BeforeMethod" finished-at="2021-10-09T13:35:05 KST" duration-ms="0" status="PASS">
          <params>
            <param index="0">
              <value>
                <![CDATA[public void SDK_001_AudioPlayer_Interface.AudioPlayer_Interface_02_AudioPlayer_Template1.TC_01_01_67_Play_AudioPlayerTemplate1의_settingsfavorite_변동값확인(java.lang.reflect.Method) throws java.lang.Exception]]>
              </value>
            </param>
          </params>
          <reporter-output>
          </reporter-output>
        </test-method> <!-- BeforeMethod -->
        <test-method is-config="true" signature="AfterMethod(org.testng.ITestResult)[pri:0, instance:SDK_001_AudioPlayer_Interface.AudioPlayer_Interface_02_AudioPlayer_Template1@18317edc]" started-at="2021-10-09T13:36:16 KST" name="AfterMethod" finished-at="2021-10-09T13:36:16 KST" duration-ms="739" status="PASS">
          <params>
            <param index="0">
              <value>
                <![CDATA[[TestResult name=TC_01_01_67_Play_AudioPlayerTemplate1의_settingsfavorite_변동값확인 status=FAILURE method=AudioPlayer_Interface_02_AudioPlayer_Template1.TC_01_01_67_Play_AudioPlayerTemplate1의_settingsfavorite_변동값확인(java.lang.reflect.Method)[pri:0, instance:SDK_001_AudioPlayer_Interface.AudioPlayer_Interface_02_AudioPlayer_Template1@18317edc] output={null}]]]>
              </value>
            </param>
          </params>
          <reporter-output>
          </reporter-output>
        </test-method> <!-- AfterMethod -->
        <test-method is-config="true" signature="BeforeMethod(java.lang.reflect.Method)[pri:0, instance:SDK_001_AudioPlayer_Interface.AudioPlayer_Interface_02_AudioPlayer_Template1@18317edc]" started-at="2021-10-09T13:36:16 KST" name="BeforeMethod" finished-at="2021-10-09T13:36:16 KST" duration-ms="1" status="PASS">
          <params>
            <param index="0">
              <value>
                <![CDATA[public void SDK_001_AudioPlayer_Interface.AudioPlayer_Interface_02_AudioPlayer_Template1.TC_01_01_68_Play_AudioPlayerTemplate1의_settingsrepeat_변동값확인(java.lang.reflect.Method) throws java.lang.Exception]]>
              </value>
            </param>
          </params>
          <reporter-output>
          </reporter-output>
        </test-method> <!-- BeforeMethod -->
        <test-method signature="TC_01_01_68_Play_AudioPlayerTemplate1의_settingsrepeat_변동값확인(java.lang.reflect.Method)[pri:0, instance:SDK_001_AudioPlayer_Interface.AudioPlayer_Interface_02_AudioPlayer_Template1@18317edc]" started-at="2021-10-09T13:36:16 KST" name="TC_01_01_68_Play_AudioPlayerTemplate1의_settingsrepeat_변동값확인" description="SDK 리그레이션 TC : AudioPlayer_Interface_01-01-68" finished-at="2021-10-09T13:37:17 KST" duration-ms="60449" status="PASS">
          <params>
            <param index="0">
              <value>
                <![CDATA[public void SDK_001_AudioPlayer_Interface.AudioPlayer_Interface_02_AudioPlayer_Template1.TC_01_01_68_Play_AudioPlayerTemplate1의_settingsrepeat_변동값확인(java.lang.reflect.Method) throws java.lang.Exception]]>
              </value>
            </param>
          </params>
          <reporter-output>
          </reporter-output>
        </test-method> <!-- TC_01_01_68_Play_AudioPlayerTemplate1의_settingsrepeat_변동값확인 -->
        <test-method is-config="true" signature="AfterMethod(org.testng.ITestResult)[pri:0, instance:SDK_001_AudioPlayer_Interface.AudioPlayer_Interface_02_AudioPlayer_Template1@18317edc]" started-at="2021-10-09T13:37:17 KST" name="AfterMethod" finished-at="2021-10-09T13:37:17 KST" duration-ms="1" status="PASS">
          <params>
            <param index="0">
              <value>
                <![CDATA[[TestResult name=TC_01_01_68_Play_AudioPlayerTemplate1의_settingsrepeat_변동값확인 status=SUCCESS method=AudioPlayer_Interface_02_AudioPlayer_Template1.TC_01_01_68_Play_AudioPlayerTemplate1의_settingsrepeat_변동값확인(java.lang.reflect.Method)[pri:0, instance:SDK_001_AudioPlayer_Interface.AudioPlayer_Interface_02_AudioPlayer_Template1@18317edc] output={null}]]]>
              </value>
            </param>
          </params>
          <reporter-output>
          </reporter-output>
        </test-method> <!-- AfterMethod -->
        <test-method signature="TC_01_01_69_Play_AudioPlayerTemplate1의_settingsshuffle_변동값확인(java.lang.reflect.Method)[pri:0, instance:SDK_001_AudioPlayer_Interface.AudioPlayer_Interface_02_AudioPlayer_Template1@18317edc]" started-at="2021-10-09T13:37:17 KST" name="TC_01_01_69_Play_AudioPlayerTemplate1의_settingsshuffle_변동값확인" description="SDK 리그레이션 TC : AudioPlayer_Interface_01-01-68" finished-at="2021-10-09T13:38:32 KST" duration-ms="75404" status="PASS">
          <params>
            <param index="0">
              <value>
                <![CDATA[public void SDK_001_AudioPlayer_Interface.AudioPlayer_Interface_02_AudioPlayer_Template1.TC_01_01_69_Play_AudioPlayerTemplate1의_settingsshuffle_변동값확인(java.lang.reflect.Method) throws java.lang.Exception]]>
              </value>
            </param>
          </params>
          <reporter-output>
          </reporter-output>
        </test-method> <!-- TC_01_01_69_Play_AudioPlayerTemplate1의_settingsshuffle_변동값확인 -->
        <test-method is-config="true" signature="BeforeMethod(java.lang.reflect.Method)[pri:0, instance:SDK_001_AudioPlayer_Interface.AudioPlayer_Interface_02_AudioPlayer_Template1@18317edc]" started-at="2021-10-09T13:37:17 KST" name="BeforeMethod" finished-at="2021-10-09T13:37:17 KST" duration-ms="0" status="PASS">
          <params>
            <param index="0">
              <value>
                <![CDATA[public void SDK_001_AudioPlayer_Interface.AudioPlayer_Interface_02_AudioPlayer_Template1.TC_01_01_69_Play_AudioPlayerTemplate1의_settingsshuffle_변동값확인(java.lang.reflect.Method) throws java.lang.Exception]]>
              </value>
            </param>
          </params>
          <reporter-output>
          </reporter-output>
        </test-method> <!-- BeforeMethod -->
        <test-method is-config="true" signature="AfterMethod(org.testng.ITestResult)[pri:0, instance:SDK_001_AudioPlayer_Interface.AudioPlayer_Interface_02_AudioPlayer_Template1@18317edc]" started-at="2021-10-09T13:38:32 KST" name="AfterMethod" finished-at="2021-10-09T13:38:32 KST" duration-ms="0" status="PASS">
          <params>
            <param index="0">
              <value>
                <![CDATA[[TestResult name=TC_01_01_69_Play_AudioPlayerTemplate1의_settingsshuffle_변동값확인 status=SUCCESS method=AudioPlayer_Interface_02_AudioPlayer_Template1.TC_01_01_69_Play_AudioPlayerTemplate1의_settingsshuffle_변동값확인(java.lang.reflect.Method)[pri:0, instance:SDK_001_AudioPlayer_Interface.AudioPlayer_Interface_02_AudioPlayer_Template1@18317edc] output={null}]]]>
              </value>
            </param>
          </params>
          <reporter-output>
          </reporter-output>
        </test-method> <!-- AfterMethod -->
        <test-method is-config="true" signature="tearDownClass(java.lang.String,java.lang.String,java.lang.String,java.lang.String,java.lang.String,java.lang.String)[pri:0, instance:SDK_001_AudioPlayer_Interface.AudioPlayer_Interface_02_AudioPlayer_Template1@18317edc]" started-at="2021-10-09T13:38:32 KST" name="tearDownClass" finished-at="2021-10-09T13:38:34 KST" duration-ms="1684" status="PASS">
          <params>
            <param index="0">
              <value>
                <![CDATA[PRD]]>
              </value>
            </param>
            <param index="1">
              <value>
                <![CDATA[SDK]]>
              </value>
            </param>
            <param index="2">
              <value>
                <![CDATA[out]]>
              </value>
            </param>
            <param index="3">
              <value>
                <![CDATA[R33M4000CY]]>
              </value>
            </param>
            <param index="4">
              <value>
                <![CDATA[ALDF3NYA6C0D0C654DD2]]>
              </value>
            </param>
            <param index="5">
              <value>
                <![CDATA[ALDFR7K5QIZLF9F3FBA3]]>
              </value>
            </param>
          </params>
          <reporter-output>
          </reporter-output>
        </test-method> <!-- tearDownClass -->
      </class> <!-- SDK_001_AudioPlayer_Interface.AudioPlayer_Interface_02_AudioPlayer_Template1 -->
      <class name="SDK_001_AudioPlayer_Interface.AudioPlayer_Interface_01_공통">
        <test-method is-config="true" signature="setupClass(java.lang.String,java.lang.String,java.lang.String,java.lang.String,java.lang.String,java.lang.String,java.lang.String,java.lang.String,java.lang.String)[pri:0, instance:SDK_001_AudioPlayer_Interface.AudioPlayer_Interface_01_공통@2eea88a1]" started-at="2021-10-09T12:38:23 KST" name="setupClass" finished-at="2021-10-09T12:38:37 KST" duration-ms="13960" status="PASS">
          <params>
            <param index="0">
              <value>
                <![CDATA[Android]]>
              </value>
            </param>
            <param index="1">
              <value>
                <![CDATA[SDK]]>
              </value>
            </param>
            <param index="2">
              <value>
                <![CDATA[http://0.0.0.0:4723/wd/hub]]>
              </value>
            </param>
            <param index="3">
              <value>
                <![CDATA[PRD]]>
              </value>
            </param>
            <param index="4">
              <value>
                <![CDATA[SDK]]>
              </value>
            </param>
            <param index="5">
              <value>
                <![CDATA[out]]>
              </value>
            </param>
            <param index="6">
              <value>
                <![CDATA[R33M4000CY]]>
              </value>
            </param>
            <param index="7">
              <value>
                <![CDATA[ALDF3NYA6C0D0C654DD2]]>
              </value>
            </param>
            <param index="8">
              <value>
                <![CDATA[ALDFR7K5QIZLF9F3FBA3]]>
              </value>
            </param>
          </params>
          <reporter-output>
          </reporter-output>
        </test-method> <!-- setupClass -->
        <test-method is-config="true" signature="BeforeMethod(java.lang.reflect.Method)[pri:0, instance:SDK_001_AudioPlayer_Interface.AudioPlayer_Interface_01_공통@2eea88a1]" started-at="2021-10-09T12:38:37 KST" name="BeforeMethod" finished-at="2021-10-09T12:38:37 KST" duration-ms="8" status="PASS">
          <params>
            <param index="0">
              <value>
                <![CDATA[public void SDK_001_AudioPlayer_Interface.AudioPlayer_Interface_01_공통.TC_00_00_00_SampleApp_Start(java.lang.reflect.Method) throws java.lang.Exception]]>
              </value>
            </param>
          </params>
          <reporter-output>
          </reporter-output>
        </test-method> <!-- BeforeMethod -->
        <test-method signature="TC_00_00_00_SampleApp_Start(java.lang.reflect.Method)[pri:0, instance:SDK_001_AudioPlayer_Interface.AudioPlayer_Interface_01_공통@2eea88a1]" started-at="2021-10-09T12:38:37 KST" name="TC_00_00_00_SampleApp_Start" finished-at="2021-10-09T12:39:14 KST" duration-ms="36277" status="PASS">
          <params>
            <param index="0">
              <value>
                <![CDATA[public void SDK_001_AudioPlayer_Interface.AudioPlayer_Interface_01_공통.TC_00_00_00_SampleApp_Start(java.lang.reflect.Method) throws java.lang.Exception]]>
              </value>
            </param>
          </params>
          <reporter-output>
          </reporter-output>
        </test-method> <!-- TC_00_00_00_SampleApp_Start -->
        <test-method is-config="true" signature="AfterMethod(org.testng.ITestResult)[pri:0, instance:SDK_001_AudioPlayer_Interface.AudioPlayer_Interface_01_공통@2eea88a1]" started-at="2021-10-09T12:39:14 KST" name="AfterMethod" finished-at="2021-10-09T12:39:14 KST" duration-ms="1" status="PASS">
          <params>
            <param index="0">
              <value>
                <![CDATA[[TestResult name=TC_00_00_00_SampleApp_Start status=SUCCESS method=AudioPlayer_Interface_01_공통.TC_00_00_00_SampleApp_Start(java.lang.reflect.Method)[pri:0, instance:SDK_001_AudioPlayer_Interface.AudioPlayer_Interface_01_공통@2eea88a1] output={null}]]]>
              </value>
            </param>
          </params>
          <reporter-output>
          </reporter-output>
        </test-method> <!-- AfterMethod -->
        <test-method is-config="true" signature="BeforeMethod(java.lang.reflect.Method)[pri:0, instance:SDK_001_AudioPlayer_Interface.AudioPlayer_Interface_01_공통@2eea88a1]" started-at="2021-10-09T12:39:14 KST" name="BeforeMethod" finished-at="2021-10-09T12:39:14 KST" duration-ms="1" status="PASS">
          <params>
            <param index="0">
              <value>
                <![CDATA[public void SDK_001_AudioPlayer_Interface.AudioPlayer_Interface_01_공통.TC_01_01_01_AudioState_IDLE에서_PLAYING_전환확인(java.lang.reflect.Method) throws java.lang.Exception]]>
              </value>
            </param>
          </params>
          <reporter-output>
          </reporter-output>
        </test-method> <!-- BeforeMethod -->
        <test-method signature="TC_01_01_01_AudioState_IDLE에서_PLAYING_전환확인(java.lang.reflect.Method)[pri:0, instance:SDK_001_AudioPlayer_Interface.AudioPlayer_Interface_01_공통@2eea88a1]" started-at="2021-10-09T12:39:14 KST" name="TC_01_01_01_AudioState_IDLE에서_PLAYING_전환확인" description="SDK 리그레이션 TC : AudioPlayer_Interface_01-01-01" finished-at="2021-10-09T12:39:37 KST" duration-ms="23097" status="PASS">
          <params>
            <param index="0">
              <value>
                <![CDATA[public void SDK_001_AudioPlayer_Interface.AudioPlayer_Interface_01_공통.TC_01_01_01_AudioState_IDLE에서_PLAYING_전환확인(java.lang.reflect.Method) throws java.lang.Exception]]>
              </value>
            </param>
          </params>
          <reporter-output>
          </reporter-output>
        </test-method> <!-- TC_01_01_01_AudioState_IDLE에서_PLAYING_전환확인 -->
        <test-method is-config="true" signature="BeforeMethod(java.lang.reflect.Method)[pri:0, instance:SDK_001_AudioPlayer_Interface.AudioPlayer_Interface_01_공통@2eea88a1]" started-at="2021-10-09T12:39:37 KST" name="BeforeMethod" finished-at="2021-10-09T12:39:37 KST" duration-ms="1" status="PASS">
          <params>
            <param index="0">
              <value>
                <![CDATA[public void SDK_001_AudioPlayer_Interface.AudioPlayer_Interface_01_공통.TC_01_01_02_AudioState_PLAYING에서_PAUSED_전환확인(java.lang.reflect.Method) throws java.lang.Exception]]>
              </value>
            </param>
          </params>
          <reporter-output>
          </reporter-output>
        </test-method> <!-- BeforeMethod -->
        <test-method is-config="true" signature="AfterMethod(org.testng.ITestResult)[pri:0, instance:SDK_001_AudioPlayer_Interface.AudioPlayer_Interface_01_공통@2eea88a1]" started-at="2021-10-09T12:39:37 KST" name="AfterMethod" finished-at="2021-10-09T12:39:37 KST" duration-ms="0" status="PASS">
          <params>
            <param index="0">
              <value>
                <![CDATA[[TestResult name=TC_01_01_01_AudioState_IDLE에서_PLAYING_전환확인 status=SUCCESS method=AudioPlayer_Interface_01_공통.TC_01_01_01_AudioState_IDLE에서_PLAYING_전환확인(java.lang.reflect.Method)[pri:0, instance:SDK_001_AudioPlayer_Interface.AudioPlayer_Interface_01_공통@2eea88a1] output={null}]]]>
              </value>
            </param>
          </params>
          <reporter-output>
          </reporter-output>
        </test-method> <!-- AfterMethod -->
        <test-method signature="TC_01_01_02_AudioState_PLAYING에서_PAUSED_전환확인(java.lang.reflect.Method)[pri:0, instance:SDK_001_AudioPlayer_Interface.AudioPlayer_Interface_01_공통@2eea88a1]" started-at="2021-10-09T12:39:37 KST" name="TC_01_01_02_AudioState_PLAYING에서_PAUSED_전환확인" description="SDK 리그레이션 TC : AudioPlayer_Interface_01-01-02" finished-at="2021-10-09T12:40:00 KST" duration-ms="23400" status="PASS">
          <params>
            <param index="0">
              <value>
                <![CDATA[public void SDK_001_AudioPlayer_Interface.AudioPlayer_Interface_01_공통.TC_01_01_02_AudioState_PLAYING에서_PAUSED_전환확인(java.lang.reflect.Method) throws java.lang.Exception]]>
              </value>
            </param>
          </params>
          <reporter-output>
          </reporter-output>
        </test-method> <!-- TC_01_01_02_AudioState_PLAYING에서_PAUSED_전환확인 -->
[...]
              <value>
                <![CDATA[[TestResult name=TC_01_01_40_Playing상태_PreviousCommandIssued_event_전송확인 status=SUCCESS method=AudioPlayer_Interface_01_공통.TC_01_01_40_Playing상태_PreviousCommandIssued_event_전송확인(java.lang.reflect.Method)[pri:0, instance:SDK_001_AudioPlayer_Interface.AudioPlayer_Interface_01_공통@2eea88a1] output={null}]]]>
              </value>
            </param>
          </params>
          <reporter-output>
          </reporter-output>
        </test-method> <!-- AfterMethod -->
        <test-method is-config="true" signature="BeforeMethod(java.lang.reflect.Method)[pri:0, instance:SDK_001_AudioPlayer_Interface.AudioPlayer_Interface_01_공통@2eea88a1]" started-at="2021-10-09T13:16:26 KST" name="BeforeMethod" finished-at="2021-10-09T13:16:26 KST" duration-ms="0" status="PASS">
          <params>
            <param index="0">
              <value>
                <![CDATA[public void SDK_001_AudioPlayer_Interface.AudioPlayer_Interface_01_공통.TC_01_01_41_Pause상태_PreviousCommandIssued_event_전송확인(java.lang.reflect.Method) throws java.lang.Exception]]>
              </value>
            </param>
          </params>
          <reporter-output>
          </reporter-output>
        </test-method> <!-- BeforeMethod -->
        <test-method signature="TC_01_01_41_Pause상태_PreviousCommandIssued_event_전송확인(java.lang.reflect.Method)[pri:0, instance:SDK_001_AudioPlayer_Interface.AudioPlayer_Interface_01_공통@2eea88a1]" started-at="2021-10-09T13:16:26 KST" name="TC_01_01_41_Pause상태_PreviousCommandIssued_event_전송확인" description="SDK 리그레이션 TC : AudioPlayer_Interface_01-01-41" finished-at="2021-10-09T13:17:17 KST" duration-ms="51399" status="PASS">
          <params>
            <param index="0">
              <value>
                <![CDATA[public void SDK_001_AudioPlayer_Interface.AudioPlayer_Interface_01_공통.TC_01_01_41_Pause상태_PreviousCommandIssued_event_전송확인(java.lang.reflect.Method) throws java.lang.Exception]]>
              </value>
            </param>
          </params>
          <reporter-output>
          </reporter-output>
        </test-method> <!-- TC_01_01_41_Pause상태_PreviousCommandIssued_event_전송확인 -->
        <test-method is-config="true" signature="BeforeMethod(java.lang.reflect.Method)[pri:0, instance:SDK_001_AudioPlayer_Interface.AudioPlayer_Interface_01_공통@2eea88a1]" started-at="2021-10-09T13:17:17 KST" name="BeforeMethod" finished-at="2021-10-09T13:17:17 KST" duration-ms="1" status="PASS">
          <params>
            <param index="0">
              <value>
                <![CDATA[public void SDK_001_AudioPlayer_Interface.AudioPlayer_Interface_01_공통.TC_01_01_42_01_좋아요_즐겨찾기버튼클릭_FavoriteCommandIssued_event확인(java.lang.reflect.Method) throws java.lang.Exception]]>
              </value>
            </param>
          </params>
          <reporter-output>
          </reporter-output>
        </test-method> <!-- BeforeMethod -->
        <test-method is-config="true" signature="AfterMethod(org.testng.ITestResult)[pri:0, instance:SDK_001_AudioPlayer_Interface.AudioPlayer_Interface_01_공통@2eea88a1]" started-at="2021-10-09T13:17:17 KST" name="AfterMethod" finished-at="2021-10-09T13:17:17 KST" duration-ms="0" status="PASS">
          <params>
            <param index="0">
              <value>
                <![CDATA[[TestResult name=TC_01_01_41_Pause상태_PreviousCommandIssued_event_전송확인 status=SUCCESS method=AudioPlayer_Interface_01_공통.TC_01_01_41_Pause상태_PreviousCommandIssued_event_전송확인(java.lang.reflect.Method)[pri:0, instance:SDK_001_AudioPlayer_Interface.AudioPlayer_Interface_01_공통@2eea88a1] output={null}]]]>
              </value>
            </param>
          </params>
          <reporter-output>
          </reporter-output>
        </test-method> <!-- AfterMethod -->
        <test-method signature="TC_01_01_42_01_좋아요_즐겨찾기버튼클릭_FavoriteCommandIssued_event확인(java.lang.reflect.Method)[pri:0, instance:SDK_001_AudioPlayer_Interface.AudioPlayer_Interface_01_공통@2eea88a1]" started-at="2021-10-09T13:17:17 KST" name="TC_01_01_42_01_좋아요_즐겨찾기버튼클릭_FavoriteCommandIssued_event확인" description="SDK 리그레이션 TC : AudioPlayer_Interface_01-01-42" finished-at="2021-10-09T13:17:56 KST" duration-ms="38864" status="PASS">
          <params>
            <param index="0">
              <value>
                <![CDATA[public void SDK_001_AudioPlayer_Interface.AudioPlayer_Interface_01_공통.TC_01_01_42_01_좋아요_즐겨찾기버튼클릭_FavoriteCommandIssued_event확인(java.lang.reflect.Method) throws java.lang.Exception]]>
              </value>
            </param>
          </params>
          <reporter-output>
          </reporter-output>
        </test-method> <!-- TC_01_01_42_01_좋아요_즐겨찾기버튼클릭_FavoriteCommandIssued_event확인 -->
        <test-method is-config="true" signature="AfterMethod(org.testng.ITestResult)[pri:0, instance:SDK_001_AudioPlayer_Interface.AudioPlayer_Interface_01_공통@2eea88a1]" started-at="2021-10-09T13:17:56 KST" name="AfterMethod" finished-at="2021-10-09T13:17:56 KST" duration-ms="0" status="PASS">
          <params>
            <param index="0">
              <value>
                <![CDATA[[TestResult name=TC_01_01_42_01_좋아요_즐겨찾기버튼클릭_FavoriteCommandIssued_event확인 status=SUCCESS method=AudioPlayer_Interface_01_공통.TC_01_01_42_01_좋아요_즐겨찾기버튼클릭_FavoriteCommandIssued_event확인(java.lang.reflect.Method)[pri:0, instance:SDK_001_AudioPlayer_Interface.AudioPlayer_Interface_01_공통@2eea88a1] output={null}]]]>
              </value>
            </param>
          </params>
          <reporter-output>
          </reporter-output>
        </test-method> <!-- AfterMethod -->
        <test-method is-config="true" signature="BeforeMethod(java.lang.reflect.Method)[pri:0, instance:SDK_001_AudioPlayer_Interface.AudioPlayer_Interface_01_공통@2eea88a1]" started-at="2021-10-09T13:17:56 KST" name="BeforeMethod" finished-at="2021-10-09T13:17:56 KST" duration-ms="0" status="PASS">
          <params>
            <param index="0">
              <value>
                <![CDATA[public void SDK_001_AudioPlayer_Interface.AudioPlayer_Interface_01_공통.TC_01_01_42_02_좋아요_즐겨찾기버튼클릭_FavoriteCommandIssued_event확인(java.lang.reflect.Method) throws java.lang.Exception]]>
              </value>
            </param>
          </params>
          <reporter-output>
          </reporter-output>
        </test-method> <!-- BeforeMethod -->
        <test-method signature="TC_01_01_42_02_좋아요_즐겨찾기버튼클릭_FavoriteCommandIssued_event확인(java.lang.reflect.Method)[pri:0, instance:SDK_001_AudioPlayer_Interface.AudioPlayer_Interface_01_공통@2eea88a1]" started-at="2021-10-09T13:17:56 KST" name="TC_01_01_42_02_좋아요_즐겨찾기버튼클릭_FavoriteCommandIssued_event확인" description="SDK 리그레이션 TC : AudioPlayer_Interface_01-01-42" finished-at="2021-10-09T13:18:20 KST" duration-ms="24109" status="PASS">
          <params>
            <param index="0">
              <value>
                <![CDATA[public void SDK_001_AudioPlayer_Interface.AudioPlayer_Interface_01_공통.TC_01_01_42_02_좋아요_즐겨찾기버튼클릭_FavoriteCommandIssued_event확인(java.lang.reflect.Method) throws java.lang.Exception]]>
              </value>
            </param>
          </params>
          <reporter-output>
          </reporter-output>
        </test-method> <!-- TC_01_01_42_02_좋아요_즐겨찾기버튼클릭_FavoriteCommandIssued_event확인 -->
        <test-method is-config="true" signature="AfterMethod(org.testng.ITestResult)[pri:0, instance:SDK_001_AudioPlayer_Interface.AudioPlayer_Interface_01_공통@2eea88a1]" started-at="2021-10-09T13:18:20 KST" name="AfterMethod" finished-at="2021-10-09T13:18:20 KST" duration-ms="1" status="PASS">
          <params>
            <param index="0">
              <value>
                <![CDATA[[TestResult name=TC_01_01_42_02_좋아요_즐겨찾기버튼클릭_FavoriteCommandIssued_event확인 status=SUCCESS method=AudioPlayer_Interface_01_공통.TC_01_01_42_02_좋아요_즐겨찾기버튼클릭_FavoriteCommandIssued_event확인(java.lang.reflect.Method)[pri:0, instance:SDK_001_AudioPlayer_Interface.AudioPlayer_Interface_01_공통@2eea88a1] output={null}]]]>
              </value>
            </param>
          </params>
          <reporter-output>
          </reporter-output>
        </test-method> <!-- AfterMethod -->
        <test-method is-config="true" signature="BeforeMethod(java.lang.reflect.Method)[pri:0, instance:SDK_001_AudioPlayer_Interface.AudioPlayer_Interface_01_공통@2eea88a1]" started-at="2021-10-09T13:18:20 KST" name="BeforeMethod" finished-at="2021-10-09T13:18:20 KST" duration-ms="0" status="PASS">
          <params>
            <param index="0">
              <value>
                <![CDATA[public void SDK_001_AudioPlayer_Interface.AudioPlayer_Interface_01_공통.TC_01_01_43_01_Playing상태_반복아이콘클릭시_RepeatCommandIssued_event확인(java.lang.reflect.Method) throws java.lang.Exception]]>
              </value>
            </param>
          </params>
          <reporter-output>
          </reporter-output>
        </test-method> <!-- BeforeMethod -->
        <test-method signature="TC_01_01_43_01_Playing상태_반복아이콘클릭시_RepeatCommandIssued_event확인(java.lang.reflect.Method)[pri:0, instance:SDK_001_AudioPlayer_Interface.AudioPlayer_Interface_01_공통@2eea88a1]" started-at="2021-10-09T13:18:20 KST" name="TC_01_01_43_01_Playing상태_반복아이콘클릭시_RepeatCommandIssued_event확인" description="SDK 리그레이션 TC : AudioPlayer_Interface_01-01-43" finished-at="2021-10-09T13:19:38 KST" duration-ms="77383" status="PASS">
          <params>
            <param index="0">
              <value>
                <![CDATA[public void SDK_001_AudioPlayer_Interface.AudioPlayer_Interface_01_공통.TC_01_01_43_01_Playing상태_반복아이콘클릭시_RepeatCommandIssued_event확인(java.lang.reflect.Method) throws java.lang.Exception]]>
              </value>
            </param>
          </params>
          <reporter-output>
          </reporter-output>
        </test-method> <!-- TC_01_01_43_01_Playing상태_반복아이콘클릭시_RepeatCommandIssued_event확인 -->
        <test-method is-config="true" signature="AfterMethod(org.testng.ITestResult)[pri:0, instance:SDK_001_AudioPlayer_Interface.AudioPlayer_Interface_01_공통@2eea88a1]" started-at="2021-10-09T13:19:38 KST" name="AfterMethod" finished-at="2021-10-09T13:19:38 KST" duration-ms="2" status="PASS">
          <params>
            <param index="0">
              <value>
                <![CDATA[[TestResult name=TC_01_01_43_01_Playing상태_반복아이콘클릭시_RepeatCommandIssued_event확인 status=SUCCESS method=AudioPlayer_Interface_01_공통.TC_01_01_43_01_Playing상태_반복아이콘클릭시_RepeatCommandIssued_event확인(java.lang.reflect.Method)[pri:0, instance:SDK_001_AudioPlayer_Interface.AudioPlayer_Interface_01_공통@2eea88a1] output={null}]]]>
              </value>
            </param>
          </params>
          <reporter-output>
          </reporter-output>
        </test-method> <!-- AfterMethod -->
        <test-method is-config="true" signature="BeforeMethod(java.lang.reflect.Method)[pri:0, instance:SDK_001_AudioPlayer_Interface.AudioPlayer_Interface_01_공통@2eea88a1]" started-at="2021-10-09T13:19:38 KST" name="BeforeMethod" finished-at="2021-10-09T13:19:38 KST" duration-ms="0" status="PASS">
          <params>
            <param index="0">
              <value>
                <![CDATA[public void SDK_001_AudioPlayer_Interface.AudioPlayer_Interface_01_공통.TC_01_01_43_02_Pause상태_반복아이콘클릭시_RepeatCommandIssued_event확인(java.lang.reflect.Method) throws java.lang.Exception]]>
              </value>
            </param>
          </params>
          <reporter-output>
          </reporter-output>
        </test-method> <!-- BeforeMethod -->
        <test-method signature="TC_01_01_43_02_Pause상태_반복아이콘클릭시_RepeatCommandIssued_event확인(java.lang.reflect.Method)[pri:0, instance:SDK_001_AudioPlayer_Interface.AudioPlayer_Interface_01_공통@2eea88a1]" started-at="2021-10-09T13:19:38 KST" name="TC_01_01_43_02_Pause상태_반복아이콘클릭시_RepeatCommandIssued_event확인" description="SDK 리그레이션 TC : AudioPlayer_Interface_01-01-43" finished-at="2021-10-09T13:20:57 KST" duration-ms="79185" status="PASS">
          <params>
            <param index="0">
              <value>
                <![CDATA[public void SDK_001_AudioPlayer_Interface.AudioPlayer_Interface_01_공통.TC_01_01_43_02_Pause상태_반복아이콘클릭시_RepeatCommandIssued_event확인(java.lang.reflect.Method) throws java.lang.Exception]]>
              </value>
            </param>
          </params>
          <reporter-output>
          </reporter-output>
        </test-method> <!-- TC_01_01_43_02_Pause상태_반복아이콘클릭시_RepeatCommandIssued_event확인 -->
        <test-method signature="TC_01_01_44_01_셔플아이콘클릭시_ShuffleCommandIssued_event확인(java.lang.reflect.Method)[pri:0, instance:SDK_001_AudioPlayer_Interface.AudioPlayer_Interface_01_공통@2eea88a1]" started-at="2021-10-09T13:20:57 KST" name="TC_01_01_44_01_셔플아이콘클릭시_ShuffleCommandIssued_event확인" description="SDK 리그레이션 TC : AudioPlayer_Interface_01-01-44" finished-at="2021-10-09T13:21:23 KST" duration-ms="25637" status="PASS">
          <params>
            <param index="0">
              <value>
                <![CDATA[public void SDK_001_AudioPlayer_Interface.AudioPlayer_Interface_01_공통.TC_01_01_44_01_셔플아이콘클릭시_ShuffleCommandIssued_event확인(java.lang.reflect.Method) throws java.lang.Exception]]>
              </value>
            </param>
          </params>
          <reporter-output>
          </reporter-output>
        </test-method> <!-- TC_01_01_44_01_셔플아이콘클릭시_ShuffleCommandIssued_event확인 -->
        <test-method is-config="true" signature="BeforeMethod(java.lang.reflect.Method)[pri:0, instance:SDK_001_AudioPlayer_Interface.AudioPlayer_Interface_01_공통@2eea88a1]" started-at="2021-10-09T13:20:57 KST" name="BeforeMethod" finished-at="2021-10-09T13:20:57 KST" duration-ms="0" status="PASS">
          <params>
            <param index="0">
              <value>
                <![CDATA[public void SDK_001_AudioPlayer_Interface.AudioPlayer_Interface_01_공통.TC_01_01_44_01_셔플아이콘클릭시_ShuffleCommandIssued_event확인(java.lang.reflect.Method) throws java.lang.Exception]]>
              </value>
            </param>
          </params>
          <reporter-output>
          </reporter-output>
        </test-method> <!-- BeforeMethod -->
        <test-method is-config="true" signature="AfterMethod(org.testng.ITestResult)[pri:0, instance:SDK_001_AudioPlayer_Interface.AudioPlayer_Interface_01_공통@2eea88a1]" started-at="2021-10-09T13:20:57 KST" name="AfterMethod" finished-at="2021-10-09T13:20:57 KST" duration-ms="0" status="PASS">
          <params>
            <param index="0">
              <value>
                <![CDATA[[TestResult name=TC_01_01_43_02_Pause상태_반복아이콘클릭시_RepeatCommandIssued_event확인 status=SUCCESS method=AudioPlayer_Interface_01_공통.TC_01_01_43_02_Pause상태_반복아이콘클릭시_RepeatCommandIssued_event확인(java.lang.reflect.Method)[pri:0, instance:SDK_001_AudioPlayer_Interface.AudioPlayer_Interface_01_공통@2eea88a1] output={null}]]]>
              </value>
            </param>
          </params>
          <reporter-output>
          </reporter-output>
        </test-method> <!-- AfterMethod -->
        <test-method is-config="true" signature="AfterMethod(org.testng.ITestResult)[pri:0, instance:SDK_001_AudioPlayer_Interface.AudioPlayer_Interface_01_공통@2eea88a1]" started-at="2021-10-09T13:21:23 KST" name="AfterMethod" finished-at="2021-10-09T13:21:23 KST" duration-ms="1" status="PASS">
          <params>
            <param index="0">
              <value>
                <![CDATA[[TestResult name=TC_01_01_44_01_셔플아이콘클릭시_ShuffleCommandIssued_event확인 status=SUCCESS method=AudioPlayer_Interface_01_공통.TC_01_01_44_01_셔플아이콘클릭시_ShuffleCommandIssued_event확인(java.lang.reflect.Method)[pri:0, instance:SDK_001_AudioPlayer_Interface.AudioPlayer_Interface_01_공통@2eea88a1] output={null}]]]>
              </value>
            </param>
          </params>
          <reporter-output>
          </reporter-output>
        </test-method> <!-- AfterMethod -->
        <test-method is-config="true" signature="BeforeMethod(java.lang.reflect.Method)[pri:0, instance:SDK_001_AudioPlayer_Interface.AudioPlayer_Interface_01_공통@2eea88a1]" started-at="2021-10-09T13:21:23 KST" name="BeforeMethod" finished-at="2021-10-09T13:21:23 KST" duration-ms="1" status="PASS">
          <params>
            <param index="0">
              <value>
                <![CDATA[public void SDK_001_AudioPlayer_Interface.AudioPlayer_Interface_01_공통.TC_01_01_44_02셔플아이콘클릭시_ShuffleCommandIssued_event확인(java.lang.reflect.Method) throws java.lang.Exception]]>
              </value>
            </param>
          </params>
          <reporter-output>
          </reporter-output>
        </test-method> <!-- BeforeMethod -->
        <test-method signature="TC_01_01_44_02셔플아이콘클릭시_ShuffleCommandIssued_event확인(java.lang.reflect.Method)[pri:0, instance:SDK_001_AudioPlayer_Interface.AudioPlayer_Interface_01_공통@2eea88a1]" started-at="2021-10-09T13:21:23 KST" name="TC_01_01_44_02셔플아이콘클릭시_ShuffleCommandIssued_event확인" description="SDK 리그레이션 TC : AudioPlayer_Interface_01-01-44" finished-at="2021-10-09T13:21:48 KST" duration-ms="25218" status="PASS">
          <params>
            <param index="0">
              <value>
                <![CDATA[public void SDK_001_AudioPlayer_Interface.AudioPlayer_Interface_01_공통.TC_01_01_44_02셔플아이콘클릭시_ShuffleCommandIssued_event확인(java.lang.reflect.Method) throws java.lang.Exception]]>
              </value>
            </param>
          </params>
          <reporter-output>
          </reporter-output>
        </test-method> <!-- TC_01_01_44_02셔플아이콘클릭시_ShuffleCommandIssued_event확인 -->
        <test-method is-config="true" signature="AfterMethod(org.testng.ITestResult)[pri:0, instance:SDK_001_AudioPlayer_Interface.AudioPlayer_Interface_01_공통@2eea88a1]" started-at="2021-10-09T13:21:48 KST" name="AfterMethod" finished-at="2021-10-09T13:21:48 KST" duration-ms="1" status="PASS">
          <params>
            <param index="0">
              <value>
                <![CDATA[[TestResult name=TC_01_01_44_02셔플아이콘클릭시_ShuffleCommandIssued_event확인 status=SUCCESS method=AudioPlayer_Interface_01_공통.TC_01_01_44_02셔플아이콘클릭시_ShuffleCommandIssued_event확인(java.lang.reflect.Method)[pri:0, instance:SDK_001_AudioPlayer_Interface.AudioPlayer_Interface_01_공통@2eea88a1] output={null}]]]>
              </value>
            </param>
          </params>
          <reporter-output>
          </reporter-output>
        </test-method> <!-- AfterMethod -->
        <test-method is-config="true" signature="tearDownClass(java.lang.String,java.lang.String,java.lang.String,java.lang.String,java.lang.String,java.lang.String)[pri:0, instance:SDK_001_AudioPlayer_Interface.AudioPlayer_Interface_01_공통@2eea88a1]" started-at="2021-10-09T13:21:48 KST" name="tearDownClass" finished-at="2021-10-09T13:21:50 KST" duration-ms="1901" status="PASS">
          <params>
            <param index="0">
              <value>
                <![CDATA[PRD]]>
              </value>
            </param>
            <param index="1">
              <value>
                <![CDATA[SDK]]>
              </value>
            </param>
            <param index="2">
              <value>
                <![CDATA[out]]>
              </value>
            </param>
            <param index="3">
              <value>
                <![CDATA[R33M4000CY]]>
              </value>
            </param>
            <param index="4">
              <value>
                <![CDATA[ALDF3NYA6C0D0C654DD2]]>
              </value>
            </param>
            <param index="5">
              <value>
                <![CDATA[ALDFR7K5QIZLF9F3FBA3]]>
              </value>
            </param>
          </params>
          <reporter-output>
          </reporter-output>
        </test-method> <!-- tearDownClass -->
      </class> <!-- SDK_001_AudioPlayer_Interface.AudioPlayer_Interface_01_공통 -->
    </test> <!-- Test_Project -->
  </suite> <!-- ExtentReport -->
</testng-results>
