<?xml version="1.0" encoding="UTF-8"?>
<testng-results ignored="0" total="1" passed="0" failed="1" skipped="0">
  <reporter-output>
  </reporter-output>
  <suite started-at="2021-09-03T17:57:54 KST" name="ExtentReport" finished-at="2021-09-03T17:58:22 KST" duration-ms="28513">
    <groups>
    </groups>
    <test started-at="2021-09-03T17:57:54 KST" name="Test_Project" finished-at="2021-09-03T17:58:22 KST" duration-ms="28513">
      <class name="SDK_001_실행.앱시작_01">
        <test-method is-config="true" signature="setupClass(java.lang.String,java.lang.String,java.lang.String,java.lang.String,java.lang.String,java.lang.String,java.lang.String,java.lang.String,java.lang.String,java.lang.String)[pri:0, instance:SDK_001_실행.앱시작_01@f58853c]" started-at="2021-09-03T17:57:54 KST" name="setupClass" finished-at="2021-09-03T17:58:06 KST" duration-ms="11937" status="PASS">
          <params>
            <param index="0">
              <value>
                <![CDATA[Android]]>
              </value>
            </param>
            <param index="1">
              <value>
                <![CDATA[SDK]]>
              </value>
            </param>
            <param index="2">
              <value>
                <![CDATA[http://0.0.0.0:4723/wd/hub]]>
              </value>
            </param>
            <param index="3">
              <value>
                <![CDATA[PRD]]>
              </value>
            </param>
            <param index="4">
              <value>
                <![CDATA[SDK]]>
              </value>
            </param>
            <param index="5">
              <value>
                <![CDATA[out]]>
              </value>
            </param>
            <param index="6">
              <value>
                <![CDATA[R33M4000CY]]>
              </value>
            </param>
            <param index="7">
              <value>
                <![CDATA[ALDF3NYA6C0D0C654DD2]]>
              </value>
            </param>
            <param index="8">
              <value>
                <![CDATA[ALDFR7K5QIZLF9F3FBA3]]>
              </value>
            </param>
            <param index="9">
              <value>
                <![CDATA[38C034E5E79341D096E6CCB8AD0FBE2E]]>
              </value>
            </param>
          </params>
          <reporter-output>
          </reporter-output>
        </test-method> <!-- setupClass -->
        <test-method is-config="true" signature="BeforeMethod(java.lang.reflect.Method)[pri:0, instance:SDK_001_실행.앱시작_01@f58853c]" started-at="2021-09-03T17:58:06 KST" name="BeforeMethod" finished-at="2021-09-03T17:58:06 KST" duration-ms="8" status="PASS">
          <params>
            <param index="0">
              <value>
                <![CDATA[public void SDK_001_실행.앱시작_01.TC_0000_앱실행(java.lang.reflect.Method) throws java.lang.Exception]]>
              </value>
            </param>
          </params>
          <reporter-output>
          </reporter-output>
        </test-method> <!-- BeforeMethod -->
        <test-method signature="TC_0000_앱실행(java.lang.reflect.Method)[pri:0, instance:SDK_001_실행.앱시작_01@f58853c]" started-at="2021-09-03T17:58:06 KST" name="TC_0000_앱실행" description="SDK 리그레이션 TC : 실행_0000" finished-at="2021-09-03T17:58:20 KST" duration-ms="14630" status="FAIL">
          <params>
            <param index="0">
              <value>
                <![CDATA[public void SDK_001_실행.앱시작_01.TC_0000_앱실행(java.lang.reflect.Method) throws java.lang.Exception]]>
              </value>
            </param>
          </params>
          <exception class="java.lang.StringIndexOutOfBoundsException">
            <message>
              <![CDATA[begin 0, end -1, length 673]]>
            </message>
            <full-stacktrace>
              <![CDATA[java.lang.StringIndexOutOfBoundsException: begin 0, end -1, length 673
at java.base/java.lang.String.checkBoundsBeginEnd(String.java:3734)
at java.base/java.lang.String.substring(String.java:1903)
at unit.Utilities.authToken_JsonParsing(Utilities.java:3433)
at SDK_001_실행.앱시작_01.authToken얻기(앱시작_01.java:27)
at SDK_001_실행.앱시작_01.TC_0000_앱실행(앱시작_01.java:45)
at java.base/jdk.internal.reflect.NativeMethodAccessorImpl.invoke0(Native Method)
at java.base/jdk.internal.reflect.NativeMethodAccessorImpl.invoke(NativeMethodAccessorImpl.java:64)
at java.base/jdk.internal.reflect.DelegatingMethodAccessorImpl.invoke(DelegatingMethodAccessorImpl.java:43)
at java.base/java.lang.reflect.Method.invoke(Method.java:564)
at org.testng.internal.MethodInvocationHelper.invokeMethod(MethodInvocationHelper.java:133)
at org.testng.internal.TestInvoker.invokeMethod(TestInvoker.java:598)
at org.testng.internal.TestInvoker.invokeTestMethod(TestInvoker.java:173)
at org.testng.internal.MethodRunner.runInSequence(MethodRunner.java:46)
at org.testng.internal.TestInvoker$MethodInvocationAgent.invoke(TestInvoker.java:824)
at org.testng.internal.TestInvoker.invokeTestMethods(TestInvoker.java:146)
at org.testng.internal.TestMethodWorker.invokeTestMethods(TestMethodWorker.java:146)
at org.testng.internal.TestMethodWorker.run(TestMethodWorker.java:128)
at java.base/java.util.ArrayList.forEach(ArrayList.java:1511)
at org.testng.TestRunner.privateRun(TestRunner.java:794)
at org.testng.TestRunner.run(TestRunner.java:596)
at org.testng.SuiteRunner.runTest(SuiteRunner.java:377)
at org.testng.SuiteRunner.access$000(SuiteRunner.java:28)
at org.testng.SuiteRunner$SuiteWorker.run(SuiteRunner.java:418)
at org.testng.internal.thread.ThreadUtil.lambda$execute$0(ThreadUtil.java:64)
at java.base/java.util.concurrent.FutureTask.run(FutureTask.java:264)
at java.base/java.util.concurrent.ThreadPoolExecutor.runWorker(ThreadPoolExecutor.java:1130)
at java.base/java.util.concurrent.ThreadPoolExecutor$Worker.run(ThreadPoolExecutor.java:630)
at java.base/java.lang.Thread.run(Thread.java:832)
]]>
            </full-stacktrace>
          </exception> <!-- java.lang.StringIndexOutOfBoundsException -->
          <reporter-output>
          </reporter-output>
        </test-method> <!-- TC_0000_앱실행 -->
        <test-method is-config="true" signature="AfterMethod(org.testng.ITestResult)[pri:0, instance:SDK_001_실행.앱시작_01@f58853c]" started-at="2021-09-03T17:58:20 KST" name="AfterMethod" finished-at="2021-09-03T17:58:21 KST" duration-ms="484" status="PASS">
          <params>
            <param index="0">
              <value>
                <![CDATA[[TestResult name=TC_0000_앱실행 status=FAILURE method=앱시작_01.TC_0000_앱실행(java.lang.reflect.Method)[pri:0, instance:SDK_001_실행.앱시작_01@f58853c] output={null}]]]>
              </value>
            </param>
          </params>
          <reporter-output>
          </reporter-output>
        </test-method> <!-- AfterMethod -->
        <test-method is-config="true" signature="tearDownClass(java.lang.String,java.lang.String,java.lang.String,java.lang.String,java.lang.String,java.lang.String,java.lang.String)[pri:0, instance:SDK_001_실행.앱시작_01@f58853c]" started-at="2021-09-03T17:58:21 KST" name="tearDownClass" finished-at="2021-09-03T17:58:22 KST" duration-ms="1411" status="PASS">
          <params>
            <param index="0">
              <value>
                <![CDATA[PRD]]>
              </value>
            </param>
            <param index="1">
              <value>
                <![CDATA[SDK]]>
              </value>
            </param>
            <param index="2">
              <value>
                <![CDATA[out]]>
              </value>
            </param>
            <param index="3">
              <value>
                <![CDATA[R33M4000CY]]>
              </value>
            </param>
            <param index="4">
              <value>
                <![CDATA[ALDF3NYA6C0D0C654DD2]]>
              </value>
            </param>
            <param index="5">
              <value>
                <![CDATA[ALDFR7K5QIZLF9F3FBA3]]>
              </value>
            </param>
            <param index="6">
              <value>
                <![CDATA[38C034E5E79341D096E6CCB8AD0FBE2E]]>
              </value>
            </param>
          </params>
          <reporter-output>
          </reporter-output>
        </test-method> <!-- tearDownClass -->
      </class> <!-- SDK_001_실행.앱시작_01 -->
    </test> <!-- Test_Project -->
  </suite> <!-- ExtentReport -->
</testng-results>
