<?xml version="1.0" encoding="UTF-8"?>
<testng-results ignored="0" total="3" passed="3" failed="0" skipped="0">
  <reporter-output>
  </reporter-output>
  <suite started-at="2023-04-13T20:21:30 KST" name="ExtentReport" finished-at="2023-04-13T20:23:02 KST" duration-ms="91232">
    <groups>
    </groups>
    <test started-at="2023-04-13T20:21:30 KST" name="Test_Project" finished-at="2023-04-13T20:23:02 KST" duration-ms="91232">
      <class name="Apollo_001_공통.Apollo_04_공통">
        <test-method is-config="true" signature="setupClass(java.lang.String,java.lang.String,java.lang.String,java.lang.String,java.lang.String,java.lang.String,java.lang.String,java.lang.String,java.lang.String,java.lang.String)[pri:0, instance:Apollo_001_공통.Apollo_04_공통@6f03482]" started-at="2023-04-13T20:21:30 KST" name="setupClass" finished-at="2023-04-13T20:21:41 KST" duration-ms="10696" status="PASS">
          <params>
            <param index="0">
              <value>
                <![CDATA[Android]]>
              </value>
            </param>
            <param index="1">
              <value>
                <![CDATA[APOLLO_STG]]>
              </value>
            </param>
            <param index="2">
              <value>
                <![CDATA[http://0.0.0.0:4723/wd/hub]]>
              </value>
            </param>
            <param index="3">
              <value>
                <![CDATA[STG]]>
              </value>
            </param>
            <param index="4">
              <value>
                <![CDATA[Apollo]]>
              </value>
            </param>
            <param index="5">
              <value>
                <![CDATA[in]]>
              </value>
            </param>
            <param index="6">
              <value>
                <![CDATA[R33M4000CY]]>
              </value>
            </param>
            <param index="7">
              <value>
                <![CDATA[adot]]>
              </value>
            </param>
            <param index="8">
              <value>
                <![CDATA[APL00000CAP8UMKRSNB4]]>
              </value>
            </param>
            <param index="9">
              <value>
                <![CDATA[APL00000CAP8UMNEOSG0]]>
              </value>
            </param>
          </params>
          <reporter-output>
          </reporter-output>
        </test-method> <!-- setupClass -->
        <test-method is-config="true" signature="BeforeMethod(java.lang.reflect.Method)[pri:0, instance:Apollo_001_공통.Apollo_04_공통@6f03482]" started-at="2023-04-13T20:21:41 KST" name="BeforeMethod" finished-at="2023-04-13T20:21:41 KST" duration-ms="4" status="PASS">
          <params>
            <param index="0">
              <value>
                <![CDATA[public void Apollo_001_공통.Apollo_04_공통.TC_018_001_005(java.lang.reflect.Method) throws java.lang.Exception]]>
              </value>
            </param>
          </params>
          <reporter-output>
          </reporter-output>
        </test-method> <!-- BeforeMethod -->
        <test-method signature="TC_018_001_005(java.lang.reflect.Method)[pri:0, instance:Apollo_001_공통.Apollo_04_공통@6f03482]" started-at="2023-04-13T20:21:41 KST" name="TC_018_001_005" description="A. Hotfix Regression Test : 018-001-005 apolloMusic_sgc_01_005 선택된 재생CP 를 지원하는 POC + 로그인 + 재생 목록 있음 + 지원 이용권 + 일반 재생 요청" finished-at="2023-04-13T20:22:13 KST" duration-ms="32129" status="PASS">
          <params>
            <param index="0">
              <value>
                <![CDATA[public void Apollo_001_공통.Apollo_04_공통.TC_018_001_005(java.lang.reflect.Method) throws java.lang.Exception]]>
              </value>
            </param>
          </params>
          <reporter-output>
          </reporter-output>
        </test-method> <!-- TC_018_001_005 -->
        <test-method is-config="true" signature="AfterMethod(org.testng.ITestResult)[pri:0, instance:Apollo_001_공통.Apollo_04_공통@6f03482]" started-at="2023-04-13T20:22:13 KST" name="AfterMethod" finished-at="2023-04-13T20:22:13 KST" duration-ms="1" status="PASS">
          <params>
            <param index="0">
              <value>
                <![CDATA[[TestResult name=TC_018_001_005 status=SUCCESS method=Apollo_04_공통.TC_018_001_005(java.lang.reflect.Method)[pri:0, instance:Apollo_001_공통.Apollo_04_공통@6f03482] output={null}]]]>
              </value>
            </param>
          </params>
          <reporter-output>
          </reporter-output>
        </test-method> <!-- AfterMethod -->
        <test-method is-config="true" signature="BeforeMethod(java.lang.reflect.Method)[pri:0, instance:Apollo_001_공통.Apollo_04_공통@6f03482]" started-at="2023-04-13T20:22:13 KST" name="BeforeMethod" finished-at="2023-04-13T20:22:13 KST" duration-ms="1" status="PASS">
          <params>
            <param index="0">
              <value>
                <![CDATA[public void Apollo_001_공통.Apollo_04_공통.TC_018_006_007(java.lang.reflect.Method) throws java.lang.Exception]]>
              </value>
            </param>
          </params>
          <reporter-output>
          </reporter-output>
        </test-method> <!-- BeforeMethod -->
        <test-method signature="TC_018_006_007(java.lang.reflect.Method)[pri:0, instance:Apollo_001_공통.Apollo_04_공통@6f03482]" started-at="2023-04-13T20:22:13 KST" name="TC_018_006_007" description="A. Hotfix Regression Test : 018-006-007 apolloMusic_play_01_006  ~ 008 ASMR" finished-at="2023-04-13T20:22:40 KST" duration-ms="26727" status="PASS">
          <params>
            <param index="0">
              <value>
                <![CDATA[public void Apollo_001_공통.Apollo_04_공통.TC_018_006_007(java.lang.reflect.Method) throws java.lang.Exception]]>
              </value>
            </param>
          </params>
          <reporter-output>
          </reporter-output>
        </test-method> <!-- TC_018_006_007 -->
        <test-method is-config="true" signature="AfterMethod(org.testng.ITestResult)[pri:0, instance:Apollo_001_공통.Apollo_04_공통@6f03482]" started-at="2023-04-13T20:22:40 KST" name="AfterMethod" finished-at="2023-04-13T20:22:40 KST" duration-ms="0" status="PASS">
          <params>
            <param index="0">
              <value>
                <![CDATA[[TestResult name=TC_018_006_007 status=SUCCESS method=Apollo_04_공통.TC_018_006_007(java.lang.reflect.Method)[pri:0, instance:Apollo_001_공통.Apollo_04_공통@6f03482] output={null}]]]>
              </value>
            </param>
          </params>
          <reporter-output>
          </reporter-output>
        </test-method> <!-- AfterMethod -->
        <test-method is-config="true" signature="BeforeMethod(java.lang.reflect.Method)[pri:0, instance:Apollo_001_공통.Apollo_04_공통@6f03482]" started-at="2023-04-13T20:22:40 KST" name="BeforeMethod" finished-at="2023-04-13T20:22:40 KST" duration-ms="1" status="PASS">
          <params>
            <param index="0">
              <value>
                <![CDATA[public void Apollo_001_공통.Apollo_04_공통.TC_019_002_006(java.lang.reflect.Method) throws java.lang.Exception]]>
              </value>
            </param>
          </params>
          <reporter-output>
          </reporter-output>
        </test-method> <!-- BeforeMethod -->
        <test-method signature="TC_019_002_006(java.lang.reflect.Method)[pri:0, instance:Apollo_001_공통.Apollo_04_공통@6f03482]" started-at="2023-04-13T20:22:40 KST" name="TC_019_002_006" description="A. Hotfix Regression Test : 019-002-006 모션_6 꾸미기 화면 + 진입" finished-at="2023-04-13T20:23:01 KST" duration-ms="21032" status="PASS">
          <params>
            <param index="0">
              <value>
                <![CDATA[public void Apollo_001_공통.Apollo_04_공통.TC_019_002_006(java.lang.reflect.Method) throws java.lang.Exception]]>
              </value>
            </param>
          </params>
          <reporter-output>
          </reporter-output>
        </test-method> <!-- TC_019_002_006 -->
        <test-method is-config="true" signature="AfterMethod(org.testng.ITestResult)[pri:0, instance:Apollo_001_공통.Apollo_04_공통@6f03482]" started-at="2023-04-13T20:23:01 KST" name="AfterMethod" finished-at="2023-04-13T20:23:01 KST" duration-ms="1" status="PASS">
          <params>
            <param index="0">
              <value>
                <![CDATA[[TestResult name=TC_019_002_006 status=SUCCESS method=Apollo_04_공통.TC_019_002_006(java.lang.reflect.Method)[pri:0, instance:Apollo_001_공통.Apollo_04_공통@6f03482] output={null}]]]>
              </value>
            </param>
          </params>
          <reporter-output>
          </reporter-output>
        </test-method> <!-- AfterMethod -->
        <test-method is-config="true" signature="tearDownClass(java.lang.String,java.lang.String,java.lang.String,java.lang.String,java.lang.String,java.lang.String,java.lang.String)[pri:0, instance:Apollo_001_공통.Apollo_04_공통@6f03482]" started-at="2023-04-13T20:23:01 KST" name="tearDownClass" finished-at="2023-04-13T20:23:02 KST" duration-ms="611" status="PASS">
          <params>
            <param index="0">
              <value>
                <![CDATA[STG]]>
              </value>
            </param>
            <param index="1">
              <value>
                <![CDATA[APOLLO_STG]]>
              </value>
            </param>
            <param index="2">
              <value>
                <![CDATA[in]]>
              </value>
            </param>
            <param index="3">
              <value>
                <![CDATA[R33M4000CY]]>
              </value>
            </param>
            <param index="4">
              <value>
                <![CDATA[adot]]>
              </value>
            </param>
            <param index="5">
              <value>
                <![CDATA[APL00000CAP8UMKRSNB4]]>
              </value>
            </param>
            <param index="6">
              <value>
                <![CDATA[APL00000CAP8UMNEOSG0]]>
              </value>
            </param>
          </params>
          <reporter-output>
          </reporter-output>
        </test-method> <!-- tearDownClass -->
      </class> <!-- Apollo_001_공통.Apollo_04_공통 -->
    </test> <!-- Test_Project -->
  </suite> <!-- ExtentReport -->
</testng-results>
