<?xml version="1.0" encoding="UTF-8"?>
<testng-results ignored="0" total="23" passed="15" failed="8" skipped="0">
  <reporter-output>
  </reporter-output>
  <suite started-at="2021-10-04T17:07:56 KST" name="ExtentReport" finished-at="2021-10-04T17:23:21 KST" duration-ms="924172">
    <groups>
    </groups>
    <test started-at="2021-10-04T17:07:56 KST" name="Test_Project" finished-at="2021-10-04T17:23:21 KST" duration-ms="924172">
      <class name="SDK_001_AudioPlayer_Interface.AudioPlayer_Interface_02_AudioPlayer_Template1">
        <test-method is-config="true" signature="setupClass(java.lang.String,java.lang.String,java.lang.String,java.lang.String,java.lang.String,java.lang.String,java.lang.String,java.lang.String,java.lang.String)[pri:0, instance:SDK_001_AudioPlayer_Interface.AudioPlayer_Interface_02_AudioPlayer_Template1@36804139]" started-at="2021-10-04T17:07:56 KST" name="setupClass" finished-at="2021-10-04T17:08:09 KST" duration-ms="12455" status="PASS">
          <params>
            <param index="0">
              <value>
                <![CDATA[Android]]>
              </value>
            </param>
            <param index="1">
              <value>
                <![CDATA[SDK]]>
              </value>
            </param>
            <param index="2">
              <value>
                <![CDATA[http://0.0.0.0:4723/wd/hub]]>
              </value>
            </param>
            <param index="3">
              <value>
                <![CDATA[PRD]]>
              </value>
            </param>
            <param index="4">
              <value>
                <![CDATA[SDK]]>
              </value>
            </param>
            <param index="5">
              <value>
                <![CDATA[out]]>
              </value>
            </param>
            <param index="6">
              <value>
                <![CDATA[R33M4000CY]]>
              </value>
            </param>
            <param index="7">
              <value>
                <![CDATA[ALDF3NYA6C0D0C654DD2]]>
              </value>
            </param>
            <param index="8">
              <value>
                <![CDATA[ALDFR7K5QIZLF9F3FBA3]]>
              </value>
            </param>
          </params>
          <reporter-output>
          </reporter-output>
        </test-method> <!-- setupClass -->
        <test-method is-config="true" signature="BeforeMethod(java.lang.reflect.Method)[pri:0, instance:SDK_001_AudioPlayer_Interface.AudioPlayer_Interface_02_AudioPlayer_Template1@36804139]" started-at="2021-10-04T17:08:09 KST" name="BeforeMethod" finished-at="2021-10-04T17:08:09 KST" duration-ms="7" status="PASS">
          <params>
            <param index="0">
              <value>
                <![CDATA[public void SDK_001_AudioPlayer_Interface.AudioPlayer_Interface_02_AudioPlayer_Template1.TC_00_00_00_SampleApp_Start(java.lang.reflect.Method) throws java.lang.Exception]]>
              </value>
            </param>
          </params>
          <reporter-output>
          </reporter-output>
        </test-method> <!-- BeforeMethod -->
        <test-method signature="TC_00_00_00_SampleApp_Start(java.lang.reflect.Method)[pri:0, instance:SDK_001_AudioPlayer_Interface.AudioPlayer_Interface_02_AudioPlayer_Template1@36804139]" started-at="2021-10-04T17:08:09 KST" name="TC_00_00_00_SampleApp_Start" finished-at="2021-10-04T17:08:44 KST" duration-ms="35192" status="PASS">
          <params>
            <param index="0">
              <value>
                <![CDATA[public void SDK_001_AudioPlayer_Interface.AudioPlayer_Interface_02_AudioPlayer_Template1.TC_00_00_00_SampleApp_Start(java.lang.reflect.Method) throws java.lang.Exception]]>
              </value>
            </param>
          </params>
          <reporter-output>
          </reporter-output>
        </test-method> <!-- TC_00_00_00_SampleApp_Start -->
        <test-method is-config="true" signature="AfterMethod(org.testng.ITestResult)[pri:0, instance:SDK_001_AudioPlayer_Interface.AudioPlayer_Interface_02_AudioPlayer_Template1@36804139]" started-at="2021-10-04T17:08:44 KST" name="AfterMethod" finished-at="2021-10-04T17:08:44 KST" duration-ms="0" status="PASS">
          <params>
            <param index="0">
              <value>
                <![CDATA[[TestResult name=TC_00_00_00_SampleApp_Start status=SUCCESS method=AudioPlayer_Interface_02_AudioPlayer_Template1.TC_00_00_00_SampleApp_Start(java.lang.reflect.Method)[pri:0, instance:SDK_001_AudioPlayer_Interface.AudioPlayer_Interface_02_AudioPlayer_Template1@36804139] output={null}]]]>
              </value>
            </param>
          </params>
          <reporter-output>
          </reporter-output>
        </test-method> <!-- AfterMethod -->
        <test-method is-config="true" signature="BeforeMethod(java.lang.reflect.Method)[pri:0, instance:SDK_001_AudioPlayer_Interface.AudioPlayer_Interface_02_AudioPlayer_Template1@36804139]" started-at="2021-10-04T17:08:44 KST" name="BeforeMethod" finished-at="2021-10-04T17:08:44 KST" duration-ms="1" status="PASS">
          <params>
            <param index="0">
              <value>
                <![CDATA[public void SDK_001_AudioPlayer_Interface.AudioPlayer_Interface_02_AudioPlayer_Template1.TC_01_01_50_AudioPlayerTemplate1의_titletext_확인(java.lang.reflect.Method) throws java.lang.Exception]]>
              </value>
            </param>
          </params>
          <reporter-output>
          </reporter-output>
        </test-method> <!-- BeforeMethod -->
        <test-method signature="TC_01_01_50_AudioPlayerTemplate1의_titletext_확인(java.lang.reflect.Method)[pri:0, instance:SDK_001_AudioPlayer_Interface.AudioPlayer_Interface_02_AudioPlayer_Template1@36804139]" started-at="2021-10-04T17:08:44 KST" name="TC_01_01_50_AudioPlayerTemplate1의_titletext_확인" description="SDK 리그레이션 TC : AudioPlayer_Interface_01-01-50" finished-at="2021-10-04T17:08:58 KST" duration-ms="13760" status="FAIL">
          <params>
            <param index="0">
              <value>
                <![CDATA[public void SDK_001_AudioPlayer_Interface.AudioPlayer_Interface_02_AudioPlayer_Template1.TC_01_01_50_AudioPlayerTemplate1의_titletext_확인(java.lang.reflect.Method) throws java.lang.Exception]]>
              </value>
            </param>
          </params>
          <exception class="junit.framework.AssertionFailedError">
            <full-stacktrace>
              <![CDATA[junit.framework.AssertionFailedError
at junit.framework.Assert.fail(Assert.java:47)
at junit.framework.Assert.assertTrue(Assert.java:20)
at junit.framework.Assert.assertTrue(Assert.java:27)
at SDK_001_AudioPlayer_Interface.AudioPlayer_Interface_02_AudioPlayer_Template1.TC_01_01_50_AudioPlayerTemplate1의_titletext_확인(AudioPlayer_Interface_02_AudioPlayer_Template1.java:96)
at java.base/jdk.internal.reflect.NativeMethodAccessorImpl.invoke0(Native Method)
at java.base/jdk.internal.reflect.NativeMethodAccessorImpl.invoke(NativeMethodAccessorImpl.java:64)
at java.base/jdk.internal.reflect.DelegatingMethodAccessorImpl.invoke(DelegatingMethodAccessorImpl.java:43)
at java.base/java.lang.reflect.Method.invoke(Method.java:564)
at org.testng.internal.MethodInvocationHelper.invokeMethod(MethodInvocationHelper.java:133)
at org.testng.internal.TestInvoker.invokeMethod(TestInvoker.java:598)
at org.testng.internal.TestInvoker.invokeTestMethod(TestInvoker.java:173)
at org.testng.internal.MethodRunner.runInSequence(MethodRunner.java:46)
at org.testng.internal.TestInvoker$MethodInvocationAgent.invoke(TestInvoker.java:824)
at org.testng.internal.TestInvoker.invokeTestMethods(TestInvoker.java:146)
at org.testng.internal.TestMethodWorker.invokeTestMethods(TestMethodWorker.java:146)
at org.testng.internal.TestMethodWorker.run(TestMethodWorker.java:128)
at java.base/java.util.ArrayList.forEach(ArrayList.java:1511)
at org.testng.TestRunner.privateRun(TestRunner.java:794)
at org.testng.TestRunner.run(TestRunner.java:596)
at org.testng.SuiteRunner.runTest(SuiteRunner.java:377)
at org.testng.SuiteRunner.access$000(SuiteRunner.java:28)
at org.testng.SuiteRunner$SuiteWorker.run(SuiteRunner.java:418)
at org.testng.internal.thread.ThreadUtil.lambda$execute$0(ThreadUtil.java:64)
at java.base/java.util.concurrent.FutureTask.run(FutureTask.java:264)
at java.base/java.util.concurrent.ThreadPoolExecutor.runWorker(ThreadPoolExecutor.java:1130)
at java.base/java.util.concurrent.ThreadPoolExecutor$Worker.run(ThreadPoolExecutor.java:630)
at java.base/java.lang.Thread.run(Thread.java:832)
]]>
            </full-stacktrace>
          </exception> <!-- junit.framework.AssertionFailedError -->
          <reporter-output>
          </reporter-output>
        </test-method> <!-- TC_01_01_50_AudioPlayerTemplate1의_titletext_확인 -->
        <test-method is-config="true" signature="AfterMethod(org.testng.ITestResult)[pri:0, instance:SDK_001_AudioPlayer_Interface.AudioPlayer_Interface_02_AudioPlayer_Template1@36804139]" started-at="2021-10-04T17:08:58 KST" name="AfterMethod" finished-at="2021-10-04T17:08:58 KST" duration-ms="413" status="PASS">
          <params>
            <param index="0">
              <value>
                <![CDATA[[TestResult name=TC_01_01_50_AudioPlayerTemplate1의_titletext_확인 status=FAILURE method=AudioPlayer_Interface_02_AudioPlayer_Template1.TC_01_01_50_AudioPlayerTemplate1의_titletext_확인(java.lang.reflect.Method)[pri:0, instance:SDK_001_AudioPlayer_Interface.AudioPlayer_Interface_02_AudioPlayer_Template1@36804139] output={null}]]]>
              </value>
            </param>
          </params>
          <reporter-output>
          </reporter-output>
        </test-method> <!-- AfterMethod -->
        <test-method is-config="true" signature="BeforeMethod(java.lang.reflect.Method)[pri:0, instance:SDK_001_AudioPlayer_Interface.AudioPlayer_Interface_02_AudioPlayer_Template1@36804139]" started-at="2021-10-04T17:08:58 KST" name="BeforeMethod" finished-at="2021-10-04T17:08:58 KST" duration-ms="0" status="PASS">
          <params>
            <param index="0">
              <value>
                <![CDATA[public void SDK_001_AudioPlayer_Interface.AudioPlayer_Interface_02_AudioPlayer_Template1.TC_01_01_51_AudioPlayerTemplate1의_contenttitle_확인(java.lang.reflect.Method) throws java.lang.Exception]]>
              </value>
            </param>
          </params>
          <reporter-output>
          </reporter-output>
        </test-method> <!-- BeforeMethod -->
        <test-method signature="TC_01_01_51_AudioPlayerTemplate1의_contenttitle_확인(java.lang.reflect.Method)[pri:0, instance:SDK_001_AudioPlayer_Interface.AudioPlayer_Interface_02_AudioPlayer_Template1@36804139]" started-at="2021-10-04T17:08:58 KST" name="TC_01_01_51_AudioPlayerTemplate1의_contenttitle_확인" description="SDK 리그레이션 TC : AudioPlayer_Interface_01-01-51" finished-at="2021-10-04T17:09:12 KST" duration-ms="13836" status="FAIL">
          <params>
            <param index="0">
              <value>
                <![CDATA[public void SDK_001_AudioPlayer_Interface.AudioPlayer_Interface_02_AudioPlayer_Template1.TC_01_01_51_AudioPlayerTemplate1의_contenttitle_확인(java.lang.reflect.Method) throws java.lang.Exception]]>
              </value>
            </param>
          </params>
          <exception class="junit.framework.AssertionFailedError">
            <full-stacktrace>
              <![CDATA[junit.framework.AssertionFailedError
at junit.framework.Assert.fail(Assert.java:47)
at junit.framework.Assert.assertTrue(Assert.java:20)
at junit.framework.Assert.assertTrue(Assert.java:27)
at SDK_001_AudioPlayer_Interface.AudioPlayer_Interface_02_AudioPlayer_Template1.TC_01_01_51_AudioPlayerTemplate1의_contenttitle_확인(AudioPlayer_Interface_02_AudioPlayer_Template1.java:115)
at java.base/jdk.internal.reflect.NativeMethodAccessorImpl.invoke0(Native Method)
at java.base/jdk.internal.reflect.NativeMethodAccessorImpl.invoke(NativeMethodAccessorImpl.java:64)
at java.base/jdk.internal.reflect.DelegatingMethodAccessorImpl.invoke(DelegatingMethodAccessorImpl.java:43)
at java.base/java.lang.reflect.Method.invoke(Method.java:564)
at org.testng.internal.MethodInvocationHelper.invokeMethod(MethodInvocationHelper.java:133)
at org.testng.internal.TestInvoker.invokeMethod(TestInvoker.java:598)
at org.testng.internal.TestInvoker.invokeTestMethod(TestInvoker.java:173)
at org.testng.internal.MethodRunner.runInSequence(MethodRunner.java:46)
at org.testng.internal.TestInvoker$MethodInvocationAgent.invoke(TestInvoker.java:824)
at org.testng.internal.TestInvoker.invokeTestMethods(TestInvoker.java:146)
at org.testng.internal.TestMethodWorker.invokeTestMethods(TestMethodWorker.java:146)
at org.testng.internal.TestMethodWorker.run(TestMethodWorker.java:128)
at java.base/java.util.ArrayList.forEach(ArrayList.java:1511)
at org.testng.TestRunner.privateRun(TestRunner.java:794)
at org.testng.TestRunner.run(TestRunner.java:596)
at org.testng.SuiteRunner.runTest(SuiteRunner.java:377)
at org.testng.SuiteRunner.access$000(SuiteRunner.java:28)
at org.testng.SuiteRunner$SuiteWorker.run(SuiteRunner.java:418)
at org.testng.internal.thread.ThreadUtil.lambda$execute$0(ThreadUtil.java:64)
at java.base/java.util.concurrent.FutureTask.run(FutureTask.java:264)
at java.base/java.util.concurrent.ThreadPoolExecutor.runWorker(ThreadPoolExecutor.java:1130)
at java.base/java.util.concurrent.ThreadPoolExecutor$Worker.run(ThreadPoolExecutor.java:630)
at java.base/java.lang.Thread.run(Thread.java:832)
]]>
            </full-stacktrace>
          </exception> <!-- junit.framework.AssertionFailedError -->
          <reporter-output>
          </reporter-output>
        </test-method> <!-- TC_01_01_51_AudioPlayerTemplate1의_contenttitle_확인 -->
        <test-method is-config="true" signature="AfterMethod(org.testng.ITestResult)[pri:0, instance:SDK_001_AudioPlayer_Interface.AudioPlayer_Interface_02_AudioPlayer_Template1@36804139]" started-at="2021-10-04T17:09:12 KST" name="AfterMethod" finished-at="2021-10-04T17:09:12 KST" duration-ms="396" status="PASS">
          <params>
            <param index="0">
              <value>
                <![CDATA[[TestResult name=TC_01_01_51_AudioPlayerTemplate1의_contenttitle_확인 status=FAILURE method=AudioPlayer_Interface_02_AudioPlayer_Template1.TC_01_01_51_AudioPlayerTemplate1의_contenttitle_확인(java.lang.reflect.Method)[pri:0, instance:SDK_001_AudioPlayer_Interface.AudioPlayer_Interface_02_AudioPlayer_Template1@36804139] output={null}]]]>
              </value>
            </param>
          </params>
          <reporter-output>
          </reporter-output>
        </test-method> <!-- AfterMethod -->
        <test-method is-config="true" signature="BeforeMethod(java.lang.reflect.Method)[pri:0, instance:SDK_001_AudioPlayer_Interface.AudioPlayer_Interface_02_AudioPlayer_Template1@36804139]" started-at="2021-10-04T17:09:12 KST" name="BeforeMethod" finished-at="2021-10-04T17:09:12 KST" duration-ms="0" status="PASS">
          <params>
            <param index="0">
              <value>
                <![CDATA[public void SDK_001_AudioPlayer_Interface.AudioPlayer_Interface_02_AudioPlayer_Template1.TC_01_01_52_AudioPlayerTemplate1의_contensubtitle1_확인(java.lang.reflect.Method) throws java.lang.Exception]]>
              </value>
            </param>
          </params>
          <reporter-output>
          </reporter-output>
        </test-method> <!-- BeforeMethod -->
        <test-method signature="TC_01_01_52_AudioPlayerTemplate1의_contensubtitle1_확인(java.lang.reflect.Method)[pri:0, instance:SDK_001_AudioPlayer_Interface.AudioPlayer_Interface_02_AudioPlayer_Template1@36804139]" started-at="2021-10-04T17:09:12 KST" name="TC_01_01_52_AudioPlayerTemplate1의_contensubtitle1_확인" description="SDK 리그레이션 TC : AudioPlayer_Interface_01-01-52" finished-at="2021-10-04T17:09:26 KST" duration-ms="13742" status="FAIL">
          <params>
            <param index="0">
              <value>
                <![CDATA[public void SDK_001_AudioPlayer_Interface.AudioPlayer_Interface_02_AudioPlayer_Template1.TC_01_01_52_AudioPlayerTemplate1의_contensubtitle1_확인(java.lang.reflect.Method) throws java.lang.Exception]]>
              </value>
            </param>
          </params>
          <exception class="junit.framework.AssertionFailedError">
            <full-stacktrace>
              <![CDATA[junit.framework.AssertionFailedError
at junit.framework.Assert.fail(Assert.java:47)
at junit.framework.Assert.assertTrue(Assert.java:20)
at junit.framework.Assert.assertTrue(Assert.java:27)
at SDK_001_AudioPlayer_Interface.AudioPlayer_Interface_02_AudioPlayer_Template1.TC_01_01_52_AudioPlayerTemplate1의_contensubtitle1_확인(AudioPlayer_Interface_02_AudioPlayer_Template1.java:134)
at java.base/jdk.internal.reflect.NativeMethodAccessorImpl.invoke0(Native Method)
at java.base/jdk.internal.reflect.NativeMethodAccessorImpl.invoke(NativeMethodAccessorImpl.java:64)
at java.base/jdk.internal.reflect.DelegatingMethodAccessorImpl.invoke(DelegatingMethodAccessorImpl.java:43)
at java.base/java.lang.reflect.Method.invoke(Method.java:564)
at org.testng.internal.MethodInvocationHelper.invokeMethod(MethodInvocationHelper.java:133)
at org.testng.internal.TestInvoker.invokeMethod(TestInvoker.java:598)
at org.testng.internal.TestInvoker.invokeTestMethod(TestInvoker.java:173)
at org.testng.internal.MethodRunner.runInSequence(MethodRunner.java:46)
at org.testng.internal.TestInvoker$MethodInvocationAgent.invoke(TestInvoker.java:824)
at org.testng.internal.TestInvoker.invokeTestMethods(TestInvoker.java:146)
at org.testng.internal.TestMethodWorker.invokeTestMethods(TestMethodWorker.java:146)
at org.testng.internal.TestMethodWorker.run(TestMethodWorker.java:128)
at java.base/java.util.ArrayList.forEach(ArrayList.java:1511)
at org.testng.TestRunner.privateRun(TestRunner.java:794)
at org.testng.TestRunner.run(TestRunner.java:596)
at org.testng.SuiteRunner.runTest(SuiteRunner.java:377)
at org.testng.SuiteRunner.access$000(SuiteRunner.java:28)
at org.testng.SuiteRunner$SuiteWorker.run(SuiteRunner.java:418)
at org.testng.internal.thread.ThreadUtil.lambda$execute$0(ThreadUtil.java:64)
at java.base/java.util.concurrent.FutureTask.run(FutureTask.java:264)
at java.base/java.util.concurrent.ThreadPoolExecutor.runWorker(ThreadPoolExecutor.java:1130)
at java.base/java.util.concurrent.ThreadPoolExecutor$Worker.run(ThreadPoolExecutor.java:630)
at java.base/java.lang.Thread.run(Thread.java:832)
]]>
            </full-stacktrace>
          </exception> <!-- junit.framework.AssertionFailedError -->
          <reporter-output>
          </reporter-output>
        </test-method> <!-- TC_01_01_52_AudioPlayerTemplate1의_contensubtitle1_확인 -->
        <test-method is-config="true" signature="AfterMethod(org.testng.ITestResult)[pri:0, instance:SDK_001_AudioPlayer_Interface.AudioPlayer_Interface_02_AudioPlayer_Template1@36804139]" started-at="2021-10-04T17:09:26 KST" name="AfterMethod" finished-at="2021-10-04T17:09:27 KST" duration-ms="358" status="PASS">
          <params>
            <param index="0">
              <value>
                <![CDATA[[TestResult name=TC_01_01_52_AudioPlayerTemplate1의_contensubtitle1_확인 status=FAILURE method=AudioPlayer_Interface_02_AudioPlayer_Template1.TC_01_01_52_AudioPlayerTemplate1의_contensubtitle1_확인(java.lang.reflect.Method)[pri:0, instance:SDK_001_AudioPlayer_Interface.AudioPlayer_Interface_02_AudioPlayer_Template1@36804139] output={null}]]]>
              </value>
            </param>
          </params>
          <reporter-output>
          </reporter-output>
        </test-method> <!-- AfterMethod -->
        <test-method is-config="true" signature="BeforeMethod(java.lang.reflect.Method)[pri:0, instance:SDK_001_AudioPlayer_Interface.AudioPlayer_Interface_02_AudioPlayer_Template1@36804139]" started-at="2021-10-04T17:09:27 KST" name="BeforeMethod" finished-at="2021-10-04T17:09:27 KST" duration-ms="0" status="PASS">
          <params>
            <param index="0">
              <value>
                <![CDATA[public void SDK_001_AudioPlayer_Interface.AudioPlayer_Interface_02_AudioPlayer_Template1.TC_01_01_53_AudioPlayerTemplate1의_contensubtitle2_확인(java.lang.reflect.Method) throws java.lang.Exception]]>
              </value>
            </param>
          </params>
          <reporter-output>
          </reporter-output>
        </test-method> <!-- BeforeMethod -->
        <test-method signature="TC_01_01_53_AudioPlayerTemplate1의_contensubtitle2_확인(java.lang.reflect.Method)[pri:0, instance:SDK_001_AudioPlayer_Interface.AudioPlayer_Interface_02_AudioPlayer_Template1@36804139]" started-at="2021-10-04T17:09:27 KST" name="TC_01_01_53_AudioPlayerTemplate1의_contensubtitle2_확인" description="SDK 리그레이션 TC : AudioPlayer_Interface_01-01-53" finished-at="2021-10-04T17:09:40 KST" duration-ms="13707" status="FAIL">
          <params>
            <param index="0">
              <value>
                <![CDATA[public void SDK_001_AudioPlayer_Interface.AudioPlayer_Interface_02_AudioPlayer_Template1.TC_01_01_53_AudioPlayerTemplate1의_contensubtitle2_확인(java.lang.reflect.Method) throws java.lang.Exception]]>
              </value>
            </param>
          </params>
          <exception class="junit.framework.AssertionFailedError">
            <full-stacktrace>
              <![CDATA[junit.framework.AssertionFailedError
at junit.framework.Assert.fail(Assert.java:47)
at junit.framework.Assert.assertTrue(Assert.java:20)
at junit.framework.Assert.assertTrue(Assert.java:27)
at SDK_001_AudioPlayer_Interface.AudioPlayer_Interface_02_AudioPlayer_Template1.TC_01_01_53_AudioPlayerTemplate1의_contensubtitle2_확인(AudioPlayer_Interface_02_AudioPlayer_Template1.java:153)
at java.base/jdk.internal.reflect.NativeMethodAccessorImpl.invoke0(Native Method)
at java.base/jdk.internal.reflect.NativeMethodAccessorImpl.invoke(NativeMethodAccessorImpl.java:64)
at java.base/jdk.internal.reflect.DelegatingMethodAccessorImpl.invoke(DelegatingMethodAccessorImpl.java:43)
at java.base/java.lang.reflect.Method.invoke(Method.java:564)
at org.testng.internal.MethodInvocationHelper.invokeMethod(MethodInvocationHelper.java:133)
at org.testng.internal.TestInvoker.invokeMethod(TestInvoker.java:598)
at org.testng.internal.TestInvoker.invokeTestMethod(TestInvoker.java:173)
at org.testng.internal.MethodRunner.runInSequence(MethodRunner.java:46)
at org.testng.internal.TestInvoker$MethodInvocationAgent.invoke(TestInvoker.java:824)
at org.testng.internal.TestInvoker.invokeTestMethods(TestInvoker.java:146)
at org.testng.internal.TestMethodWorker.invokeTestMethods(TestMethodWorker.java:146)
at org.testng.internal.TestMethodWorker.run(TestMethodWorker.java:128)
at java.base/java.util.ArrayList.forEach(ArrayList.java:1511)
at org.testng.TestRunner.privateRun(TestRunner.java:794)
at org.testng.TestRunner.run(TestRunner.java:596)
at org.testng.SuiteRunner.runTest(SuiteRunner.java:377)
at org.testng.SuiteRunner.access$000(SuiteRunner.java:28)
at org.testng.SuiteRunner$SuiteWorker.run(SuiteRunner.java:418)
at org.testng.internal.thread.ThreadUtil.lambda$execute$0(ThreadUtil.java:64)
at java.base/java.util.concurrent.FutureTask.run(FutureTask.java:264)
at java.base/java.util.concurrent.ThreadPoolExecutor.runWorker(ThreadPoolExecutor.java:1130)
at java.base/java.util.concurrent.ThreadPoolExecutor$Worker.run(ThreadPoolExecutor.java:630)
at java.base/java.lang.Thread.run(Thread.java:832)
]]>
            </full-stacktrace>
          </exception> <!-- junit.framework.AssertionFailedError -->
          <reporter-output>
          </reporter-output>
        </test-method> <!-- TC_01_01_53_AudioPlayerTemplate1의_contensubtitle2_확인 -->
        <test-method is-config="true" signature="AfterMethod(org.testng.ITestResult)[pri:0, instance:SDK_001_AudioPlayer_Interface.AudioPlayer_Interface_02_AudioPlayer_Template1@36804139]" started-at="2021-10-04T17:09:40 KST" name="AfterMethod" finished-at="2021-10-04T17:09:41 KST" duration-ms="376" status="PASS">
          <params>
            <param index="0">
              <value>
                <![CDATA[[TestResult name=TC_01_01_53_AudioPlayerTemplate1의_contensubtitle2_확인 status=FAILURE method=AudioPlayer_Interface_02_AudioPlayer_Template1.TC_01_01_53_AudioPlayerTemplate1의_contensubtitle2_확인(java.lang.reflect.Method)[pri:0, instance:SDK_001_AudioPlayer_Interface.AudioPlayer_Interface_02_AudioPlayer_Template1@36804139] output={null}]]]>
              </value>
            </param>
          </params>
          <reporter-output>
          </reporter-output>
        </test-method> <!-- AfterMethod -->
        <test-method signature="TC_01_01_54_AudioPlayerTemplate1의_contentimageUrl_확인(java.lang.reflect.Method)[pri:0, instance:SDK_001_AudioPlayer_Interface.AudioPlayer_Interface_02_AudioPlayer_Template1@36804139]" started-at="2021-10-04T17:09:41 KST" name="TC_01_01_54_AudioPlayerTemplate1의_contentimageUrl_확인" description="SDK 리그레이션 TC : AudioPlayer_Interface_01-01-54" finished-at="2021-10-04T17:09:54 KST" duration-ms="13658" status="FAIL">
          <params>
            <param index="0">
              <value>
                <![CDATA[public void SDK_001_AudioPlayer_Interface.AudioPlayer_Interface_02_AudioPlayer_Template1.TC_01_01_54_AudioPlayerTemplate1의_contentimageUrl_확인(java.lang.reflect.Method) throws java.lang.Exception]]>
              </value>
            </param>
          </params>
          <exception class="junit.framework.AssertionFailedError">
            <full-stacktrace>
              <![CDATA[junit.framework.AssertionFailedError
at junit.framework.Assert.fail(Assert.java:47)
at junit.framework.Assert.assertTrue(Assert.java:20)
at junit.framework.Assert.assertTrue(Assert.java:27)
at SDK_001_AudioPlayer_Interface.AudioPlayer_Interface_02_AudioPlayer_Template1.TC_01_01_54_AudioPlayerTemplate1의_contentimageUrl_확인(AudioPlayer_Interface_02_AudioPlayer_Template1.java:172)
at java.base/jdk.internal.reflect.NativeMethodAccessorImpl.invoke0(Native Method)
at java.base/jdk.internal.reflect.NativeMethodAccessorImpl.invoke(NativeMethodAccessorImpl.java:64)
at java.base/jdk.internal.reflect.DelegatingMethodAccessorImpl.invoke(DelegatingMethodAccessorImpl.java:43)
at java.base/java.lang.reflect.Method.invoke(Method.java:564)
at org.testng.internal.MethodInvocationHelper.invokeMethod(MethodInvocationHelper.java:133)
at org.testng.internal.TestInvoker.invokeMethod(TestInvoker.java:598)
at org.testng.internal.TestInvoker.invokeTestMethod(TestInvoker.java:173)
at org.testng.internal.MethodRunner.runInSequence(MethodRunner.java:46)
at org.testng.internal.TestInvoker$MethodInvocationAgent.invoke(TestInvoker.java:824)
at org.testng.internal.TestInvoker.invokeTestMethods(TestInvoker.java:146)
at org.testng.internal.TestMethodWorker.invokeTestMethods(TestMethodWorker.java:146)
at org.testng.internal.TestMethodWorker.run(TestMethodWorker.java:128)
at java.base/java.util.ArrayList.forEach(ArrayList.java:1511)
at org.testng.TestRunner.privateRun(TestRunner.java:794)
at org.testng.TestRunner.run(TestRunner.java:596)
at org.testng.SuiteRunner.runTest(SuiteRunner.java:377)
at org.testng.SuiteRunner.access$000(SuiteRunner.java:28)
at org.testng.SuiteRunner$SuiteWorker.run(SuiteRunner.java:418)
at org.testng.internal.thread.ThreadUtil.lambda$execute$0(ThreadUtil.java:64)
at java.base/java.util.concurrent.FutureTask.run(FutureTask.java:264)
at java.base/java.util.concurrent.ThreadPoolExecutor.runWorker(ThreadPoolExecutor.java:1130)
at java.base/java.util.concurrent.ThreadPoolExecutor$Worker.run(ThreadPoolExecutor.java:630)
at java.base/java.lang.Thread.run(Thread.java:832)
]]>
            </full-stacktrace>
          </exception> <!-- junit.framework.AssertionFailedError -->
          <reporter-output>
          </reporter-output>
        </test-method> <!-- TC_01_01_54_AudioPlayerTemplate1의_contentimageUrl_확인 -->
        <test-method is-config="true" signature="BeforeMethod(java.lang.reflect.Method)[pri:0, instance:SDK_001_AudioPlayer_Interface.AudioPlayer_Interface_02_AudioPlayer_Template1@36804139]" started-at="2021-10-04T17:09:41 KST" name="BeforeMethod" finished-at="2021-10-04T17:09:41 KST" duration-ms="0" status="PASS">
          <params>
            <param index="0">
              <value>
                <![CDATA[public void SDK_001_AudioPlayer_Interface.AudioPlayer_Interface_02_AudioPlayer_Template1.TC_01_01_54_AudioPlayerTemplate1의_contentimageUrl_확인(java.lang.reflect.Method) throws java.lang.Exception]]>
              </value>
            </param>
          </params>
          <reporter-output>
          </reporter-output>
        </test-method> <!-- BeforeMethod -->
        <test-method is-config="true" signature="AfterMethod(org.testng.ITestResult)[pri:0, instance:SDK_001_AudioPlayer_Interface.AudioPlayer_Interface_02_AudioPlayer_Template1@36804139]" started-at="2021-10-04T17:09:54 KST" name="AfterMethod" finished-at="2021-10-04T17:09:55 KST" duration-ms="380" status="PASS">
          <params>
            <param index="0">
              <value>
                <![CDATA[[TestResult name=TC_01_01_54_AudioPlayerTemplate1의_contentimageUrl_확인 status=FAILURE method=AudioPlayer_Interface_02_AudioPlayer_Template1.TC_01_01_54_AudioPlayerTemplate1의_contentimageUrl_확인(java.lang.reflect.Method)[pri:0, instance:SDK_001_AudioPlayer_Interface.AudioPlayer_Interface_02_AudioPlayer_Template1@36804139] output={null}]]]>
              </value>
            </param>
          </params>
          <reporter-output>
          </reporter-output>
        </test-method> <!-- AfterMethod -->
        <test-method is-config="true" signature="BeforeMethod(java.lang.reflect.Method)[pri:0, instance:SDK_001_AudioPlayer_Interface.AudioPlayer_Interface_02_AudioPlayer_Template1@36804139]" started-at="2021-10-04T17:09:55 KST" name="BeforeMethod" finished-at="2021-10-04T17:09:55 KST" duration-ms="0" status="PASS">
          <params>
            <param index="0">
              <value>
                <![CDATA[public void SDK_001_AudioPlayer_Interface.AudioPlayer_Interface_02_AudioPlayer_Template1.TC_01_01_55_AudioPlayerTemplate1의_contentdurationSec_확인(java.lang.reflect.Method) throws java.lang.Exception]]>
              </value>
            </param>
          </params>
          <reporter-output>
          </reporter-output>
        </test-method> <!-- BeforeMethod -->
        <test-method signature="TC_01_01_55_AudioPlayerTemplate1의_contentdurationSec_확인(java.lang.reflect.Method)[pri:0, instance:SDK_001_AudioPlayer_Interface.AudioPlayer_Interface_02_AudioPlayer_Template1@36804139]" started-at="2021-10-04T17:09:55 KST" name="TC_01_01_55_AudioPlayerTemplate1의_contentdurationSec_확인" description="SDK 리그레이션 TC : AudioPlayer_Interface_01-01-55" finished-at="2021-10-04T17:10:08 KST" duration-ms="13642" status="FAIL">
          <params>
            <param index="0">
              <value>
                <![CDATA[public void SDK_001_AudioPlayer_Interface.AudioPlayer_Interface_02_AudioPlayer_Template1.TC_01_01_55_AudioPlayerTemplate1의_contentdurationSec_확인(java.lang.reflect.Method) throws java.lang.Exception]]>
              </value>
            </param>
          </params>
          <exception class="junit.framework.AssertionFailedError">
            <full-stacktrace>
              <![CDATA[junit.framework.AssertionFailedError
at junit.framework.Assert.fail(Assert.java:47)
at junit.framework.Assert.assertTrue(Assert.java:20)
at junit.framework.Assert.assertTrue(Assert.java:27)
at SDK_001_AudioPlayer_Interface.AudioPlayer_Interface_02_AudioPlayer_Template1.TC_01_01_55_AudioPlayerTemplate1의_contentdurationSec_확인(AudioPlayer_Interface_02_AudioPlayer_Template1.java:191)
at java.base/jdk.internal.reflect.NativeMethodAccessorImpl.invoke0(Native Method)
at java.base/jdk.internal.reflect.NativeMethodAccessorImpl.invoke(NativeMethodAccessorImpl.java:64)
at java.base/jdk.internal.reflect.DelegatingMethodAccessorImpl.invoke(DelegatingMethodAccessorImpl.java:43)
at java.base/java.lang.reflect.Method.invoke(Method.java:564)
at org.testng.internal.MethodInvocationHelper.invokeMethod(MethodInvocationHelper.java:133)
at org.testng.internal.TestInvoker.invokeMethod(TestInvoker.java:598)
at org.testng.internal.TestInvoker.invokeTestMethod(TestInvoker.java:173)
at org.testng.internal.MethodRunner.runInSequence(MethodRunner.java:46)
at org.testng.internal.TestInvoker$MethodInvocationAgent.invoke(TestInvoker.java:824)
at org.testng.internal.TestInvoker.invokeTestMethods(TestInvoker.java:146)
at org.testng.internal.TestMethodWorker.invokeTestMethods(TestMethodWorker.java:146)
at org.testng.internal.TestMethodWorker.run(TestMethodWorker.java:128)
at java.base/java.util.ArrayList.forEach(ArrayList.java:1511)
at org.testng.TestRunner.privateRun(TestRunner.java:794)
at org.testng.TestRunner.run(TestRunner.java:596)
at org.testng.SuiteRunner.runTest(SuiteRunner.java:377)
at org.testng.SuiteRunner.access$000(SuiteRunner.java:28)
at org.testng.SuiteRunner$SuiteWorker.run(SuiteRunner.java:418)
at org.testng.internal.thread.ThreadUtil.lambda$execute$0(ThreadUtil.java:64)
at java.base/java.util.concurrent.FutureTask.run(FutureTask.java:264)
at java.base/java.util.concurrent.ThreadPoolExecutor.runWorker(ThreadPoolExecutor.java:1130)
at java.base/java.util.concurrent.ThreadPoolExecutor$Worker.run(ThreadPoolExecutor.java:630)
at java.base/java.lang.Thread.run(Thread.java:832)
]]>
            </full-stacktrace>
          </exception> <!-- junit.framework.AssertionFailedError -->
          <reporter-output>
          </reporter-output>
        </test-method> <!-- TC_01_01_55_AudioPlayerTemplate1의_contentdurationSec_확인 -->
        <test-method is-config="true" signature="AfterMethod(org.testng.ITestResult)[pri:0, instance:SDK_001_AudioPlayer_Interface.AudioPlayer_Interface_02_AudioPlayer_Template1@36804139]" started-at="2021-10-04T17:10:08 KST" name="AfterMethod" finished-at="2021-10-04T17:10:09 KST" duration-ms="382" status="PASS">
          <params>
            <param index="0">
              <value>
                <![CDATA[[TestResult name=TC_01_01_55_AudioPlayerTemplate1의_contentdurationSec_확인 status=FAILURE method=AudioPlayer_Interface_02_AudioPlayer_Template1.TC_01_01_55_AudioPlayerTemplate1의_contentdurationSec_확인(java.lang.reflect.Method)[pri:0, instance:SDK_001_AudioPlayer_Interface.AudioPlayer_Interface_02_AudioPlayer_Template1@36804139] output={null}]]]>
              </value>
            </param>
          </params>
          <reporter-output>
          </reporter-output>
        </test-method> <!-- AfterMethod -->
        <test-method is-config="true" signature="BeforeMethod(java.lang.reflect.Method)[pri:0, instance:SDK_001_AudioPlayer_Interface.AudioPlayer_Interface_02_AudioPlayer_Template1@36804139]" started-at="2021-10-04T17:10:09 KST" name="BeforeMethod" finished-at="2021-10-04T17:10:09 KST" duration-ms="0" status="PASS">
          <params>
            <param index="0">
              <value>
                <![CDATA[public void SDK_001_AudioPlayer_Interface.AudioPlayer_Interface_02_AudioPlayer_Template1.TC_01_01_57_AudioPlayerTemplate1의_contentbadgeImageUrl_확인(java.lang.reflect.Method) throws java.lang.Exception]]>
              </value>
            </param>
          </params>
          <reporter-output>
          </reporter-output>
        </test-method> <!-- BeforeMethod -->
        <test-method signature="TC_01_01_57_AudioPlayerTemplate1의_contentbadgeImageUrl_확인(java.lang.reflect.Method)[pri:0, instance:SDK_001_AudioPlayer_Interface.AudioPlayer_Interface_02_AudioPlayer_Template1@36804139]" started-at="2021-10-04T17:10:09 KST" name="TC_01_01_57_AudioPlayerTemplate1의_contentbadgeImageUrl_확인" description="SDK 리그레이션 TC : AudioPlayer_Interface_01-01-57" finished-at="2021-10-04T17:10:39 KST" duration-ms="30115" status="FAIL">
          <params>
            <param index="0">
              <value>
                <![CDATA[public void SDK_001_AudioPlayer_Interface.AudioPlayer_Interface_02_AudioPlayer_Template1.TC_01_01_57_AudioPlayerTemplate1의_contentbadgeImageUrl_확인(java.lang.reflect.Method) throws java.lang.Exception]]>
              </value>
            </param>
          </params>
          <exception class="junit.framework.AssertionFailedError">
            <full-stacktrace>
              <![CDATA[junit.framework.AssertionFailedError
at junit.framework.Assert.fail(Assert.java:47)
at junit.framework.Assert.assertTrue(Assert.java:20)
at junit.framework.Assert.assertTrue(Assert.java:27)
at SDK_001_AudioPlayer_Interface.AudioPlayer_Interface_02_AudioPlayer_Template1.TC_01_01_57_AudioPlayerTemplate1의_contentbadgeImageUrl_확인(AudioPlayer_Interface_02_AudioPlayer_Template1.java:222)
at java.base/jdk.internal.reflect.NativeMethodAccessorImpl.invoke0(Native Method)
at java.base/jdk.internal.reflect.NativeMethodAccessorImpl.invoke(NativeMethodAccessorImpl.java:64)
at java.base/jdk.internal.reflect.DelegatingMethodAccessorImpl.invoke(DelegatingMethodAccessorImpl.java:43)
at java.base/java.lang.reflect.Method.invoke(Method.java:564)
at org.testng.internal.MethodInvocationHelper.invokeMethod(MethodInvocationHelper.java:133)
at org.testng.internal.TestInvoker.invokeMethod(TestInvoker.java:598)
at org.testng.internal.TestInvoker.invokeTestMethod(TestInvoker.java:173)
at org.testng.internal.MethodRunner.runInSequence(MethodRunner.java:46)
at org.testng.internal.TestInvoker$MethodInvocationAgent.invoke(TestInvoker.java:824)
at org.testng.internal.TestInvoker.invokeTestMethods(TestInvoker.java:146)
at org.testng.internal.TestMethodWorker.invokeTestMethods(TestMethodWorker.java:146)
at org.testng.internal.TestMethodWorker.run(TestMethodWorker.java:128)
at java.base/java.util.ArrayList.forEach(ArrayList.java:1511)
at org.testng.TestRunner.privateRun(TestRunner.java:794)
at org.testng.TestRunner.run(TestRunner.java:596)
at org.testng.SuiteRunner.runTest(SuiteRunner.java:377)
at org.testng.SuiteRunner.access$000(SuiteRunner.java:28)
at org.testng.SuiteRunner$SuiteWorker.run(SuiteRunner.java:418)
at org.testng.internal.thread.ThreadUtil.lambda$execute$0(ThreadUtil.java:64)
at java.base/java.util.concurrent.FutureTask.run(FutureTask.java:264)
at java.base/java.util.concurrent.ThreadPoolExecutor.runWorker(ThreadPoolExecutor.java:1130)
at java.base/java.util.concurrent.ThreadPoolExecutor$Worker.run(ThreadPoolExecutor.java:630)
at java.base/java.lang.Thread.run(Thread.java:832)
]]>
            </full-stacktrace>
          </exception> <!-- junit.framework.AssertionFailedError -->
          <reporter-output>
          </reporter-output>
        </test-method> <!-- TC_01_01_57_AudioPlayerTemplate1의_contentbadgeImageUrl_확인 -->
        <test-method is-config="true" signature="AfterMethod(org.testng.ITestResult)[pri:0, instance:SDK_001_AudioPlayer_Interface.AudioPlayer_Interface_02_AudioPlayer_Template1@36804139]" started-at="2021-10-04T17:10:39 KST" name="AfterMethod" finished-at="2021-10-04T17:10:39 KST" duration-ms="420" status="PASS">
          <params>
            <param index="0">
              <value>
                <![CDATA[[TestResult name=TC_01_01_57_AudioPlayerTemplate1의_contentbadgeImageUrl_확인 status=FAILURE method=AudioPlayer_Interface_02_AudioPlayer_Template1.TC_01_01_57_AudioPlayerTemplate1의_contentbadgeImageUrl_확인(java.lang.reflect.Method)[pri:0, instance:SDK_001_AudioPlayer_Interface.AudioPlayer_Interface_02_AudioPlayer_Template1@36804139] output={null}]]]>
              </value>
            </param>
          </params>
          <reporter-output>
          </reporter-output>
        </test-method> <!-- AfterMethod -->
        <test-method signature="TC_01_01_59_AudioPlayerTemplate1의_contentlyricstitle_확인(java.lang.reflect.Method)[pri:0, instance:SDK_001_AudioPlayer_Interface.AudioPlayer_Interface_02_AudioPlayer_Template1@36804139]" started-at="2021-10-04T17:10:39 KST" name="TC_01_01_59_AudioPlayerTemplate1의_contentlyricstitle_확인" description="SDK 리그레이션 TC : AudioPlayer_Interface_01-01-59" finished-at="2021-10-04T17:11:27 KST" duration-ms="47548" status="PASS">
          <params>
            <param index="0">
              <value>
                <![CDATA[public void SDK_001_AudioPlayer_Interface.AudioPlayer_Interface_02_AudioPlayer_Template1.TC_01_01_59_AudioPlayerTemplate1의_contentlyricstitle_확인(java.lang.reflect.Method) throws java.lang.Exception]]>
              </value>
            </param>
          </params>
          <reporter-output>
          </reporter-output>
        </test-method> <!-- TC_01_01_59_AudioPlayerTemplate1의_contentlyricstitle_확인 -->
        <test-method is-config="true" signature="BeforeMethod(java.lang.reflect.Method)[pri:0, instance:SDK_001_AudioPlayer_Interface.AudioPlayer_Interface_02_AudioPlayer_Template1@36804139]" started-at="2021-10-04T17:10:39 KST" name="BeforeMethod" finished-at="2021-10-04T17:10:39 KST" duration-ms="0" status="PASS">
          <params>
            <param index="0">
              <value>
                <![CDATA[public void SDK_001_AudioPlayer_Interface.AudioPlayer_Interface_02_AudioPlayer_Template1.TC_01_01_59_AudioPlayerTemplate1의_contentlyricstitle_확인(java.lang.reflect.Method) throws java.lang.Exception]]>
              </value>
            </param>
          </params>
          <reporter-output>
          </reporter-output>
        </test-method> <!-- BeforeMethod -->
        <test-method is-config="true" signature="AfterMethod(org.testng.ITestResult)[pri:0, instance:SDK_001_AudioPlayer_Interface.AudioPlayer_Interface_02_AudioPlayer_Template1@36804139]" started-at="2021-10-04T17:11:27 KST" name="AfterMethod" finished-at="2021-10-04T17:11:27 KST" duration-ms="1" status="PASS">
          <params>
            <param index="0">
              <value>
                <![CDATA[[TestResult name=TC_01_01_59_AudioPlayerTemplate1의_contentlyricstitle_확인 status=SUCCESS method=AudioPlayer_Interface_02_AudioPlayer_Template1.TC_01_01_59_AudioPlayerTemplate1의_contentlyricstitle_확인(java.lang.reflect.Method)[pri:0, instance:SDK_001_AudioPlayer_Interface.AudioPlayer_Interface_02_AudioPlayer_Template1@36804139] output={null}]]]>
              </value>
            </param>
          </params>
          <reporter-output>
          </reporter-output>
        </test-method> <!-- AfterMethod -->
        <test-method is-config="true" signature="BeforeMethod(java.lang.reflect.Method)[pri:0, instance:SDK_001_AudioPlayer_Interface.AudioPlayer_Interface_02_AudioPlayer_Template1@36804139]" started-at="2021-10-04T17:11:27 KST" name="BeforeMethod" finished-at="2021-10-04T17:11:27 KST" duration-ms="0" status="PASS">
          <params>
            <param index="0">
              <value>
                <![CDATA[public void SDK_001_AudioPlayer_Interface.AudioPlayer_Interface_02_AudioPlayer_Template1.TC_01_01_60_01_AudioPlayerTemplate1의_contentlyricslyricsType_확인(java.lang.reflect.Method) throws java.lang.Exception]]>
              </value>
            </param>
          </params>
          <reporter-output>
          </reporter-output>
        </test-method> <!-- BeforeMethod -->
        <test-method signature="TC_01_01_60_01_AudioPlayerTemplate1의_contentlyricslyricsType_확인(java.lang.reflect.Method)[pri:0, instance:SDK_001_AudioPlayer_Interface.AudioPlayer_Interface_02_AudioPlayer_Template1@36804139]" started-at="2021-10-04T17:11:27 KST" name="TC_01_01_60_01_AudioPlayerTemplate1의_contentlyricslyricsType_확인" description="SDK 리그레이션 TC : AudioPlayer_Interface_01-01-60" finished-at="2021-10-04T17:11:40 KST" duration-ms="13634" status="PASS">
          <params>
            <param index="0">
              <value>
                <![CDATA[public void SDK_001_AudioPlayer_Interface.AudioPlayer_Interface_02_AudioPlayer_Template1.TC_01_01_60_01_AudioPlayerTemplate1의_contentlyricslyricsType_확인(java.lang.reflect.Method) throws java.lang.Exception]]>
              </value>
            </param>
          </params>
          <reporter-output>
          </reporter-output>
        </test-method> <!-- TC_01_01_60_01_AudioPlayerTemplate1의_contentlyricslyricsType_확인 -->
        <test-method is-config="true" signature="AfterMethod(org.testng.ITestResult)[pri:0, instance:SDK_001_AudioPlayer_Interface.AudioPlayer_Interface_02_AudioPlayer_Template1@36804139]" started-at="2021-10-04T17:11:40 KST" name="AfterMethod" finished-at="2021-10-04T17:11:40 KST" duration-ms="1" status="PASS">
          <params>
            <param index="0">
              <value>
                <![CDATA[[TestResult name=TC_01_01_60_01_AudioPlayerTemplate1의_contentlyricslyricsType_확인 status=SUCCESS method=AudioPlayer_Interface_02_AudioPlayer_Template1.TC_01_01_60_01_AudioPlayerTemplate1의_contentlyricslyricsType_확인(java.lang.reflect.Method)[pri:0, instance:SDK_001_AudioPlayer_Interface.AudioPlayer_Interface_02_AudioPlayer_Template1@36804139] output={null}]]]>
              </value>
            </param>
          </params>
          <reporter-output>
          </reporter-output>
        </test-method> <!-- AfterMethod -->
        <test-method is-config="true" signature="BeforeMethod(java.lang.reflect.Method)[pri:0, instance:SDK_001_AudioPlayer_Interface.AudioPlayer_Interface_02_AudioPlayer_Template1@36804139]" started-at="2021-10-04T17:11:40 KST" name="BeforeMethod" finished-at="2021-10-04T17:11:40 KST" duration-ms="0" status="PASS">
          <params>
            <param index="0">
              <value>
                <![CDATA[public void SDK_001_AudioPlayer_Interface.AudioPlayer_Interface_02_AudioPlayer_Template1.TC_01_01_60_02_AudioPlayerTemplate1의_contentlyricslyricsType_확인(java.lang.reflect.Method) throws java.lang.Exception]]>
              </value>
            </param>
          </params>
          <reporter-output>
          </reporter-output>
        </test-method> <!-- BeforeMethod -->
        <test-method signature="TC_01_01_60_02_AudioPlayerTemplate1의_contentlyricslyricsType_확인(java.lang.reflect.Method)[pri:0, instance:SDK_001_AudioPlayer_Interface.AudioPlayer_Interface_02_AudioPlayer_Template1@36804139]" started-at="2021-10-04T17:11:40 KST" name="TC_01_01_60_02_AudioPlayerTemplate1의_contentlyricslyricsType_확인" description="SDK 리그레이션 TC : AudioPlayer_Interface_01-01-60" finished-at="2021-10-04T17:12:26 KST" duration-ms="45726" status="PASS">
          <params>
            <param index="0">
              <value>
                <![CDATA[public void SDK_001_AudioPlayer_Interface.AudioPlayer_Interface_02_AudioPlayer_Template1.TC_01_01_60_02_AudioPlayerTemplate1의_contentlyricslyricsType_확인(java.lang.reflect.Method) throws java.lang.Exception]]>
              </value>
            </param>
          </params>
          <reporter-output>
          </reporter-output>
        </test-method> <!-- TC_01_01_60_02_AudioPlayerTemplate1의_contentlyricslyricsType_확인 -->
        <test-method is-config="true" signature="AfterMethod(org.testng.ITestResult)[pri:0, instance:SDK_001_AudioPlayer_Interface.AudioPlayer_Interface_02_AudioPlayer_Template1@36804139]" started-at="2021-10-04T17:12:26 KST" name="AfterMethod" finished-at="2021-10-04T17:12:26 KST" duration-ms="1" status="PASS">
          <params>
            <param index="0">
              <value>
                <![CDATA[[TestResult name=TC_01_01_60_02_AudioPlayerTemplate1의_contentlyricslyricsType_확인 status=SUCCESS method=AudioPlayer_Interface_02_AudioPlayer_Template1.TC_01_01_60_02_AudioPlayerTemplate1의_contentlyricslyricsType_확인(java.lang.reflect.Method)[pri:0, instance:SDK_001_AudioPlayer_Interface.AudioPlayer_Interface_02_AudioPlayer_Template1@36804139] output={null}]]]>
              </value>
            </param>
          </params>
          <reporter-output>
          </reporter-output>
        </test-method> <!-- AfterMethod -->
        <test-method is-config="true" signature="BeforeMethod(java.lang.reflect.Method)[pri:0, instance:SDK_001_AudioPlayer_Interface.AudioPlayer_Interface_02_AudioPlayer_Template1@36804139]" started-at="2021-10-04T17:12:26 KST" name="BeforeMethod" finished-at="2021-10-04T17:12:26 KST" duration-ms="0" status="PASS">
          <params>
            <param index="0">
              <value>
                <![CDATA[public void SDK_001_AudioPlayer_Interface.AudioPlayer_Interface_02_AudioPlayer_Template1.TC_01_01_60_03_AudioPlayerTemplate1의_contentlyricslyricsType_확인(java.lang.reflect.Method) throws java.lang.Exception]]>
              </value>
            </param>
          </params>
          <reporter-output>
          </reporter-output>
        </test-method> <!-- BeforeMethod -->
        <test-method signature="TC_01_01_60_03_AudioPlayerTemplate1의_contentlyricslyricsType_확인(java.lang.reflect.Method)[pri:0, instance:SDK_001_AudioPlayer_Interface.AudioPlayer_Interface_02_AudioPlayer_Template1@36804139]" started-at="2021-10-04T17:12:26 KST" name="TC_01_01_60_03_AudioPlayerTemplate1의_contentlyricslyricsType_확인" description="SDK 리그레이션 TC : AudioPlayer_Interface_01-01-60" finished-at="2021-10-04T17:13:21 KST" duration-ms="55001" status="PASS">
          <params>
            <param index="0">
              <value>
                <![CDATA[public void SDK_001_AudioPlayer_Interface.AudioPlayer_Interface_02_AudioPlayer_Template1.TC_01_01_60_03_AudioPlayerTemplate1의_contentlyricslyricsType_확인(java.lang.reflect.Method) throws java.lang.Exception]]>
              </value>
            </param>
          </params>
          <reporter-output>
          </reporter-output>
        </test-method> <!-- TC_01_01_60_03_AudioPlayerTemplate1의_contentlyricslyricsType_확인 -->
        <test-method is-config="true" signature="AfterMethod(org.testng.ITestResult)[pri:0, instance:SDK_001_AudioPlayer_Interface.AudioPlayer_Interface_02_AudioPlayer_Template1@36804139]" started-at="2021-10-04T17:13:21 KST" name="AfterMethod" finished-at="2021-10-04T17:13:21 KST" duration-ms="1" status="PASS">
          <params>
            <param index="0">
              <value>
                <![CDATA[[TestResult name=TC_01_01_60_03_AudioPlayerTemplate1의_contentlyricslyricsType_확인 status=SUCCESS method=AudioPlayer_Interface_02_AudioPlayer_Template1.TC_01_01_60_03_AudioPlayerTemplate1의_contentlyricslyricsType_확인(java.lang.reflect.Method)[pri:0, instance:SDK_001_AudioPlayer_Interface.AudioPlayer_Interface_02_AudioPlayer_Template1@36804139] output={null}]]]>
              </value>
            </param>
          </params>
          <reporter-output>
          </reporter-output>
        </test-method> <!-- AfterMethod -->
        <test-method is-config="true" signature="BeforeMethod(java.lang.reflect.Method)[pri:0, instance:SDK_001_AudioPlayer_Interface.AudioPlayer_Interface_02_AudioPlayer_Template1@36804139]" started-at="2021-10-04T17:13:21 KST" name="BeforeMethod" finished-at="2021-10-04T17:13:21 KST" duration-ms="0" status="PASS">
          <params>
            <param index="0">
              <value>
                <![CDATA[public void SDK_001_AudioPlayer_Interface.AudioPlayer_Interface_02_AudioPlayer_Template1.TC_01_01_61_01_AudioPlayerTemplate1의_contentlyricslyricsInfoList_확인(java.lang.reflect.Method) throws java.lang.Exception]]>
              </value>
            </param>
          </params>
          <reporter-output>
          </reporter-output>
        </test-method> <!-- BeforeMethod -->
        <test-method signature="TC_01_01_61_01_AudioPlayerTemplate1의_contentlyricslyricsInfoList_확인(java.lang.reflect.Method)[pri:0, instance:SDK_001_AudioPlayer_Interface.AudioPlayer_Interface_02_AudioPlayer_Template1@36804139]" started-at="2021-10-04T17:13:21 KST" name="TC_01_01_61_01_AudioPlayerTemplate1의_contentlyricslyricsInfoList_확인" description="SDK 리그레이션 TC : AudioPlayer_Interface_01-01-61" finished-at="2021-10-04T17:14:07 KST" duration-ms="45503" status="PASS">
          <params>
            <param index="0">
              <value>
                <![CDATA[public void SDK_001_AudioPlayer_Interface.AudioPlayer_Interface_02_AudioPlayer_Template1.TC_01_01_61_01_AudioPlayerTemplate1의_contentlyricslyricsInfoList_확인(java.lang.reflect.Method) throws java.lang.Exception]]>
              </value>
            </param>
          </params>
          <reporter-output>
          </reporter-output>
        </test-method> <!-- TC_01_01_61_01_AudioPlayerTemplate1의_contentlyricslyricsInfoList_확인 -->
        <test-method is-config="true" signature="AfterMethod(org.testng.ITestResult)[pri:0, instance:SDK_001_AudioPlayer_Interface.AudioPlayer_Interface_02_AudioPlayer_Template1@36804139]" started-at="2021-10-04T17:14:07 KST" name="AfterMethod" finished-at="2021-10-04T17:14:07 KST" duration-ms="1" status="PASS">
          <params>
            <param index="0">
              <value>
                <![CDATA[[TestResult name=TC_01_01_61_01_AudioPlayerTemplate1의_contentlyricslyricsInfoList_확인 status=SUCCESS method=AudioPlayer_Interface_02_AudioPlayer_Template1.TC_01_01_61_01_AudioPlayerTemplate1의_contentlyricslyricsInfoList_확인(java.lang.reflect.Method)[pri:0, instance:SDK_001_AudioPlayer_Interface.AudioPlayer_Interface_02_AudioPlayer_Template1@36804139] output={null}]]]>
              </value>
            </param>
          </params>
          <reporter-output>
          </reporter-output>
        </test-method> <!-- AfterMethod -->
        <test-method signature="TC_01_01_61_02_AudioPlayerTemplate1의_contentlyricslyricsInfoList_확인(java.lang.reflect.Method)[pri:0, instance:SDK_001_AudioPlayer_Interface.AudioPlayer_Interface_02_AudioPlayer_Template1@36804139]" started-at="2021-10-04T17:14:07 KST" name="TC_01_01_61_02_AudioPlayerTemplate1의_contentlyricslyricsInfoList_확인" description="SDK 리그레이션 TC : AudioPlayer_Interface_01-01-61" finished-at="2021-10-04T17:14:52 KST" duration-ms="45260" status="PASS">
          <params>
            <param index="0">
              <value>
                <![CDATA[public void SDK_001_AudioPlayer_Interface.AudioPlayer_Interface_02_AudioPlayer_Template1.TC_01_01_61_02_AudioPlayerTemplate1의_contentlyricslyricsInfoList_확인(java.lang.reflect.Method) throws java.lang.Exception]]>
              </value>
            </param>
          </params>
          <reporter-output>
          </reporter-output>
        </test-method> <!-- TC_01_01_61_02_AudioPlayerTemplate1의_contentlyricslyricsInfoList_확인 -->
        <test-method is-config="true" signature="BeforeMethod(java.lang.reflect.Method)[pri:0, instance:SDK_001_AudioPlayer_Interface.AudioPlayer_Interface_02_AudioPlayer_Template1@36804139]" started-at="2021-10-04T17:14:07 KST" name="BeforeMethod" finished-at="2021-10-04T17:14:07 KST" duration-ms="0" status="PASS">
          <params>
            <param index="0">
              <value>
                <![CDATA[public void SDK_001_AudioPlayer_Interface.AudioPlayer_Interface_02_AudioPlayer_Template1.TC_01_01_61_02_AudioPlayerTemplate1의_contentlyricslyricsInfoList_확인(java.lang.reflect.Method) throws java.lang.Exception]]>
              </value>
            </param>
          </params>
          <reporter-output>
          </reporter-output>
        </test-method> <!-- BeforeMethod -->
        <test-method is-config="true" signature="AfterMethod(org.testng.ITestResult)[pri:0, instance:SDK_001_AudioPlayer_Interface.AudioPlayer_Interface_02_AudioPlayer_Template1@36804139]" started-at="2021-10-04T17:14:52 KST" name="AfterMethod" finished-at="2021-10-04T17:14:52 KST" duration-ms="1" status="PASS">
          <params>
            <param index="0">
              <value>
                <![CDATA[[TestResult name=TC_01_01_61_02_AudioPlayerTemplate1의_contentlyricslyricsInfoList_확인 status=SUCCESS method=AudioPlayer_Interface_02_AudioPlayer_Template1.TC_01_01_61_02_AudioPlayerTemplate1의_contentlyricslyricsInfoList_확인(java.lang.reflect.Method)[pri:0, instance:SDK_001_AudioPlayer_Interface.AudioPlayer_Interface_02_AudioPlayer_Template1@36804139] output={null}]]]>
              </value>
            </param>
          </params>
          <reporter-output>
          </reporter-output>
        </test-method> <!-- AfterMethod -->
        <test-method is-config="true" signature="BeforeMethod(java.lang.reflect.Method)[pri:0, instance:SDK_001_AudioPlayer_Interface.AudioPlayer_Interface_02_AudioPlayer_Template1@36804139]" started-at="2021-10-04T17:14:52 KST" name="BeforeMethod" finished-at="2021-10-04T17:14:52 KST" duration-ms="0" status="PASS">
          <params>
            <param index="0">
              <value>
                <![CDATA[public void SDK_001_AudioPlayer_Interface.AudioPlayer_Interface_02_AudioPlayer_Template1.TC_01_01_62_01_AudioPlayerTemplate1의_contentlyricslyricsInfoListtime_확인(java.lang.reflect.Method) throws java.lang.Exception]]>
              </value>
            </param>
          </params>
          <reporter-output>
          </reporter-output>
        </test-method> <!-- BeforeMethod -->
        <test-method signature="TC_01_01_62_01_AudioPlayerTemplate1의_contentlyricslyricsInfoListtime_확인(java.lang.reflect.Method)[pri:0, instance:SDK_001_AudioPlayer_Interface.AudioPlayer_Interface_02_AudioPlayer_Template1@36804139]" started-at="2021-10-04T17:14:52 KST" name="TC_01_01_62_01_AudioPlayerTemplate1의_contentlyricslyricsInfoListtime_확인" description="SDK 리그레이션 TC : AudioPlayer_Interface_01-01-62" finished-at="2021-10-04T17:15:38 KST" duration-ms="45751" status="PASS">
          <params>
            <param index="0">
              <value>
                <![CDATA[public void SDK_001_AudioPlayer_Interface.AudioPlayer_Interface_02_AudioPlayer_Template1.TC_01_01_62_01_AudioPlayerTemplate1의_contentlyricslyricsInfoListtime_확인(java.lang.reflect.Method) throws java.lang.Exception]]>
              </value>
            </param>
          </params>
          <reporter-output>
          </reporter-output>
        </test-method> <!-- TC_01_01_62_01_AudioPlayerTemplate1의_contentlyricslyricsInfoListtime_확인 -->
        <test-method is-config="true" signature="BeforeMethod(java.lang.reflect.Method)[pri:0, instance:SDK_001_AudioPlayer_Interface.AudioPlayer_Interface_02_AudioPlayer_Template1@36804139]" started-at="2021-10-04T17:15:38 KST" name="BeforeMethod" finished-at="2021-10-04T17:15:38 KST" duration-ms="1" status="PASS">
          <params>
            <param index="0">
              <value>
                <![CDATA[public void SDK_001_AudioPlayer_Interface.AudioPlayer_Interface_02_AudioPlayer_Template1.TC_01_01_62_02_AudioPlayerTemplate1의_contentlyricslyricsInfoListtime_확인(java.lang.reflect.Method) throws java.lang.Exception]]>
              </value>
            </param>
          </params>
          <reporter-output>
          </reporter-output>
        </test-method> <!-- BeforeMethod -->
        <test-method is-config="true" signature="AfterMethod(org.testng.ITestResult)[pri:0, instance:SDK_001_AudioPlayer_Interface.AudioPlayer_Interface_02_AudioPlayer_Template1@36804139]" started-at="2021-10-04T17:15:38 KST" name="AfterMethod" finished-at="2021-10-04T17:15:38 KST" duration-ms="0" status="PASS">
          <params>
            <param index="0">
              <value>
                <![CDATA[[TestResult name=TC_01_01_62_01_AudioPlayerTemplate1의_contentlyricslyricsInfoListtime_확인 status=SUCCESS method=AudioPlayer_Interface_02_AudioPlayer_Template1.TC_01_01_62_01_AudioPlayerTemplate1의_contentlyricslyricsInfoListtime_확인(java.lang.reflect.Method)[pri:0, instance:SDK_001_AudioPlayer_Interface.AudioPlayer_Interface_02_AudioPlayer_Template1@36804139] output={null}]]]>
              </value>
            </param>
          </params>
          <reporter-output>
          </reporter-output>
        </test-method> <!-- AfterMethod -->
        <test-method signature="TC_01_01_62_02_AudioPlayerTemplate1의_contentlyricslyricsInfoListtime_확인(java.lang.reflect.Method)[pri:0, instance:SDK_001_AudioPlayer_Interface.AudioPlayer_Interface_02_AudioPlayer_Template1@36804139]" started-at="2021-10-04T17:15:38 KST" name="TC_01_01_62_02_AudioPlayerTemplate1의_contentlyricslyricsInfoListtime_확인" description="SDK 리그레이션 TC : AudioPlayer_Interface_01-01-62" finished-at="2021-10-04T17:16:24 KST" duration-ms="46235" status="PASS">
          <params>
            <param index="0">
              <value>
                <![CDATA[public void SDK_001_AudioPlayer_Interface.AudioPlayer_Interface_02_AudioPlayer_Template1.TC_01_01_62_02_AudioPlayerTemplate1의_contentlyricslyricsInfoListtime_확인(java.lang.reflect.Method) throws java.lang.Exception]]>
              </value>
            </param>
          </params>
          <reporter-output>
          </reporter-output>
        </test-method> <!-- TC_01_01_62_02_AudioPlayerTemplate1의_contentlyricslyricsInfoListtime_확인 -->
        <test-method is-config="true" signature="AfterMethod(org.testng.ITestResult)[pri:0, instance:SDK_001_AudioPlayer_Interface.AudioPlayer_Interface_02_AudioPlayer_Template1@36804139]" started-at="2021-10-04T17:16:24 KST" name="AfterMethod" finished-at="2021-10-04T17:16:24 KST" duration-ms="1" status="PASS">
          <params>
            <param index="0">
              <value>
                <![CDATA[[TestResult name=TC_01_01_62_02_AudioPlayerTemplate1의_contentlyricslyricsInfoListtime_확인 status=SUCCESS method=AudioPlayer_Interface_02_AudioPlayer_Template1.TC_01_01_62_02_AudioPlayerTemplate1의_contentlyricslyricsInfoListtime_확인(java.lang.reflect.Method)[pri:0, instance:SDK_001_AudioPlayer_Interface.AudioPlayer_Interface_02_AudioPlayer_Template1@36804139] output={null}]]]>
              </value>
            </param>
          </params>
          <reporter-output>
          </reporter-output>
        </test-method> <!-- AfterMethod -->
        <test-method is-config="true" signature="BeforeMethod(java.lang.reflect.Method)[pri:0, instance:SDK_001_AudioPlayer_Interface.AudioPlayer_Interface_02_AudioPlayer_Template1@36804139]" started-at="2021-10-04T17:16:24 KST" name="BeforeMethod" finished-at="2021-10-04T17:16:24 KST" duration-ms="1" status="PASS">
          <params>
            <param index="0">
              <value>
                <![CDATA[public void SDK_001_AudioPlayer_Interface.AudioPlayer_Interface_02_AudioPlayer_Template1.TC_01_01_63_AudioPlayerTemplate1의_contentlyricslyricsInfoListtext_확인(java.lang.reflect.Method) throws java.lang.Exception]]>
              </value>
            </param>
          </params>
          <reporter-output>
          </reporter-output>
        </test-method> <!-- BeforeMethod -->
        <test-method signature="TC_01_01_63_AudioPlayerTemplate1의_contentlyricslyricsInfoListtext_확인(java.lang.reflect.Method)[pri:0, instance:SDK_001_AudioPlayer_Interface.AudioPlayer_Interface_02_AudioPlayer_Template1@36804139]" started-at="2021-10-04T17:16:24 KST" name="TC_01_01_63_AudioPlayerTemplate1의_contentlyricslyricsInfoListtext_확인" description="SDK 리그레이션 TC : AudioPlayer_Interface_01-01-63" finished-at="2021-10-04T17:16:38 KST" duration-ms="13649" status="PASS">
          <params>
            <param index="0">
              <value>
                <![CDATA[public void SDK_001_AudioPlayer_Interface.AudioPlayer_Interface_02_AudioPlayer_Template1.TC_01_01_63_AudioPlayerTemplate1의_contentlyricslyricsInfoListtext_확인(java.lang.reflect.Method) throws java.lang.Exception]]>
              </value>
            </param>
          </params>
          <reporter-output>
          </reporter-output>
        </test-method> <!-- TC_01_01_63_AudioPlayerTemplate1의_contentlyricslyricsInfoListtext_확인 -->
        <test-method is-config="true" signature="BeforeMethod(java.lang.reflect.Method)[pri:0, instance:SDK_001_AudioPlayer_Interface.AudioPlayer_Interface_02_AudioPlayer_Template1@36804139]" started-at="2021-10-04T17:16:38 KST" name="BeforeMethod" finished-at="2021-10-04T17:16:38 KST" duration-ms="0" status="PASS">
          <params>
            <param index="0">
              <value>
                <![CDATA[public void SDK_001_AudioPlayer_Interface.AudioPlayer_Interface_02_AudioPlayer_Template1.TC_01_01_64_AudioPlayerTemplate1의_contentlyricslyricsInfoListshowButton_확인(java.lang.reflect.Method) throws java.lang.Exception]]>
              </value>
            </param>
          </params>
          <reporter-output>
          </reporter-output>
        </test-method> <!-- BeforeMethod -->
        <test-method signature="TC_01_01_64_AudioPlayerTemplate1의_contentlyricslyricsInfoListshowButton_확인(java.lang.reflect.Method)[pri:0, instance:SDK_001_AudioPlayer_Interface.AudioPlayer_Interface_02_AudioPlayer_Template1@36804139]" started-at="2021-10-04T17:16:38 KST" name="TC_01_01_64_AudioPlayerTemplate1의_contentlyricslyricsInfoListshowButton_확인" description="SDK 리그레이션 TC : AudioPlayer_Interface_01-01-64" finished-at="2021-10-04T17:17:41 KST" duration-ms="62999" status="PASS">
          <params>
            <param index="0">
              <value>
                <![CDATA[public void SDK_001_AudioPlayer_Interface.AudioPlayer_Interface_02_AudioPlayer_Template1.TC_01_01_64_AudioPlayerTemplate1의_contentlyricslyricsInfoListshowButton_확인(java.lang.reflect.Method) throws java.lang.Exception]]>
              </value>
            </param>
          </params>
          <reporter-output>
          </reporter-output>
        </test-method> <!-- TC_01_01_64_AudioPlayerTemplate1의_contentlyricslyricsInfoListshowButton_확인 -->
        <test-method is-config="true" signature="AfterMethod(org.testng.ITestResult)[pri:0, instance:SDK_001_AudioPlayer_Interface.AudioPlayer_Interface_02_AudioPlayer_Template1@36804139]" started-at="2021-10-04T17:16:38 KST" name="AfterMethod" finished-at="2021-10-04T17:16:38 KST" duration-ms="0" status="PASS">
          <params>
            <param index="0">
              <value>
                <![CDATA[[TestResult name=TC_01_01_63_AudioPlayerTemplate1의_contentlyricslyricsInfoListtext_확인 status=SUCCESS method=AudioPlayer_Interface_02_AudioPlayer_Template1.TC_01_01_63_AudioPlayerTemplate1의_contentlyricslyricsInfoListtext_확인(java.lang.reflect.Method)[pri:0, instance:SDK_001_AudioPlayer_Interface.AudioPlayer_Interface_02_AudioPlayer_Template1@36804139] output={null}]]]>
              </value>
            </param>
          </params>
          <reporter-output>
          </reporter-output>
        </test-method> <!-- AfterMethod -->
        <test-method is-config="true" signature="AfterMethod(org.testng.ITestResult)[pri:0, instance:SDK_001_AudioPlayer_Interface.AudioPlayer_Interface_02_AudioPlayer_Template1@36804139]" started-at="2021-10-04T17:17:41 KST" name="AfterMethod" finished-at="2021-10-04T17:17:41 KST" duration-ms="1" status="PASS">
          <params>
            <param index="0">
              <value>
                <![CDATA[[TestResult name=TC_01_01_64_AudioPlayerTemplate1의_contentlyricslyricsInfoListshowButton_확인 status=SUCCESS method=AudioPlayer_Interface_02_AudioPlayer_Template1.TC_01_01_64_AudioPlayerTemplate1의_contentlyricslyricsInfoListshowButton_확인(java.lang.reflect.Method)[pri:0, instance:SDK_001_AudioPlayer_Interface.AudioPlayer_Interface_02_AudioPlayer_Template1@36804139] output={null}]]]>
              </value>
            </param>
          </params>
          <reporter-output>
          </reporter-output>
        </test-method> <!-- AfterMethod -->
        <test-method signature="TC_01_01_65_좋아요미지원Play_AudioPlayerTemplate1의_settingsfavorite_확인(java.lang.reflect.Method)[pri:0, instance:SDK_001_AudioPlayer_Interface.AudioPlayer_Interface_02_AudioPlayer_Template1@36804139]" started-at="2021-10-04T17:17:41 KST" name="TC_01_01_65_좋아요미지원Play_AudioPlayerTemplate1의_settingsfavorite_확인" description="SDK 리그레이션 TC : AudioPlayer_Interface_01-01-65" finished-at="2021-10-04T17:18:36 KST" duration-ms="55708" status="PASS">
          <params>
            <param index="0">
              <value>
                <![CDATA[public void SDK_001_AudioPlayer_Interface.AudioPlayer_Interface_02_AudioPlayer_Template1.TC_01_01_65_좋아요미지원Play_AudioPlayerTemplate1의_settingsfavorite_확인(java.lang.reflect.Method) throws java.lang.Exception]]>
              </value>
            </param>
          </params>
          <reporter-output>
          </reporter-output>
        </test-method> <!-- TC_01_01_65_좋아요미지원Play_AudioPlayerTemplate1의_settingsfavorite_확인 -->
        <test-method is-config="true" signature="BeforeMethod(java.lang.reflect.Method)[pri:0, instance:SDK_001_AudioPlayer_Interface.AudioPlayer_Interface_02_AudioPlayer_Template1@36804139]" started-at="2021-10-04T17:17:41 KST" name="BeforeMethod" finished-at="2021-10-04T17:17:41 KST" duration-ms="0" status="PASS">
          <params>
            <param index="0">
              <value>
                <![CDATA[public void SDK_001_AudioPlayer_Interface.AudioPlayer_Interface_02_AudioPlayer_Template1.TC_01_01_65_좋아요미지원Play_AudioPlayerTemplate1의_settingsfavorite_확인(java.lang.reflect.Method) throws java.lang.Exception]]>
              </value>
            </param>
          </params>
          <reporter-output>
          </reporter-output>
        </test-method> <!-- BeforeMethod -->
        <test-method is-config="true" signature="AfterMethod(org.testng.ITestResult)[pri:0, instance:SDK_001_AudioPlayer_Interface.AudioPlayer_Interface_02_AudioPlayer_Template1@36804139]" started-at="2021-10-04T17:18:36 KST" name="AfterMethod" finished-at="2021-10-04T17:18:36 KST" duration-ms="1" status="PASS">
          <params>
            <param index="0">
              <value>
                <![CDATA[[TestResult name=TC_01_01_65_좋아요미지원Play_AudioPlayerTemplate1의_settingsfavorite_확인 status=SUCCESS method=AudioPlayer_Interface_02_AudioPlayer_Template1.TC_01_01_65_좋아요미지원Play_AudioPlayerTemplate1의_settingsfavorite_확인(java.lang.reflect.Method)[pri:0, instance:SDK_001_AudioPlayer_Interface.AudioPlayer_Interface_02_AudioPlayer_Template1@36804139] output={null}]]]>
              </value>
            </param>
          </params>
          <reporter-output>
          </reporter-output>
        </test-method> <!-- AfterMethod -->
        <test-method is-config="true" signature="BeforeMethod(java.lang.reflect.Method)[pri:0, instance:SDK_001_AudioPlayer_Interface.AudioPlayer_Interface_02_AudioPlayer_Template1@36804139]" started-at="2021-10-04T17:18:36 KST" name="BeforeMethod" finished-at="2021-10-04T17:18:36 KST" duration-ms="3" status="PASS">
          <params>
            <param index="0">
              <value>
                <![CDATA[public void SDK_001_AudioPlayer_Interface.AudioPlayer_Interface_02_AudioPlayer_Template1.TC_01_01_66_좋아요지원Play_AudioPlayerTemplate1의_settingsfavorite_확인(java.lang.reflect.Method) throws java.lang.Exception]]>
              </value>
            </param>
          </params>
          <reporter-output>
          </reporter-output>
        </test-method> <!-- BeforeMethod -->
        <test-method signature="TC_01_01_66_좋아요지원Play_AudioPlayerTemplate1의_settingsfavorite_확인(java.lang.reflect.Method)[pri:0, instance:SDK_001_AudioPlayer_Interface.AudioPlayer_Interface_02_AudioPlayer_Template1@36804139]" started-at="2021-10-04T17:18:36 KST" name="TC_01_01_66_좋아요지원Play_AudioPlayerTemplate1의_settingsfavorite_확인" description="SDK 리그레이션 TC : AudioPlayer_Interface_01-01-66" finished-at="2021-10-04T17:20:33 KST" duration-ms="116476" status="PASS">
          <params>
            <param index="0">
              <value>
                <![CDATA[public void SDK_001_AudioPlayer_Interface.AudioPlayer_Interface_02_AudioPlayer_Template1.TC_01_01_66_좋아요지원Play_AudioPlayerTemplate1의_settingsfavorite_확인(java.lang.reflect.Method) throws java.lang.Exception]]>
              </value>
            </param>
          </params>
          <reporter-output>
          </reporter-output>
        </test-method> <!-- TC_01_01_66_좋아요지원Play_AudioPlayerTemplate1의_settingsfavorite_확인 -->
        <test-method is-config="true" signature="AfterMethod(org.testng.ITestResult)[pri:0, instance:SDK_001_AudioPlayer_Interface.AudioPlayer_Interface_02_AudioPlayer_Template1@36804139]" started-at="2021-10-04T17:20:33 KST" name="AfterMethod" finished-at="2021-10-04T17:20:33 KST" duration-ms="0" status="PASS">
          <params>
            <param index="0">
              <value>
                <![CDATA[[TestResult name=TC_01_01_66_좋아요지원Play_AudioPlayerTemplate1의_settingsfavorite_확인 status=SUCCESS method=AudioPlayer_Interface_02_AudioPlayer_Template1.TC_01_01_66_좋아요지원Play_AudioPlayerTemplate1의_settingsfavorite_확인(java.lang.reflect.Method)[pri:0, instance:SDK_001_AudioPlayer_Interface.AudioPlayer_Interface_02_AudioPlayer_Template1@36804139] output={null}]]]>
              </value>
            </param>
          </params>
          <reporter-output>
          </reporter-output>
        </test-method> <!-- AfterMethod -->
        <test-method is-config="true" signature="BeforeMethod(java.lang.reflect.Method)[pri:0, instance:SDK_001_AudioPlayer_Interface.AudioPlayer_Interface_02_AudioPlayer_Template1@36804139]" started-at="2021-10-04T17:20:33 KST" name="BeforeMethod" finished-at="2021-10-04T17:20:33 KST" duration-ms="0" status="PASS">
          <params>
            <param index="0">
              <value>
                <![CDATA[public void SDK_001_AudioPlayer_Interface.AudioPlayer_Interface_02_AudioPlayer_Template1.TC_01_01_67_Play_AudioPlayerTemplate1의_settingsfavorite_변동값확인(java.lang.reflect.Method) throws java.lang.Exception]]>
              </value>
            </param>
          </params>
          <reporter-output>
          </reporter-output>
        </test-method> <!-- BeforeMethod -->
        <test-method signature="TC_01_01_67_Play_AudioPlayerTemplate1의_settingsfavorite_변동값확인(java.lang.reflect.Method)[pri:0, instance:SDK_001_AudioPlayer_Interface.AudioPlayer_Interface_02_AudioPlayer_Template1@36804139]" started-at="2021-10-04T17:20:33 KST" name="TC_01_01_67_Play_AudioPlayerTemplate1의_settingsfavorite_변동값확인" description="SDK 리그레이션 TC : AudioPlayer_Interface_01-01-67" finished-at="2021-10-04T17:21:02 KST" duration-ms="28943" status="FAIL">
          <params>
            <param index="0">
              <value>
                <![CDATA[public void SDK_001_AudioPlayer_Interface.AudioPlayer_Interface_02_AudioPlayer_Template1.TC_01_01_67_Play_AudioPlayerTemplate1의_settingsfavorite_변동값확인(java.lang.reflect.Method) throws java.lang.Exception]]>
              </value>
            </param>
          </params>
          <exception class="junit.framework.AssertionFailedError">
            <full-stacktrace>
              <![CDATA[junit.framework.AssertionFailedError
at junit.framework.Assert.fail(Assert.java:47)
at junit.framework.Assert.assertTrue(Assert.java:20)
at junit.framework.Assert.assertTrue(Assert.java:27)
at SDK_001_AudioPlayer_Interface.AudioPlayer_Interface_02_AudioPlayer_Template1.TC_01_01_67_Play_AudioPlayerTemplate1의_settingsfavorite_변동값확인(AudioPlayer_Interface_02_AudioPlayer_Template1.java:652)
at java.base/jdk.internal.reflect.NativeMethodAccessorImpl.invoke0(Native Method)
at java.base/jdk.internal.reflect.NativeMethodAccessorImpl.invoke(NativeMethodAccessorImpl.java:64)
at java.base/jdk.internal.reflect.DelegatingMethodAccessorImpl.invoke(DelegatingMethodAccessorImpl.java:43)
at java.base/java.lang.reflect.Method.invoke(Method.java:564)
at org.testng.internal.MethodInvocationHelper.invokeMethod(MethodInvocationHelper.java:133)
at org.testng.internal.TestInvoker.invokeMethod(TestInvoker.java:598)
at org.testng.internal.TestInvoker.invokeTestMethod(TestInvoker.java:173)
at org.testng.internal.MethodRunner.runInSequence(MethodRunner.java:46)
at org.testng.internal.TestInvoker$MethodInvocationAgent.invoke(TestInvoker.java:824)
at org.testng.internal.TestInvoker.invokeTestMethods(TestInvoker.java:146)
at org.testng.internal.TestMethodWorker.invokeTestMethods(TestMethodWorker.java:146)
at org.testng.internal.TestMethodWorker.run(TestMethodWorker.java:128)
at java.base/java.util.ArrayList.forEach(ArrayList.java:1511)
at org.testng.TestRunner.privateRun(TestRunner.java:794)
at org.testng.TestRunner.run(TestRunner.java:596)
at org.testng.SuiteRunner.runTest(SuiteRunner.java:377)
at org.testng.SuiteRunner.access$000(SuiteRunner.java:28)
at org.testng.SuiteRunner$SuiteWorker.run(SuiteRunner.java:418)
at org.testng.internal.thread.ThreadUtil.lambda$execute$0(ThreadUtil.java:64)
at java.base/java.util.concurrent.FutureTask.run(FutureTask.java:264)
at java.base/java.util.concurrent.ThreadPoolExecutor.runWorker(ThreadPoolExecutor.java:1130)
at java.base/java.util.concurrent.ThreadPoolExecutor$Worker.run(ThreadPoolExecutor.java:630)
at java.base/java.lang.Thread.run(Thread.java:832)
]]>
            </full-stacktrace>
          </exception> <!-- junit.framework.AssertionFailedError -->
          <reporter-output>
          </reporter-output>
        </test-method> <!-- TC_01_01_67_Play_AudioPlayerTemplate1의_settingsfavorite_변동값확인 -->
        <test-method is-config="true" signature="AfterMethod(org.testng.ITestResult)[pri:0, instance:SDK_001_AudioPlayer_Interface.AudioPlayer_Interface_02_AudioPlayer_Template1@36804139]" started-at="2021-10-04T17:21:02 KST" name="AfterMethod" finished-at="2021-10-04T17:21:02 KST" duration-ms="729" status="PASS">
          <params>
            <param index="0">
              <value>
                <![CDATA[[TestResult name=TC_01_01_67_Play_AudioPlayerTemplate1의_settingsfavorite_변동값확인 status=FAILURE method=AudioPlayer_Interface_02_AudioPlayer_Template1.TC_01_01_67_Play_AudioPlayerTemplate1의_settingsfavorite_변동값확인(java.lang.reflect.Method)[pri:0, instance:SDK_001_AudioPlayer_Interface.AudioPlayer_Interface_02_AudioPlayer_Template1@36804139] output={null}]]]>
              </value>
            </param>
          </params>
          <reporter-output>
          </reporter-output>
        </test-method> <!-- AfterMethod -->
        <test-method signature="TC_01_01_68_Play_AudioPlayerTemplate1의_settingsrepeat_변동값확인(java.lang.reflect.Method)[pri:0, instance:SDK_001_AudioPlayer_Interface.AudioPlayer_Interface_02_AudioPlayer_Template1@36804139]" started-at="2021-10-04T17:21:02 KST" name="TC_01_01_68_Play_AudioPlayerTemplate1의_settingsrepeat_변동값확인" description="SDK 리그레이션 TC : AudioPlayer_Interface_01-01-68" finished-at="2021-10-04T17:22:04 KST" duration-ms="61047" status="PASS">
          <params>
            <param index="0">
              <value>
                <![CDATA[public void SDK_001_AudioPlayer_Interface.AudioPlayer_Interface_02_AudioPlayer_Template1.TC_01_01_68_Play_AudioPlayerTemplate1의_settingsrepeat_변동값확인(java.lang.reflect.Method) throws java.lang.Exception]]>
              </value>
            </param>
          </params>
          <reporter-output>
          </reporter-output>
        </test-method> <!-- TC_01_01_68_Play_AudioPlayerTemplate1의_settingsrepeat_변동값확인 -->
        <test-method is-config="true" signature="BeforeMethod(java.lang.reflect.Method)[pri:0, instance:SDK_001_AudioPlayer_Interface.AudioPlayer_Interface_02_AudioPlayer_Template1@36804139]" started-at="2021-10-04T17:21:02 KST" name="BeforeMethod" finished-at="2021-10-04T17:21:02 KST" duration-ms="0" status="PASS">
          <params>
            <param index="0">
              <value>
                <![CDATA[public void SDK_001_AudioPlayer_Interface.AudioPlayer_Interface_02_AudioPlayer_Template1.TC_01_01_68_Play_AudioPlayerTemplate1의_settingsrepeat_변동값확인(java.lang.reflect.Method) throws java.lang.Exception]]>
              </value>
            </param>
          </params>
          <reporter-output>
          </reporter-output>
        </test-method> <!-- BeforeMethod -->
        <test-method is-config="true" signature="AfterMethod(org.testng.ITestResult)[pri:0, instance:SDK_001_AudioPlayer_Interface.AudioPlayer_Interface_02_AudioPlayer_Template1@36804139]" started-at="2021-10-04T17:22:04 KST" name="AfterMethod" finished-at="2021-10-04T17:22:04 KST" duration-ms="1" status="PASS">
          <params>
            <param index="0">
              <value>
                <![CDATA[[TestResult name=TC_01_01_68_Play_AudioPlayerTemplate1의_settingsrepeat_변동값확인 status=SUCCESS method=AudioPlayer_Interface_02_AudioPlayer_Template1.TC_01_01_68_Play_AudioPlayerTemplate1의_settingsrepeat_변동값확인(java.lang.reflect.Method)[pri:0, instance:SDK_001_AudioPlayer_Interface.AudioPlayer_Interface_02_AudioPlayer_Template1@36804139] output={null}]]]>
              </value>
            </param>
          </params>
          <reporter-output>
          </reporter-output>
        </test-method> <!-- AfterMethod -->
        <test-method is-config="true" signature="BeforeMethod(java.lang.reflect.Method)[pri:0, instance:SDK_001_AudioPlayer_Interface.AudioPlayer_Interface_02_AudioPlayer_Template1@36804139]" started-at="2021-10-04T17:22:04 KST" name="BeforeMethod" finished-at="2021-10-04T17:22:04 KST" duration-ms="1" status="PASS">
          <params>
            <param index="0">
              <value>
                <![CDATA[public void SDK_001_AudioPlayer_Interface.AudioPlayer_Interface_02_AudioPlayer_Template1.TC_01_01_69_Play_AudioPlayerTemplate1의_settingsshuffle_변동값확인(java.lang.reflect.Method) throws java.lang.Exception]]>
              </value>
            </param>
          </params>
          <reporter-output>
          </reporter-output>
        </test-method> <!-- BeforeMethod -->
        <test-method signature="TC_01_01_69_Play_AudioPlayerTemplate1의_settingsshuffle_변동값확인(java.lang.reflect.Method)[pri:0, instance:SDK_001_AudioPlayer_Interface.AudioPlayer_Interface_02_AudioPlayer_Template1@36804139]" started-at="2021-10-04T17:22:04 KST" name="TC_01_01_69_Play_AudioPlayerTemplate1의_settingsshuffle_변동값확인" description="SDK 리그레이션 TC : AudioPlayer_Interface_01-01-68" finished-at="2021-10-04T17:23:19 KST" duration-ms="75495" status="PASS">
          <params>
            <param index="0">
              <value>
                <![CDATA[public void SDK_001_AudioPlayer_Interface.AudioPlayer_Interface_02_AudioPlayer_Template1.TC_01_01_69_Play_AudioPlayerTemplate1의_settingsshuffle_변동값확인(java.lang.reflect.Method) throws java.lang.Exception]]>
              </value>
            </param>
          </params>
          <reporter-output>
          </reporter-output>
        </test-method> <!-- TC_01_01_69_Play_AudioPlayerTemplate1의_settingsshuffle_변동값확인 -->
        <test-method is-config="true" signature="AfterMethod(org.testng.ITestResult)[pri:0, instance:SDK_001_AudioPlayer_Interface.AudioPlayer_Interface_02_AudioPlayer_Template1@36804139]" started-at="2021-10-04T17:23:19 KST" name="AfterMethod" finished-at="2021-10-04T17:23:19 KST" duration-ms="1" status="PASS">
          <params>
            <param index="0">
              <value>
                <![CDATA[[TestResult name=TC_01_01_69_Play_AudioPlayerTemplate1의_settingsshuffle_변동값확인 status=SUCCESS method=AudioPlayer_Interface_02_AudioPlayer_Template1.TC_01_01_69_Play_AudioPlayerTemplate1의_settingsshuffle_변동값확인(java.lang.reflect.Method)[pri:0, instance:SDK_001_AudioPlayer_Interface.AudioPlayer_Interface_02_AudioPlayer_Template1@36804139] output={null}]]]>
              </value>
            </param>
          </params>
          <reporter-output>
          </reporter-output>
        </test-method> <!-- AfterMethod -->
        <test-method is-config="true" signature="tearDownClass(java.lang.String,java.lang.String,java.lang.String,java.lang.String,java.lang.String,java.lang.String)[pri:0, instance:SDK_001_AudioPlayer_Interface.AudioPlayer_Interface_02_AudioPlayer_Template1@36804139]" started-at="2021-10-04T17:23:19 KST" name="tearDownClass" finished-at="2021-10-04T17:23:21 KST" duration-ms="1517" status="PASS">
          <params>
            <param index="0">
              <value>
                <![CDATA[PRD]]>
              </value>
            </param>
            <param index="1">
              <value>
                <![CDATA[SDK]]>
              </value>
            </param>
            <param index="2">
              <value>
                <![CDATA[out]]>
              </value>
            </param>
            <param index="3">
              <value>
                <![CDATA[R33M4000CY]]>
              </value>
            </param>
            <param index="4">
              <value>
                <![CDATA[ALDF3NYA6C0D0C654DD2]]>
              </value>
            </param>
            <param index="5">
              <value>
                <![CDATA[ALDFR7K5QIZLF9F3FBA3]]>
              </value>
            </param>
          </params>
          <reporter-output>
          </reporter-output>
        </test-method> <!-- tearDownClass -->
      </class> <!-- SDK_001_AudioPlayer_Interface.AudioPlayer_Interface_02_AudioPlayer_Template1 -->
    </test> <!-- Test_Project -->
  </suite> <!-- ExtentReport -->
</testng-results>
