<?xml version="1.0" encoding="UTF-8"?>
<testng-results ignored="0" total="1" passed="1" failed="0" skipped="0">
  <reporter-output>
  </reporter-output>
  <suite started-at="2023-02-27T11:43:32 KST" name="ExtentReport" finished-at="2023-02-27T11:44:05 KST" duration-ms="32475">
    <groups>
    </groups>
    <test started-at="2023-02-27T11:43:32 KST" name="Test_Project" finished-at="2023-02-27T11:44:05 KST" duration-ms="32475">
      <class name="Apollo_001_Test.Apollo_01_공통">
        <test-method is-config="true" signature="setupClass(java.lang.String,java.lang.String,java.lang.String,java.lang.String,java.lang.String,java.lang.String,java.lang.String,java.lang.String,java.lang.String,java.lang.String)[pri:0, instance:Apollo_001_Test.Apollo_01_공통@233795b6]" started-at="2023-02-27T11:43:32 KST" name="setupClass" finished-at="2023-02-27T11:43:43 KST" duration-ms="10517" status="PASS">
          <params>
            <param index="0">
              <value>
                <![CDATA[Android]]>
              </value>
            </param>
            <param index="1">
              <value>
                <![CDATA[APOLLO_STG]]>
              </value>
            </param>
            <param index="2">
              <value>
                <![CDATA[http://0.0.0.0:4723/wd/hub]]>
              </value>
            </param>
            <param index="3">
              <value>
                <![CDATA[STG]]>
              </value>
            </param>
            <param index="4">
              <value>
                <![CDATA[Apollo]]>
              </value>
            </param>
            <param index="5">
              <value>
                <![CDATA[in]]>
              </value>
            </param>
            <param index="6">
              <value>
                <![CDATA[R33M4000CY]]>
              </value>
            </param>
            <param index="7">
              <value>
                <![CDATA[adot]]>
              </value>
            </param>
            <param index="8">
              <value>
                <![CDATA[APL00000BTEPAZ4LHSLC]]>
              </value>
            </param>
            <param index="9">
              <value>
                <![CDATA[APL00000BTEPAZ6TEJNK]]>
              </value>
            </param>
          </params>
          <reporter-output>
          </reporter-output>
        </test-method> <!-- setupClass -->
        <test-method is-config="true" signature="BeforeMethod(java.lang.reflect.Method)[pri:0, instance:Apollo_001_Test.Apollo_01_공통@233795b6]" started-at="2023-02-27T11:43:43 KST" name="BeforeMethod" finished-at="2023-02-27T11:43:43 KST" duration-ms="4" status="PASS">
          <params>
            <param index="0">
              <value>
                <![CDATA[public void Apollo_001_Test.Apollo_01_공통.TC_002_005_001_sidemenu_profile_캐릭터프로필영역(java.lang.reflect.Method) throws java.lang.Exception]]>
              </value>
            </param>
          </params>
          <reporter-output>
          </reporter-output>
        </test-method> <!-- BeforeMethod -->
        <test-method signature="TC_002_005_001_sidemenu_profile_캐릭터프로필영역(java.lang.reflect.Method)[pri:0, instance:Apollo_001_Test.Apollo_01_공통@233795b6]" started-at="2023-02-27T11:43:43 KST" name="TC_002_005_001_sidemenu_profile_캐릭터프로필영역" description="A. Hotfix Regression Test : 002-005-001 sidemenu_profile 캐릭터 프로필 영역(os 동일)" finished-at="2023-02-27T11:44:04 KST" duration-ms="21341" status="PASS">
          <params>
            <param index="0">
              <value>
                <![CDATA[public void Apollo_001_Test.Apollo_01_공통.TC_002_005_001_sidemenu_profile_캐릭터프로필영역(java.lang.reflect.Method) throws java.lang.Exception]]>
              </value>
            </param>
          </params>
          <reporter-output>
          </reporter-output>
        </test-method> <!-- TC_002_005_001_sidemenu_profile_캐릭터프로필영역 -->
        <test-method is-config="true" signature="AfterMethod(org.testng.ITestResult)[pri:0, instance:Apollo_001_Test.Apollo_01_공통@233795b6]" started-at="2023-02-27T11:44:04 KST" name="AfterMethod" finished-at="2023-02-27T11:44:04 KST" duration-ms="0" status="PASS">
          <params>
            <param index="0">
              <value>
                <![CDATA[[TestResult name=TC_002_005_001_sidemenu_profile_캐릭터프로필영역 status=SUCCESS method=Apollo_01_공통.TC_002_005_001_sidemenu_profile_캐릭터프로필영역(java.lang.reflect.Method)[pri:0, instance:Apollo_001_Test.Apollo_01_공통@233795b6] output={null}]]]>
              </value>
            </param>
          </params>
          <reporter-output>
          </reporter-output>
        </test-method> <!-- AfterMethod -->
        <test-method is-config="true" signature="tearDownClass(java.lang.String,java.lang.String,java.lang.String,java.lang.String,java.lang.String,java.lang.String,java.lang.String)[pri:0, instance:Apollo_001_Test.Apollo_01_공통@233795b6]" started-at="2023-02-27T11:44:04 KST" name="tearDownClass" finished-at="2023-02-27T11:44:05 KST" duration-ms="595" status="PASS">
          <params>
            <param index="0">
              <value>
                <![CDATA[STG]]>
              </value>
            </param>
            <param index="1">
              <value>
                <![CDATA[APOLLO_STG]]>
              </value>
            </param>
            <param index="2">
              <value>
                <![CDATA[in]]>
              </value>
            </param>
            <param index="3">
              <value>
                <![CDATA[R33M4000CY]]>
              </value>
            </param>
            <param index="4">
              <value>
                <![CDATA[adot]]>
              </value>
            </param>
            <param index="5">
              <value>
                <![CDATA[APL00000BTEPAZ4LHSLC]]>
              </value>
            </param>
            <param index="6">
              <value>
                <![CDATA[APL00000BTEPAZ6TEJNK]]>
              </value>
            </param>
          </params>
          <reporter-output>
          </reporter-output>
        </test-method> <!-- tearDownClass -->
      </class> <!-- Apollo_001_Test.Apollo_01_공통 -->
    </test> <!-- Test_Project -->
  </suite> <!-- ExtentReport -->
</testng-results>
