<?xml version="1.0" encoding="UTF-8"?>
<testng-results skipped="0" failed="0" ignored="0" total="1" passed="1">
  <reporter-output>
  </reporter-output>
  <suite name="ExtentReport" duration-ms="78119" started-at="2021-09-11T19:11:26 KST" finished-at="2021-09-11T19:12:44 KST">
    <groups>
    </groups>
    <test name="Test_Project" duration-ms="78119" started-at="2021-09-11T19:11:26 KST" finished-at="2021-09-11T19:12:44 KST">
      <class name="SDK_001_AudioPlayer_Interface.AudioPlayer_Interface">
        <test-method status="PASS" signature="setupClass(java.lang.String,java.lang.String,java.lang.String,java.lang.String,java.lang.String,java.lang.String,java.lang.String,java.lang.String,java.lang.String)[pri:0, instance:SDK_001_AudioPlayer_Interface.AudioPlayer_Interface@3c87521]" name="setupClass" is-config="true" duration-ms="20237" started-at="2021-09-11T19:11:26 KST" finished-at="2021-09-11T19:11:46 KST">
          <params>
            <param index="0">
              <value>
                <![CDATA[Android]]>
              </value>
            </param>
            <param index="1">
              <value>
                <![CDATA[SDK]]>
              </value>
            </param>
            <param index="2">
              <value>
                <![CDATA[http://0.0.0.0:4723/wd/hub]]>
              </value>
            </param>
            <param index="3">
              <value>
                <![CDATA[PRD]]>
              </value>
            </param>
            <param index="4">
              <value>
                <![CDATA[SDK]]>
              </value>
            </param>
            <param index="5">
              <value>
                <![CDATA[in]]>
              </value>
            </param>
            <param index="6">
              <value>
                <![CDATA[R33M4000CY]]>
              </value>
            </param>
            <param index="7">
              <value>
                <![CDATA[ALDF3NYA6C0D0C654DD2]]>
              </value>
            </param>
            <param index="8">
              <value>
                <![CDATA[ALDFR7K5QIZLF9F3FBA3]]>
              </value>
            </param>
          </params>
          <reporter-output>
          </reporter-output>
        </test-method> <!-- setupClass -->
        <test-method status="PASS" signature="BeforeMethod(java.lang.reflect.Method)[pri:0, instance:SDK_001_AudioPlayer_Interface.AudioPlayer_Interface@3c87521]" name="BeforeMethod" is-config="true" duration-ms="61" started-at="2021-09-11T19:11:47 KST" finished-at="2021-09-11T19:11:47 KST">
          <params>
            <param index="0">
              <value>
                <![CDATA[public void SDK_001_AudioPlayer_Interface.AudioPlayer_Interface.TC_01_01_01_AudioState_IDLE에서_PLAYING_전환확인(java.lang.reflect.Method) throws java.lang.Exception]]>
              </value>
            </param>
          </params>
          <reporter-output>
          </reporter-output>
        </test-method> <!-- BeforeMethod -->
        <test-method status="PASS" signature="TC_01_01_01_AudioState_IDLE에서_PLAYING_전환확인(java.lang.reflect.Method)[pri:0, instance:SDK_001_AudioPlayer_Interface.AudioPlayer_Interface@3c87521]" name="TC_01_01_01_AudioState_IDLE에서_PLAYING_전환확인" duration-ms="55705" started-at="2021-09-11T19:11:47 KST" description="SDK 리그레이션 TC : AudioPlayer_Interface_01-01-01" finished-at="2021-09-11T19:12:42 KST">
          <params>
            <param index="0">
              <value>
                <![CDATA[public void SDK_001_AudioPlayer_Interface.AudioPlayer_Interface.TC_01_01_01_AudioState_IDLE에서_PLAYING_전환확인(java.lang.reflect.Method) throws java.lang.Exception]]>
              </value>
            </param>
          </params>
          <reporter-output>
          </reporter-output>
        </test-method> <!-- TC_01_01_01_AudioState_IDLE에서_PLAYING_전환확인 -->
        <test-method status="PASS" signature="AfterMethod(org.testng.ITestResult)[pri:0, instance:SDK_001_AudioPlayer_Interface.AudioPlayer_Interface@3c87521]" name="AfterMethod" is-config="true" duration-ms="11" started-at="2021-09-11T19:12:42 KST" finished-at="2021-09-11T19:12:42 KST">
          <params>
            <param index="0">
              <value>
                <![CDATA[[TestResult name=TC_01_01_01_AudioState_IDLE에서_PLAYING_전환확인 status=SUCCESS method=AudioPlayer_Interface.TC_01_01_01_AudioState_IDLE에서_PLAYING_전환확인(java.lang.reflect.Method)[pri:0, instance:SDK_001_AudioPlayer_Interface.AudioPlayer_Interface@3c87521] output={null}]]]>
              </value>
            </param>
          </params>
          <reporter-output>
          </reporter-output>
        </test-method> <!-- AfterMethod -->
        <test-method status="PASS" signature="tearDownClass(java.lang.String,java.lang.String,java.lang.String,java.lang.String,java.lang.String,java.lang.String)[pri:0, instance:SDK_001_AudioPlayer_Interface.AudioPlayer_Interface@3c87521]" name="tearDownClass" is-config="true" duration-ms="1977" started-at="2021-09-11T19:12:42 KST" finished-at="2021-09-11T19:12:44 KST">
          <params>
            <param index="0">
              <value>
                <![CDATA[PRD]]>
              </value>
            </param>
            <param index="1">
              <value>
                <![CDATA[SDK]]>
              </value>
            </param>
            <param index="2">
              <value>
                <![CDATA[in]]>
              </value>
            </param>
            <param index="3">
              <value>
                <![CDATA[R33M4000CY]]>
              </value>
            </param>
            <param index="4">
              <value>
                <![CDATA[ALDF3NYA6C0D0C654DD2]]>
              </value>
            </param>
            <param index="5">
              <value>
                <![CDATA[ALDFR7K5QIZLF9F3FBA3]]>
              </value>
            </param>
          </params>
          <reporter-output>
          </reporter-output>
        </test-method> <!-- tearDownClass -->
      </class> <!-- SDK_001_AudioPlayer_Interface.AudioPlayer_Interface -->
    </test> <!-- Test_Project -->
  </suite> <!-- ExtentReport -->
</testng-results>
