<?xml version="1.0" encoding="UTF-8"?>
<testng-results ignored="0" total="71" passed="70" failed="1" skipped="0">
  <reporter-output>
  </reporter-output>
  <suite started-at="2021-10-04T18:49:19 KST" name="ExtentReport" finished-at="2021-10-04T19:49:43 KST" duration-ms="3624168">
    <groups>
    </groups>
    <test started-at="2021-10-04T18:49:19 KST" name="Test_Project" finished-at="2021-10-04T19:49:43 KST" duration-ms="3624168">
      <class name="SDK_001_AudioPlayer_Interface.AudioPlayer_Interface_02_AudioPlayer_Template1">
        <test-method is-config="true" signature="setupClass(java.lang.String,java.lang.String,java.lang.String,java.lang.String,java.lang.String,java.lang.String,java.lang.String,java.lang.String,java.lang.String)[pri:0, instance:SDK_001_AudioPlayer_Interface.AudioPlayer_Interface_02_AudioPlayer_Template1@18317edc]" started-at="2021-10-04T19:32:58 KST" name="setupClass" finished-at="2021-10-04T19:33:10 KST" duration-ms="11753" status="PASS">
          <params>
            <param index="0">
              <value>
                <![CDATA[Android]]>
              </value>
            </param>
            <param index="1">
              <value>
                <![CDATA[SDK]]>
              </value>
            </param>
            <param index="2">
              <value>
                <![CDATA[http://0.0.0.0:4723/wd/hub]]>
              </value>
            </param>
            <param index="3">
              <value>
                <![CDATA[PRD]]>
              </value>
            </param>
            <param index="4">
              <value>
                <![CDATA[SDK]]>
              </value>
            </param>
            <param index="5">
              <value>
                <![CDATA[out]]>
              </value>
            </param>
            <param index="6">
              <value>
                <![CDATA[R33M4000CY]]>
              </value>
            </param>
            <param index="7">
              <value>
                <![CDATA[ALDF3NYA6C0D0C654DD2]]>
              </value>
            </param>
            <param index="8">
              <value>
                <![CDATA[ALDFR7K5QIZLF9F3FBA3]]>
              </value>
            </param>
          </params>
          <reporter-output>
          </reporter-output>
        </test-method> <!-- setupClass -->
        <test-method is-config="true" signature="BeforeMethod(java.lang.reflect.Method)[pri:0, instance:SDK_001_AudioPlayer_Interface.AudioPlayer_Interface_02_AudioPlayer_Template1@18317edc]" started-at="2021-10-04T19:33:10 KST" name="BeforeMethod" finished-at="2021-10-04T19:33:10 KST" duration-ms="1" status="PASS">
          <params>
            <param index="0">
              <value>
                <![CDATA[public void SDK_001_AudioPlayer_Interface.AudioPlayer_Interface_02_AudioPlayer_Template1.TC_00_00_00_SampleApp_Start(java.lang.reflect.Method) throws java.lang.Exception]]>
              </value>
            </param>
          </params>
          <reporter-output>
          </reporter-output>
        </test-method> <!-- BeforeMethod -->
        <test-method signature="TC_00_00_00_SampleApp_Start(java.lang.reflect.Method)[pri:0, instance:SDK_001_AudioPlayer_Interface.AudioPlayer_Interface_02_AudioPlayer_Template1@18317edc]" started-at="2021-10-04T19:33:10 KST" name="TC_00_00_00_SampleApp_Start" finished-at="2021-10-04T19:33:45 KST" duration-ms="35330" status="PASS">
          <params>
            <param index="0">
              <value>
                <![CDATA[public void SDK_001_AudioPlayer_Interface.AudioPlayer_Interface_02_AudioPlayer_Template1.TC_00_00_00_SampleApp_Start(java.lang.reflect.Method) throws java.lang.Exception]]>
              </value>
            </param>
          </params>
          <reporter-output>
          </reporter-output>
        </test-method> <!-- TC_00_00_00_SampleApp_Start -->
        <test-method is-config="true" signature="AfterMethod(org.testng.ITestResult)[pri:0, instance:SDK_001_AudioPlayer_Interface.AudioPlayer_Interface_02_AudioPlayer_Template1@18317edc]" started-at="2021-10-04T19:33:45 KST" name="AfterMethod" finished-at="2021-10-04T19:33:45 KST" duration-ms="1" status="PASS">
          <params>
            <param index="0">
              <value>
                <![CDATA[[TestResult name=TC_00_00_00_SampleApp_Start status=SUCCESS method=AudioPlayer_Interface_02_AudioPlayer_Template1.TC_00_00_00_SampleApp_Start(java.lang.reflect.Method)[pri:0, instance:SDK_001_AudioPlayer_Interface.AudioPlayer_Interface_02_AudioPlayer_Template1@18317edc] output={null}]]]>
              </value>
            </param>
          </params>
          <reporter-output>
          </reporter-output>
        </test-method> <!-- AfterMethod -->
        <test-method is-config="true" signature="BeforeMethod(java.lang.reflect.Method)[pri:0, instance:SDK_001_AudioPlayer_Interface.AudioPlayer_Interface_02_AudioPlayer_Template1@18317edc]" started-at="2021-10-04T19:33:45 KST" name="BeforeMethod" finished-at="2021-10-04T19:33:45 KST" duration-ms="1" status="PASS">
          <params>
            <param index="0">
              <value>
                <![CDATA[public void SDK_001_AudioPlayer_Interface.AudioPlayer_Interface_02_AudioPlayer_Template1.TC_01_01_49_AudioPlayerTemplate1의_titleiconUrl_확인(java.lang.reflect.Method) throws java.lang.Exception]]>
              </value>
            </param>
          </params>
          <reporter-output>
          </reporter-output>
        </test-method> <!-- BeforeMethod -->
        <test-method signature="TC_01_01_49_AudioPlayerTemplate1의_titleiconUrl_확인(java.lang.reflect.Method)[pri:0, instance:SDK_001_AudioPlayer_Interface.AudioPlayer_Interface_02_AudioPlayer_Template1@18317edc]" started-at="2021-10-04T19:33:45 KST" name="TC_01_01_49_AudioPlayerTemplate1의_titleiconUrl_확인" description="SDK 리그레이션 TC : AudioPlayer_Interface_01-01-49" finished-at="2021-10-04T19:34:29 KST" duration-ms="44471" status="PASS">
          <params>
            <param index="0">
              <value>
                <![CDATA[public void SDK_001_AudioPlayer_Interface.AudioPlayer_Interface_02_AudioPlayer_Template1.TC_01_01_49_AudioPlayerTemplate1의_titleiconUrl_확인(java.lang.reflect.Method) throws java.lang.Exception]]>
              </value>
            </param>
          </params>
          <reporter-output>
          </reporter-output>
        </test-method> <!-- TC_01_01_49_AudioPlayerTemplate1의_titleiconUrl_확인 -->
        <test-method is-config="true" signature="AfterMethod(org.testng.ITestResult)[pri:0, instance:SDK_001_AudioPlayer_Interface.AudioPlayer_Interface_02_AudioPlayer_Template1@18317edc]" started-at="2021-10-04T19:34:29 KST" name="AfterMethod" finished-at="2021-10-04T19:34:29 KST" duration-ms="1" status="PASS">
          <params>
            <param index="0">
              <value>
                <![CDATA[[TestResult name=TC_01_01_49_AudioPlayerTemplate1의_titleiconUrl_확인 status=SUCCESS method=AudioPlayer_Interface_02_AudioPlayer_Template1.TC_01_01_49_AudioPlayerTemplate1의_titleiconUrl_확인(java.lang.reflect.Method)[pri:0, instance:SDK_001_AudioPlayer_Interface.AudioPlayer_Interface_02_AudioPlayer_Template1@18317edc] output={null}]]]>
              </value>
            </param>
          </params>
          <reporter-output>
          </reporter-output>
        </test-method> <!-- AfterMethod -->
        <test-method is-config="true" signature="BeforeMethod(java.lang.reflect.Method)[pri:0, instance:SDK_001_AudioPlayer_Interface.AudioPlayer_Interface_02_AudioPlayer_Template1@18317edc]" started-at="2021-10-04T19:34:29 KST" name="BeforeMethod" finished-at="2021-10-04T19:34:29 KST" duration-ms="0" status="PASS">
          <params>
            <param index="0">
              <value>
                <![CDATA[public void SDK_001_AudioPlayer_Interface.AudioPlayer_Interface_02_AudioPlayer_Template1.TC_01_01_50_AudioPlayerTemplate1의_titletext_확인(java.lang.reflect.Method) throws java.lang.Exception]]>
              </value>
            </param>
          </params>
          <reporter-output>
          </reporter-output>
        </test-method> <!-- BeforeMethod -->
        <test-method signature="TC_01_01_50_AudioPlayerTemplate1의_titletext_확인(java.lang.reflect.Method)[pri:0, instance:SDK_001_AudioPlayer_Interface.AudioPlayer_Interface_02_AudioPlayer_Template1@18317edc]" started-at="2021-10-04T19:34:29 KST" name="TC_01_01_50_AudioPlayerTemplate1의_titletext_확인" description="SDK 리그레이션 TC : AudioPlayer_Interface_01-01-50" finished-at="2021-10-04T19:34:43 KST" duration-ms="14020" status="PASS">
          <params>
            <param index="0">
              <value>
                <![CDATA[public void SDK_001_AudioPlayer_Interface.AudioPlayer_Interface_02_AudioPlayer_Template1.TC_01_01_50_AudioPlayerTemplate1의_titletext_확인(java.lang.reflect.Method) throws java.lang.Exception]]>
              </value>
            </param>
          </params>
          <reporter-output>
          </reporter-output>
        </test-method> <!-- TC_01_01_50_AudioPlayerTemplate1의_titletext_확인 -->
        <test-method is-config="true" signature="BeforeMethod(java.lang.reflect.Method)[pri:0, instance:SDK_001_AudioPlayer_Interface.AudioPlayer_Interface_02_AudioPlayer_Template1@18317edc]" started-at="2021-10-04T19:34:43 KST" name="BeforeMethod" finished-at="2021-10-04T19:34:43 KST" duration-ms="1" status="PASS">
          <params>
            <param index="0">
              <value>
                <![CDATA[public void SDK_001_AudioPlayer_Interface.AudioPlayer_Interface_02_AudioPlayer_Template1.TC_01_01_51_AudioPlayerTemplate1의_contenttitle_확인(java.lang.reflect.Method) throws java.lang.Exception]]>
              </value>
            </param>
          </params>
          <reporter-output>
          </reporter-output>
        </test-method> <!-- BeforeMethod -->
        <test-method is-config="true" signature="AfterMethod(org.testng.ITestResult)[pri:0, instance:SDK_001_AudioPlayer_Interface.AudioPlayer_Interface_02_AudioPlayer_Template1@18317edc]" started-at="2021-10-04T19:34:43 KST" name="AfterMethod" finished-at="2021-10-04T19:34:43 KST" duration-ms="0" status="PASS">
          <params>
            <param index="0">
              <value>
                <![CDATA[[TestResult name=TC_01_01_50_AudioPlayerTemplate1의_titletext_확인 status=SUCCESS method=AudioPlayer_Interface_02_AudioPlayer_Template1.TC_01_01_50_AudioPlayerTemplate1의_titletext_확인(java.lang.reflect.Method)[pri:0, instance:SDK_001_AudioPlayer_Interface.AudioPlayer_Interface_02_AudioPlayer_Template1@18317edc] output={null}]]]>
              </value>
            </param>
          </params>
          <reporter-output>
          </reporter-output>
        </test-method> <!-- AfterMethod -->
        <test-method signature="TC_01_01_51_AudioPlayerTemplate1의_contenttitle_확인(java.lang.reflect.Method)[pri:0, instance:SDK_001_AudioPlayer_Interface.AudioPlayer_Interface_02_AudioPlayer_Template1@18317edc]" started-at="2021-10-04T19:34:43 KST" name="TC_01_01_51_AudioPlayerTemplate1의_contenttitle_확인" description="SDK 리그레이션 TC : AudioPlayer_Interface_01-01-51" finished-at="2021-10-04T19:34:57 KST" duration-ms="14008" status="PASS">
          <params>
            <param index="0">
              <value>
                <![CDATA[public void SDK_001_AudioPlayer_Interface.AudioPlayer_Interface_02_AudioPlayer_Template1.TC_01_01_51_AudioPlayerTemplate1의_contenttitle_확인(java.lang.reflect.Method) throws java.lang.Exception]]>
              </value>
            </param>
          </params>
          <reporter-output>
          </reporter-output>
        </test-method> <!-- TC_01_01_51_AudioPlayerTemplate1의_contenttitle_확인 -->
        <test-method is-config="true" signature="AfterMethod(org.testng.ITestResult)[pri:0, instance:SDK_001_AudioPlayer_Interface.AudioPlayer_Interface_02_AudioPlayer_Template1@18317edc]" started-at="2021-10-04T19:34:57 KST" name="AfterMethod" finished-at="2021-10-04T19:34:57 KST" duration-ms="0" status="PASS">
          <params>
            <param index="0">
              <value>
                <![CDATA[[TestResult name=TC_01_01_51_AudioPlayerTemplate1의_contenttitle_확인 status=SUCCESS method=AudioPlayer_Interface_02_AudioPlayer_Template1.TC_01_01_51_AudioPlayerTemplate1의_contenttitle_확인(java.lang.reflect.Method)[pri:0, instance:SDK_001_AudioPlayer_Interface.AudioPlayer_Interface_02_AudioPlayer_Template1@18317edc] output={null}]]]>
              </value>
            </param>
          </params>
          <reporter-output>
          </reporter-output>
        </test-method> <!-- AfterMethod -->
        <test-method is-config="true" signature="BeforeMethod(java.lang.reflect.Method)[pri:0, instance:SDK_001_AudioPlayer_Interface.AudioPlayer_Interface_02_AudioPlayer_Template1@18317edc]" started-at="2021-10-04T19:34:57 KST" name="BeforeMethod" finished-at="2021-10-04T19:34:57 KST" duration-ms="1" status="PASS">
          <params>
            <param index="0">
              <value>
                <![CDATA[public void SDK_001_AudioPlayer_Interface.AudioPlayer_Interface_02_AudioPlayer_Template1.TC_01_01_52_AudioPlayerTemplate1의_contensubtitle1_확인(java.lang.reflect.Method) throws java.lang.Exception]]>
              </value>
            </param>
          </params>
          <reporter-output>
          </reporter-output>
        </test-method> <!-- BeforeMethod -->
        <test-method signature="TC_01_01_52_AudioPlayerTemplate1의_contensubtitle1_확인(java.lang.reflect.Method)[pri:0, instance:SDK_001_AudioPlayer_Interface.AudioPlayer_Interface_02_AudioPlayer_Template1@18317edc]" started-at="2021-10-04T19:34:57 KST" name="TC_01_01_52_AudioPlayerTemplate1의_contensubtitle1_확인" description="SDK 리그레이션 TC : AudioPlayer_Interface_01-01-52" finished-at="2021-10-04T19:35:11 KST" duration-ms="13860" status="PASS">
          <params>
            <param index="0">
              <value>
                <![CDATA[public void SDK_001_AudioPlayer_Interface.AudioPlayer_Interface_02_AudioPlayer_Template1.TC_01_01_52_AudioPlayerTemplate1의_contensubtitle1_확인(java.lang.reflect.Method) throws java.lang.Exception]]>
              </value>
            </param>
          </params>
          <reporter-output>
          </reporter-output>
        </test-method> <!-- TC_01_01_52_AudioPlayerTemplate1의_contensubtitle1_확인 -->
        <test-method is-config="true" signature="AfterMethod(org.testng.ITestResult)[pri:0, instance:SDK_001_AudioPlayer_Interface.AudioPlayer_Interface_02_AudioPlayer_Template1@18317edc]" started-at="2021-10-04T19:35:11 KST" name="AfterMethod" finished-at="2021-10-04T19:35:11 KST" duration-ms="0" status="PASS">
          <params>
            <param index="0">
              <value>
                <![CDATA[[TestResult name=TC_01_01_52_AudioPlayerTemplate1의_contensubtitle1_확인 status=SUCCESS method=AudioPlayer_Interface_02_AudioPlayer_Template1.TC_01_01_52_AudioPlayerTemplate1의_contensubtitle1_확인(java.lang.reflect.Method)[pri:0, instance:SDK_001_AudioPlayer_Interface.AudioPlayer_Interface_02_AudioPlayer_Template1@18317edc] output={null}]]]>
              </value>
            </param>
          </params>
          <reporter-output>
          </reporter-output>
        </test-method> <!-- AfterMethod -->
        <test-method is-config="true" signature="BeforeMethod(java.lang.reflect.Method)[pri:0, instance:SDK_001_AudioPlayer_Interface.AudioPlayer_Interface_02_AudioPlayer_Template1@18317edc]" started-at="2021-10-04T19:35:11 KST" name="BeforeMethod" finished-at="2021-10-04T19:35:11 KST" duration-ms="0" status="PASS">
          <params>
            <param index="0">
              <value>
                <![CDATA[public void SDK_001_AudioPlayer_Interface.AudioPlayer_Interface_02_AudioPlayer_Template1.TC_01_01_53_AudioPlayerTemplate1의_contensubtitle2_확인(java.lang.reflect.Method) throws java.lang.Exception]]>
              </value>
            </param>
          </params>
          <reporter-output>
          </reporter-output>
        </test-method> <!-- BeforeMethod -->
        <test-method signature="TC_01_01_53_AudioPlayerTemplate1의_contensubtitle2_확인(java.lang.reflect.Method)[pri:0, instance:SDK_001_AudioPlayer_Interface.AudioPlayer_Interface_02_AudioPlayer_Template1@18317edc]" started-at="2021-10-04T19:35:11 KST" name="TC_01_01_53_AudioPlayerTemplate1의_contensubtitle2_확인" description="SDK 리그레이션 TC : AudioPlayer_Interface_01-01-53" finished-at="2021-10-04T19:35:25 KST" duration-ms="14014" status="PASS">
          <params>
            <param index="0">
              <value>
                <![CDATA[public void SDK_001_AudioPlayer_Interface.AudioPlayer_Interface_02_AudioPlayer_Template1.TC_01_01_53_AudioPlayerTemplate1의_contensubtitle2_확인(java.lang.reflect.Method) throws java.lang.Exception]]>
              </value>
            </param>
          </params>
          <reporter-output>
          </reporter-output>
        </test-method> <!-- TC_01_01_53_AudioPlayerTemplate1의_contensubtitle2_확인 -->
        <test-method is-config="true" signature="AfterMethod(org.testng.ITestResult)[pri:0, instance:SDK_001_AudioPlayer_Interface.AudioPlayer_Interface_02_AudioPlayer_Template1@18317edc]" started-at="2021-10-04T19:35:25 KST" name="AfterMethod" finished-at="2021-10-04T19:35:25 KST" duration-ms="1" status="PASS">
          <params>
            <param index="0">
              <value>
                <![CDATA[[TestResult name=TC_01_01_53_AudioPlayerTemplate1의_contensubtitle2_확인 status=SUCCESS method=AudioPlayer_Interface_02_AudioPlayer_Template1.TC_01_01_53_AudioPlayerTemplate1의_contensubtitle2_확인(java.lang.reflect.Method)[pri:0, instance:SDK_001_AudioPlayer_Interface.AudioPlayer_Interface_02_AudioPlayer_Template1@18317edc] output={null}]]]>
              </value>
            </param>
          </params>
          <reporter-output>
          </reporter-output>
        </test-method> <!-- AfterMethod -->
        <test-method is-config="true" signature="BeforeMethod(java.lang.reflect.Method)[pri:0, instance:SDK_001_AudioPlayer_Interface.AudioPlayer_Interface_02_AudioPlayer_Template1@18317edc]" started-at="2021-10-04T19:35:25 KST" name="BeforeMethod" finished-at="2021-10-04T19:35:25 KST" duration-ms="0" status="PASS">
          <params>
            <param index="0">
              <value>
                <![CDATA[public void SDK_001_AudioPlayer_Interface.AudioPlayer_Interface_02_AudioPlayer_Template1.TC_01_01_54_AudioPlayerTemplate1의_contentimageUrl_확인(java.lang.reflect.Method) throws java.lang.Exception]]>
              </value>
            </param>
          </params>
          <reporter-output>
          </reporter-output>
        </test-method> <!-- BeforeMethod -->
        <test-method signature="TC_01_01_54_AudioPlayerTemplate1의_contentimageUrl_확인(java.lang.reflect.Method)[pri:0, instance:SDK_001_AudioPlayer_Interface.AudioPlayer_Interface_02_AudioPlayer_Template1@18317edc]" started-at="2021-10-04T19:35:25 KST" name="TC_01_01_54_AudioPlayerTemplate1의_contentimageUrl_확인" description="SDK 리그레이션 TC : AudioPlayer_Interface_01-01-54" finished-at="2021-10-04T19:35:39 KST" duration-ms="14084" status="PASS">
          <params>
            <param index="0">
              <value>
                <![CDATA[public void SDK_001_AudioPlayer_Interface.AudioPlayer_Interface_02_AudioPlayer_Template1.TC_01_01_54_AudioPlayerTemplate1의_contentimageUrl_확인(java.lang.reflect.Method) throws java.lang.Exception]]>
              </value>
            </param>
          </params>
          <reporter-output>
          </reporter-output>
        </test-method> <!-- TC_01_01_54_AudioPlayerTemplate1의_contentimageUrl_확인 -->
        <test-method is-config="true" signature="AfterMethod(org.testng.ITestResult)[pri:0, instance:SDK_001_AudioPlayer_Interface.AudioPlayer_Interface_02_AudioPlayer_Template1@18317edc]" started-at="2021-10-04T19:35:39 KST" name="AfterMethod" finished-at="2021-10-04T19:35:39 KST" duration-ms="0" status="PASS">
          <params>
            <param index="0">
              <value>
                <![CDATA[[TestResult name=TC_01_01_54_AudioPlayerTemplate1의_contentimageUrl_확인 status=SUCCESS method=AudioPlayer_Interface_02_AudioPlayer_Template1.TC_01_01_54_AudioPlayerTemplate1의_contentimageUrl_확인(java.lang.reflect.Method)[pri:0, instance:SDK_001_AudioPlayer_Interface.AudioPlayer_Interface_02_AudioPlayer_Template1@18317edc] output={null}]]]>
              </value>
            </param>
          </params>
          <reporter-output>
          </reporter-output>
        </test-method> <!-- AfterMethod -->
        <test-method is-config="true" signature="BeforeMethod(java.lang.reflect.Method)[pri:0, instance:SDK_001_AudioPlayer_Interface.AudioPlayer_Interface_02_AudioPlayer_Template1@18317edc]" started-at="2021-10-04T19:35:39 KST" name="BeforeMethod" finished-at="2021-10-04T19:35:39 KST" duration-ms="0" status="PASS">
          <params>
            <param index="0">
              <value>
                <![CDATA[public void SDK_001_AudioPlayer_Interface.AudioPlayer_Interface_02_AudioPlayer_Template1.TC_01_01_55_AudioPlayerTemplate1의_contentdurationSec_확인(java.lang.reflect.Method) throws java.lang.Exception]]>
              </value>
            </param>
          </params>
          <reporter-output>
          </reporter-output>
        </test-method> <!-- BeforeMethod -->
        <test-method signature="TC_01_01_55_AudioPlayerTemplate1의_contentdurationSec_확인(java.lang.reflect.Method)[pri:0, instance:SDK_001_AudioPlayer_Interface.AudioPlayer_Interface_02_AudioPlayer_Template1@18317edc]" started-at="2021-10-04T19:35:39 KST" name="TC_01_01_55_AudioPlayerTemplate1의_contentdurationSec_확인" description="SDK 리그레이션 TC : AudioPlayer_Interface_01-01-55" finished-at="2021-10-04T19:35:53 KST" duration-ms="14097" status="PASS">
          <params>
            <param index="0">
              <value>
                <![CDATA[public void SDK_001_AudioPlayer_Interface.AudioPlayer_Interface_02_AudioPlayer_Template1.TC_01_01_55_AudioPlayerTemplate1의_contentdurationSec_확인(java.lang.reflect.Method) throws java.lang.Exception]]>
              </value>
            </param>
          </params>
          <reporter-output>
          </reporter-output>
        </test-method> <!-- TC_01_01_55_AudioPlayerTemplate1의_contentdurationSec_확인 -->
        <test-method is-config="true" signature="AfterMethod(org.testng.ITestResult)[pri:0, instance:SDK_001_AudioPlayer_Interface.AudioPlayer_Interface_02_AudioPlayer_Template1@18317edc]" started-at="2021-10-04T19:35:53 KST" name="AfterMethod" finished-at="2021-10-04T19:35:53 KST" duration-ms="9" status="PASS">
          <params>
            <param index="0">
              <value>
                <![CDATA[[TestResult name=TC_01_01_55_AudioPlayerTemplate1의_contentdurationSec_확인 status=SUCCESS method=AudioPlayer_Interface_02_AudioPlayer_Template1.TC_01_01_55_AudioPlayerTemplate1의_contentdurationSec_확인(java.lang.reflect.Method)[pri:0, instance:SDK_001_AudioPlayer_Interface.AudioPlayer_Interface_02_AudioPlayer_Template1@18317edc] output={null}]]]>
              </value>
            </param>
          </params>
          <reporter-output>
          </reporter-output>
        </test-method> <!-- AfterMethod -->
        <test-method is-config="true" signature="BeforeMethod(java.lang.reflect.Method)[pri:0, instance:SDK_001_AudioPlayer_Interface.AudioPlayer_Interface_02_AudioPlayer_Template1@18317edc]" started-at="2021-10-04T19:35:53 KST" name="BeforeMethod" finished-at="2021-10-04T19:35:53 KST" duration-ms="1" status="PASS">
          <params>
            <param index="0">
              <value>
                <![CDATA[public void SDK_001_AudioPlayer_Interface.AudioPlayer_Interface_02_AudioPlayer_Template1.TC_01_01_57_AudioPlayerTemplate1의_contentbadgeImageUrl_확인(java.lang.reflect.Method) throws java.lang.Exception]]>
              </value>
            </param>
          </params>
          <reporter-output>
          </reporter-output>
        </test-method> <!-- BeforeMethod -->
        <test-method signature="TC_01_01_57_AudioPlayerTemplate1의_contentbadgeImageUrl_확인(java.lang.reflect.Method)[pri:0, instance:SDK_001_AudioPlayer_Interface.AudioPlayer_Interface_02_AudioPlayer_Template1@18317edc]" started-at="2021-10-04T19:35:53 KST" name="TC_01_01_57_AudioPlayerTemplate1의_contentbadgeImageUrl_확인" description="SDK 리그레이션 TC : AudioPlayer_Interface_01-01-57" finished-at="2021-10-04T19:36:22 KST" duration-ms="28807" status="PASS">
          <params>
            <param index="0">
              <value>
                <![CDATA[public void SDK_001_AudioPlayer_Interface.AudioPlayer_Interface_02_AudioPlayer_Template1.TC_01_01_57_AudioPlayerTemplate1의_contentbadgeImageUrl_확인(java.lang.reflect.Method) throws java.lang.Exception]]>
              </value>
            </param>
          </params>
          <reporter-output>
          </reporter-output>
        </test-method> <!-- TC_01_01_57_AudioPlayerTemplate1의_contentbadgeImageUrl_확인 -->
        <test-method is-config="true" signature="AfterMethod(org.testng.ITestResult)[pri:0, instance:SDK_001_AudioPlayer_Interface.AudioPlayer_Interface_02_AudioPlayer_Template1@18317edc]" started-at="2021-10-04T19:36:22 KST" name="AfterMethod" finished-at="2021-10-04T19:36:22 KST" duration-ms="1" status="PASS">
          <params>
            <param index="0">
              <value>
                <![CDATA[[TestResult name=TC_01_01_57_AudioPlayerTemplate1의_contentbadgeImageUrl_확인 status=SUCCESS method=AudioPlayer_Interface_02_AudioPlayer_Template1.TC_01_01_57_AudioPlayerTemplate1의_contentbadgeImageUrl_확인(java.lang.reflect.Method)[pri:0, instance:SDK_001_AudioPlayer_Interface.AudioPlayer_Interface_02_AudioPlayer_Template1@18317edc] output={null}]]]>
              </value>
            </param>
          </params>
          <reporter-output>
          </reporter-output>
        </test-method> <!-- AfterMethod -->
        <test-method signature="TC_01_01_59_AudioPlayerTemplate1의_contentlyricstitle_확인(java.lang.reflect.Method)[pri:0, instance:SDK_001_AudioPlayer_Interface.AudioPlayer_Interface_02_AudioPlayer_Template1@18317edc]" started-at="2021-10-04T19:36:22 KST" name="TC_01_01_59_AudioPlayerTemplate1의_contentlyricstitle_확인" description="SDK 리그레이션 TC : AudioPlayer_Interface_01-01-59" finished-at="2021-10-04T19:37:09 KST" duration-ms="46557" status="PASS">
          <params>
            <param index="0">
              <value>
                <![CDATA[public void SDK_001_AudioPlayer_Interface.AudioPlayer_Interface_02_AudioPlayer_Template1.TC_01_01_59_AudioPlayerTemplate1의_contentlyricstitle_확인(java.lang.reflect.Method) throws java.lang.Exception]]>
              </value>
            </param>
          </params>
          <reporter-output>
          </reporter-output>
        </test-method> <!-- TC_01_01_59_AudioPlayerTemplate1의_contentlyricstitle_확인 -->
        <test-method is-config="true" signature="BeforeMethod(java.lang.reflect.Method)[pri:0, instance:SDK_001_AudioPlayer_Interface.AudioPlayer_Interface_02_AudioPlayer_Template1@18317edc]" started-at="2021-10-04T19:36:22 KST" name="BeforeMethod" finished-at="2021-10-04T19:36:22 KST" duration-ms="0" status="PASS">
          <params>
            <param index="0">
              <value>
                <![CDATA[public void SDK_001_AudioPlayer_Interface.AudioPlayer_Interface_02_AudioPlayer_Template1.TC_01_01_59_AudioPlayerTemplate1의_contentlyricstitle_확인(java.lang.reflect.Method) throws java.lang.Exception]]>
              </value>
            </param>
          </params>
          <reporter-output>
          </reporter-output>
        </test-method> <!-- BeforeMethod -->
        <test-method is-config="true" signature="BeforeMethod(java.lang.reflect.Method)[pri:0, instance:SDK_001_AudioPlayer_Interface.AudioPlayer_Interface_02_AudioPlayer_Template1@18317edc]" started-at="2021-10-04T19:37:09 KST" name="BeforeMethod" finished-at="2021-10-04T19:37:09 KST" duration-ms="1" status="PASS">
          <params>
            <param index="0">
              <value>
                <![CDATA[public void SDK_001_AudioPlayer_Interface.AudioPlayer_Interface_02_AudioPlayer_Template1.TC_01_01_60_01_AudioPlayerTemplate1의_contentlyricslyricsType_확인(java.lang.reflect.Method) throws java.lang.Exception]]>
              </value>
            </param>
          </params>
          <reporter-output>
          </reporter-output>
        </test-method> <!-- BeforeMethod -->
        <test-method is-config="true" signature="AfterMethod(org.testng.ITestResult)[pri:0, instance:SDK_001_AudioPlayer_Interface.AudioPlayer_Interface_02_AudioPlayer_Template1@18317edc]" started-at="2021-10-04T19:37:09 KST" name="AfterMethod" finished-at="2021-10-04T19:37:09 KST" duration-ms="0" status="PASS">
          <params>
            <param index="0">
              <value>
                <![CDATA[[TestResult name=TC_01_01_59_AudioPlayerTemplate1의_contentlyricstitle_확인 status=SUCCESS method=AudioPlayer_Interface_02_AudioPlayer_Template1.TC_01_01_59_AudioPlayerTemplate1의_contentlyricstitle_확인(java.lang.reflect.Method)[pri:0, instance:SDK_001_AudioPlayer_Interface.AudioPlayer_Interface_02_AudioPlayer_Template1@18317edc] output={null}]]]>
              </value>
            </param>
          </params>
          <reporter-output>
          </reporter-output>
        </test-method> <!-- AfterMethod -->
        <test-method signature="TC_01_01_60_01_AudioPlayerTemplate1의_contentlyricslyricsType_확인(java.lang.reflect.Method)[pri:0, instance:SDK_001_AudioPlayer_Interface.AudioPlayer_Interface_02_AudioPlayer_Template1@18317edc]" started-at="2021-10-04T19:37:09 KST" name="TC_01_01_60_01_AudioPlayerTemplate1의_contentlyricslyricsType_확인" description="SDK 리그레이션 TC : AudioPlayer_Interface_01-01-60" finished-at="2021-10-04T19:37:22 KST" duration-ms="13622" status="PASS">
          <params>
            <param index="0">
              <value>
                <![CDATA[public void SDK_001_AudioPlayer_Interface.AudioPlayer_Interface_02_AudioPlayer_Template1.TC_01_01_60_01_AudioPlayerTemplate1의_contentlyricslyricsType_확인(java.lang.reflect.Method) throws java.lang.Exception]]>
              </value>
            </param>
          </params>
          <reporter-output>
          </reporter-output>
        </test-method> <!-- TC_01_01_60_01_AudioPlayerTemplate1의_contentlyricslyricsType_확인 -->
        <test-method is-config="true" signature="AfterMethod(org.testng.ITestResult)[pri:0, instance:SDK_001_AudioPlayer_Interface.AudioPlayer_Interface_02_AudioPlayer_Template1@18317edc]" started-at="2021-10-04T19:37:22 KST" name="AfterMethod" finished-at="2021-10-04T19:37:22 KST" duration-ms="5" status="PASS">
          <params>
            <param index="0">
              <value>
                <![CDATA[[TestResult name=TC_01_01_60_01_AudioPlayerTemplate1의_contentlyricslyricsType_확인 status=SUCCESS method=AudioPlayer_Interface_02_AudioPlayer_Template1.TC_01_01_60_01_AudioPlayerTemplate1의_contentlyricslyricsType_확인(java.lang.reflect.Method)[pri:0, instance:SDK_001_AudioPlayer_Interface.AudioPlayer_Interface_02_AudioPlayer_Template1@18317edc] output={null}]]]>
              </value>
            </param>
          </params>
          <reporter-output>
          </reporter-output>
        </test-method> <!-- AfterMethod -->
        <test-method is-config="true" signature="BeforeMethod(java.lang.reflect.Method)[pri:0, instance:SDK_001_AudioPlayer_Interface.AudioPlayer_Interface_02_AudioPlayer_Template1@18317edc]" started-at="2021-10-04T19:37:22 KST" name="BeforeMethod" finished-at="2021-10-04T19:37:22 KST" duration-ms="2" status="PASS">
          <params>
            <param index="0">
              <value>
                <![CDATA[public void SDK_001_AudioPlayer_Interface.AudioPlayer_Interface_02_AudioPlayer_Template1.TC_01_01_60_02_AudioPlayerTemplate1의_contentlyricslyricsType_확인(java.lang.reflect.Method) throws java.lang.Exception]]>
              </value>
            </param>
          </params>
          <reporter-output>
          </reporter-output>
        </test-method> <!-- BeforeMethod -->
        <test-method signature="TC_01_01_60_02_AudioPlayerTemplate1의_contentlyricslyricsType_확인(java.lang.reflect.Method)[pri:0, instance:SDK_001_AudioPlayer_Interface.AudioPlayer_Interface_02_AudioPlayer_Template1@18317edc]" started-at="2021-10-04T19:37:22 KST" name="TC_01_01_60_02_AudioPlayerTemplate1의_contentlyricslyricsType_확인" description="SDK 리그레이션 TC : AudioPlayer_Interface_01-01-60" finished-at="2021-10-04T19:38:07 KST" duration-ms="44686" status="PASS">
          <params>
            <param index="0">
              <value>
                <![CDATA[public void SDK_001_AudioPlayer_Interface.AudioPlayer_Interface_02_AudioPlayer_Template1.TC_01_01_60_02_AudioPlayerTemplate1의_contentlyricslyricsType_확인(java.lang.reflect.Method) throws java.lang.Exception]]>
              </value>
            </param>
          </params>
          <reporter-output>
          </reporter-output>
        </test-method> <!-- TC_01_01_60_02_AudioPlayerTemplate1의_contentlyricslyricsType_확인 -->
        <test-method is-config="true" signature="AfterMethod(org.testng.ITestResult)[pri:0, instance:SDK_001_AudioPlayer_Interface.AudioPlayer_Interface_02_AudioPlayer_Template1@18317edc]" started-at="2021-10-04T19:38:07 KST" name="AfterMethod" finished-at="2021-10-04T19:38:07 KST" duration-ms="0" status="PASS">
          <params>
            <param index="0">
              <value>
                <![CDATA[[TestResult name=TC_01_01_60_02_AudioPlayerTemplate1의_contentlyricslyricsType_확인 status=SUCCESS method=AudioPlayer_Interface_02_AudioPlayer_Template1.TC_01_01_60_02_AudioPlayerTemplate1의_contentlyricslyricsType_확인(java.lang.reflect.Method)[pri:0, instance:SDK_001_AudioPlayer_Interface.AudioPlayer_Interface_02_AudioPlayer_Template1@18317edc] output={null}]]]>
              </value>
            </param>
          </params>
          <reporter-output>
          </reporter-output>
        </test-method> <!-- AfterMethod -->
        <test-method is-config="true" signature="BeforeMethod(java.lang.reflect.Method)[pri:0, instance:SDK_001_AudioPlayer_Interface.AudioPlayer_Interface_02_AudioPlayer_Template1@18317edc]" started-at="2021-10-04T19:38:07 KST" name="BeforeMethod" finished-at="2021-10-04T19:38:07 KST" duration-ms="5" status="PASS">
          <params>
            <param index="0">
              <value>
                <![CDATA[public void SDK_001_AudioPlayer_Interface.AudioPlayer_Interface_02_AudioPlayer_Template1.TC_01_01_60_03_AudioPlayerTemplate1의_contentlyricslyricsType_확인(java.lang.reflect.Method) throws java.lang.Exception]]>
              </value>
            </param>
          </params>
          <reporter-output>
          </reporter-output>
        </test-method> <!-- BeforeMethod -->
        <test-method signature="TC_01_01_60_03_AudioPlayerTemplate1의_contentlyricslyricsType_확인(java.lang.reflect.Method)[pri:0, instance:SDK_001_AudioPlayer_Interface.AudioPlayer_Interface_02_AudioPlayer_Template1@18317edc]" started-at="2021-10-04T19:38:07 KST" name="TC_01_01_60_03_AudioPlayerTemplate1의_contentlyricslyricsType_확인" description="SDK 리그레이션 TC : AudioPlayer_Interface_01-01-60" finished-at="2021-10-04T19:39:01 KST" duration-ms="54027" status="PASS">
          <params>
            <param index="0">
              <value>
                <![CDATA[public void SDK_001_AudioPlayer_Interface.AudioPlayer_Interface_02_AudioPlayer_Template1.TC_01_01_60_03_AudioPlayerTemplate1의_contentlyricslyricsType_확인(java.lang.reflect.Method) throws java.lang.Exception]]>
              </value>
            </param>
          </params>
          <reporter-output>
          </reporter-output>
        </test-method> <!-- TC_01_01_60_03_AudioPlayerTemplate1의_contentlyricslyricsType_확인 -->
        <test-method is-config="true" signature="AfterMethod(org.testng.ITestResult)[pri:0, instance:SDK_001_AudioPlayer_Interface.AudioPlayer_Interface_02_AudioPlayer_Template1@18317edc]" started-at="2021-10-04T19:39:01 KST" name="AfterMethod" finished-at="2021-10-04T19:39:01 KST" duration-ms="0" status="PASS">
          <params>
            <param index="0">
              <value>
                <![CDATA[[TestResult name=TC_01_01_60_03_AudioPlayerTemplate1의_contentlyricslyricsType_확인 status=SUCCESS method=AudioPlayer_Interface_02_AudioPlayer_Template1.TC_01_01_60_03_AudioPlayerTemplate1의_contentlyricslyricsType_확인(java.lang.reflect.Method)[pri:0, instance:SDK_001_AudioPlayer_Interface.AudioPlayer_Interface_02_AudioPlayer_Template1@18317edc] output={null}]]]>
              </value>
            </param>
          </params>
          <reporter-output>
          </reporter-output>
        </test-method> <!-- AfterMethod -->
        <test-method is-config="true" signature="BeforeMethod(java.lang.reflect.Method)[pri:0, instance:SDK_001_AudioPlayer_Interface.AudioPlayer_Interface_02_AudioPlayer_Template1@18317edc]" started-at="2021-10-04T19:39:01 KST" name="BeforeMethod" finished-at="2021-10-04T19:39:01 KST" duration-ms="1" status="PASS">
          <params>
            <param index="0">
              <value>
                <![CDATA[public void SDK_001_AudioPlayer_Interface.AudioPlayer_Interface_02_AudioPlayer_Template1.TC_01_01_61_01_AudioPlayerTemplate1의_contentlyricslyricsInfoList_확인(java.lang.reflect.Method) throws java.lang.Exception]]>
              </value>
            </param>
          </params>
          <reporter-output>
          </reporter-output>
        </test-method> <!-- BeforeMethod -->
        <test-method signature="TC_01_01_61_01_AudioPlayerTemplate1의_contentlyricslyricsInfoList_확인(java.lang.reflect.Method)[pri:0, instance:SDK_001_AudioPlayer_Interface.AudioPlayer_Interface_02_AudioPlayer_Template1@18317edc]" started-at="2021-10-04T19:39:01 KST" name="TC_01_01_61_01_AudioPlayerTemplate1의_contentlyricslyricsInfoList_확인" description="SDK 리그레이션 TC : AudioPlayer_Interface_01-01-61" finished-at="2021-10-04T19:39:47 KST" duration-ms="45329" status="PASS">
          <params>
            <param index="0">
              <value>
                <![CDATA[public void SDK_001_AudioPlayer_Interface.AudioPlayer_Interface_02_AudioPlayer_Template1.TC_01_01_61_01_AudioPlayerTemplate1의_contentlyricslyricsInfoList_확인(java.lang.reflect.Method) throws java.lang.Exception]]>
              </value>
            </param>
          </params>
          <reporter-output>
          </reporter-output>
        </test-method> <!-- TC_01_01_61_01_AudioPlayerTemplate1의_contentlyricslyricsInfoList_확인 -->
        <test-method is-config="true" signature="BeforeMethod(java.lang.reflect.Method)[pri:0, instance:SDK_001_AudioPlayer_Interface.AudioPlayer_Interface_02_AudioPlayer_Template1@18317edc]" started-at="2021-10-04T19:39:47 KST" name="BeforeMethod" finished-at="2021-10-04T19:39:47 KST" duration-ms="0" status="PASS">
          <params>
            <param index="0">
              <value>
                <![CDATA[public void SDK_001_AudioPlayer_Interface.AudioPlayer_Interface_02_AudioPlayer_Template1.TC_01_01_61_02_AudioPlayerTemplate1의_contentlyricslyricsInfoList_확인(java.lang.reflect.Method) throws java.lang.Exception]]>
              </value>
            </param>
          </params>
          <reporter-output>
          </reporter-output>
        </test-method> <!-- BeforeMethod -->
        <test-method is-config="true" signature="AfterMethod(org.testng.ITestResult)[pri:0, instance:SDK_001_AudioPlayer_Interface.AudioPlayer_Interface_02_AudioPlayer_Template1@18317edc]" started-at="2021-10-04T19:39:47 KST" name="AfterMethod" finished-at="2021-10-04T19:39:47 KST" duration-ms="0" status="PASS">
          <params>
            <param index="0">
              <value>
                <![CDATA[[TestResult name=TC_01_01_61_01_AudioPlayerTemplate1의_contentlyricslyricsInfoList_확인 status=SUCCESS method=AudioPlayer_Interface_02_AudioPlayer_Template1.TC_01_01_61_01_AudioPlayerTemplate1의_contentlyricslyricsInfoList_확인(java.lang.reflect.Method)[pri:0, instance:SDK_001_AudioPlayer_Interface.AudioPlayer_Interface_02_AudioPlayer_Template1@18317edc] output={null}]]]>
              </value>
            </param>
          </params>
          <reporter-output>
          </reporter-output>
        </test-method> <!-- AfterMethod -->
        <test-method signature="TC_01_01_61_02_AudioPlayerTemplate1의_contentlyricslyricsInfoList_확인(java.lang.reflect.Method)[pri:0, instance:SDK_001_AudioPlayer_Interface.AudioPlayer_Interface_02_AudioPlayer_Template1@18317edc]" started-at="2021-10-04T19:39:47 KST" name="TC_01_01_61_02_AudioPlayerTemplate1의_contentlyricslyricsInfoList_확인" description="SDK 리그레이션 TC : AudioPlayer_Interface_01-01-61" finished-at="2021-10-04T19:40:32 KST" duration-ms="45043" status="PASS">
          <params>
            <param index="0">
              <value>
                <![CDATA[public void SDK_001_AudioPlayer_Interface.AudioPlayer_Interface_02_AudioPlayer_Template1.TC_01_01_61_02_AudioPlayerTemplate1의_contentlyricslyricsInfoList_확인(java.lang.reflect.Method) throws java.lang.Exception]]>
              </value>
            </param>
          </params>
          <reporter-output>
          </reporter-output>
        </test-method> <!-- TC_01_01_61_02_AudioPlayerTemplate1의_contentlyricslyricsInfoList_확인 -->
        <test-method is-config="true" signature="AfterMethod(org.testng.ITestResult)[pri:0, instance:SDK_001_AudioPlayer_Interface.AudioPlayer_Interface_02_AudioPlayer_Template1@18317edc]" started-at="2021-10-04T19:40:32 KST" name="AfterMethod" finished-at="2021-10-04T19:40:32 KST" duration-ms="0" status="PASS">
          <params>
            <param index="0">
              <value>
                <![CDATA[[TestResult name=TC_01_01_61_02_AudioPlayerTemplate1의_contentlyricslyricsInfoList_확인 status=SUCCESS method=AudioPlayer_Interface_02_AudioPlayer_Template1.TC_01_01_61_02_AudioPlayerTemplate1의_contentlyricslyricsInfoList_확인(java.lang.reflect.Method)[pri:0, instance:SDK_001_AudioPlayer_Interface.AudioPlayer_Interface_02_AudioPlayer_Template1@18317edc] output={null}]]]>
              </value>
            </param>
          </params>
          <reporter-output>
          </reporter-output>
        </test-method> <!-- AfterMethod -->
        <test-method is-config="true" signature="BeforeMethod(java.lang.reflect.Method)[pri:0, instance:SDK_001_AudioPlayer_Interface.AudioPlayer_Interface_02_AudioPlayer_Template1@18317edc]" started-at="2021-10-04T19:40:32 KST" name="BeforeMethod" finished-at="2021-10-04T19:40:32 KST" duration-ms="1" status="PASS">
          <params>
            <param index="0">
              <value>
                <![CDATA[public void SDK_001_AudioPlayer_Interface.AudioPlayer_Interface_02_AudioPlayer_Template1.TC_01_01_62_01_AudioPlayerTemplate1의_contentlyricslyricsInfoListtime_확인(java.lang.reflect.Method) throws java.lang.Exception]]>
              </value>
            </param>
          </params>
          <reporter-output>
          </reporter-output>
        </test-method> <!-- BeforeMethod -->
        <test-method signature="TC_01_01_62_01_AudioPlayerTemplate1의_contentlyricslyricsInfoListtime_확인(java.lang.reflect.Method)[pri:0, instance:SDK_001_AudioPlayer_Interface.AudioPlayer_Interface_02_AudioPlayer_Template1@18317edc]" started-at="2021-10-04T19:40:32 KST" name="TC_01_01_62_01_AudioPlayerTemplate1의_contentlyricslyricsInfoListtime_확인" description="SDK 리그레이션 TC : AudioPlayer_Interface_01-01-62" finished-at="2021-10-04T19:41:19 KST" duration-ms="47655" status="PASS">
          <params>
            <param index="0">
              <value>
                <![CDATA[public void SDK_001_AudioPlayer_Interface.AudioPlayer_Interface_02_AudioPlayer_Template1.TC_01_01_62_01_AudioPlayerTemplate1의_contentlyricslyricsInfoListtime_확인(java.lang.reflect.Method) throws java.lang.Exception]]>
              </value>
            </param>
          </params>
          <reporter-output>
          </reporter-output>
        </test-method> <!-- TC_01_01_62_01_AudioPlayerTemplate1의_contentlyricslyricsInfoListtime_확인 -->
        <test-method is-config="true" signature="BeforeMethod(java.lang.reflect.Method)[pri:0, instance:SDK_001_AudioPlayer_Interface.AudioPlayer_Interface_02_AudioPlayer_Template1@18317edc]" started-at="2021-10-04T19:41:19 KST" name="BeforeMethod" finished-at="2021-10-04T19:41:19 KST" duration-ms="1" status="PASS">
          <params>
            <param index="0">
              <value>
                <![CDATA[public void SDK_001_AudioPlayer_Interface.AudioPlayer_Interface_02_AudioPlayer_Template1.TC_01_01_62_02_AudioPlayerTemplate1의_contentlyricslyricsInfoListtime_확인(java.lang.reflect.Method) throws java.lang.Exception]]>
              </value>
            </param>
          </params>
          <reporter-output>
          </reporter-output>
        </test-method> <!-- BeforeMethod -->
        <test-method is-config="true" signature="AfterMethod(org.testng.ITestResult)[pri:0, instance:SDK_001_AudioPlayer_Interface.AudioPlayer_Interface_02_AudioPlayer_Template1@18317edc]" started-at="2021-10-04T19:41:19 KST" name="AfterMethod" finished-at="2021-10-04T19:41:19 KST" duration-ms="0" status="PASS">
          <params>
            <param index="0">
              <value>
                <![CDATA[[TestResult name=TC_01_01_62_01_AudioPlayerTemplate1의_contentlyricslyricsInfoListtime_확인 status=SUCCESS method=AudioPlayer_Interface_02_AudioPlayer_Template1.TC_01_01_62_01_AudioPlayerTemplate1의_contentlyricslyricsInfoListtime_확인(java.lang.reflect.Method)[pri:0, instance:SDK_001_AudioPlayer_Interface.AudioPlayer_Interface_02_AudioPlayer_Template1@18317edc] output={null}]]]>
              </value>
            </param>
          </params>
          <reporter-output>
          </reporter-output>
        </test-method> <!-- AfterMethod -->
        <test-method signature="TC_01_01_62_02_AudioPlayerTemplate1의_contentlyricslyricsInfoListtime_확인(java.lang.reflect.Method)[pri:0, instance:SDK_001_AudioPlayer_Interface.AudioPlayer_Interface_02_AudioPlayer_Template1@18317edc]" started-at="2021-10-04T19:41:19 KST" name="TC_01_01_62_02_AudioPlayerTemplate1의_contentlyricslyricsInfoListtime_확인" description="SDK 리그레이션 TC : AudioPlayer_Interface_01-01-62" finished-at="2021-10-04T19:42:05 KST" duration-ms="46208" status="PASS">
          <params>
            <param index="0">
              <value>
                <![CDATA[public void SDK_001_AudioPlayer_Interface.AudioPlayer_Interface_02_AudioPlayer_Template1.TC_01_01_62_02_AudioPlayerTemplate1의_contentlyricslyricsInfoListtime_확인(java.lang.reflect.Method) throws java.lang.Exception]]>
              </value>
            </param>
          </params>
          <reporter-output>
          </reporter-output>
        </test-method> <!-- TC_01_01_62_02_AudioPlayerTemplate1의_contentlyricslyricsInfoListtime_확인 -->
        <test-method is-config="true" signature="AfterMethod(org.testng.ITestResult)[pri:0, instance:SDK_001_AudioPlayer_Interface.AudioPlayer_Interface_02_AudioPlayer_Template1@18317edc]" started-at="2021-10-04T19:42:05 KST" name="AfterMethod" finished-at="2021-10-04T19:42:05 KST" duration-ms="0" status="PASS">
          <params>
            <param index="0">
              <value>
                <![CDATA[[TestResult name=TC_01_01_62_02_AudioPlayerTemplate1의_contentlyricslyricsInfoListtime_확인 status=SUCCESS method=AudioPlayer_Interface_02_AudioPlayer_Template1.TC_01_01_62_02_AudioPlayerTemplate1의_contentlyricslyricsInfoListtime_확인(java.lang.reflect.Method)[pri:0, instance:SDK_001_AudioPlayer_Interface.AudioPlayer_Interface_02_AudioPlayer_Template1@18317edc] output={null}]]]>
              </value>
            </param>
          </params>
          <reporter-output>
          </reporter-output>
        </test-method> <!-- AfterMethod -->
        <test-method signature="TC_01_01_63_AudioPlayerTemplate1의_contentlyricslyricsInfoListtext_확인(java.lang.reflect.Method)[pri:0, instance:SDK_001_AudioPlayer_Interface.AudioPlayer_Interface_02_AudioPlayer_Template1@18317edc]" started-at="2021-10-04T19:42:05 KST" name="TC_01_01_63_AudioPlayerTemplate1의_contentlyricslyricsInfoListtext_확인" description="SDK 리그레이션 TC : AudioPlayer_Interface_01-01-63" finished-at="2021-10-04T19:42:19 KST" duration-ms="13736" status="PASS">
          <params>
            <param index="0">
              <value>
                <![CDATA[public void SDK_001_AudioPlayer_Interface.AudioPlayer_Interface_02_AudioPlayer_Template1.TC_01_01_63_AudioPlayerTemplate1의_contentlyricslyricsInfoListtext_확인(java.lang.reflect.Method) throws java.lang.Exception]]>
              </value>
            </param>
          </params>
          <reporter-output>
          </reporter-output>
        </test-method> <!-- TC_01_01_63_AudioPlayerTemplate1의_contentlyricslyricsInfoListtext_확인 -->
        <test-method is-config="true" signature="BeforeMethod(java.lang.reflect.Method)[pri:0, instance:SDK_001_AudioPlayer_Interface.AudioPlayer_Interface_02_AudioPlayer_Template1@18317edc]" started-at="2021-10-04T19:42:05 KST" name="BeforeMethod" finished-at="2021-10-04T19:42:05 KST" duration-ms="0" status="PASS">
          <params>
            <param index="0">
              <value>
                <![CDATA[public void SDK_001_AudioPlayer_Interface.AudioPlayer_Interface_02_AudioPlayer_Template1.TC_01_01_63_AudioPlayerTemplate1의_contentlyricslyricsInfoListtext_확인(java.lang.reflect.Method) throws java.lang.Exception]]>
              </value>
            </param>
          </params>
          <reporter-output>
          </reporter-output>
        </test-method> <!-- BeforeMethod -->
        <test-method is-config="true" signature="AfterMethod(org.testng.ITestResult)[pri:0, instance:SDK_001_AudioPlayer_Interface.AudioPlayer_Interface_02_AudioPlayer_Template1@18317edc]" started-at="2021-10-04T19:42:19 KST" name="AfterMethod" finished-at="2021-10-04T19:42:19 KST" duration-ms="1" status="PASS">
          <params>
            <param index="0">
              <value>
                <![CDATA[[TestResult name=TC_01_01_63_AudioPlayerTemplate1의_contentlyricslyricsInfoListtext_확인 status=SUCCESS method=AudioPlayer_Interface_02_AudioPlayer_Template1.TC_01_01_63_AudioPlayerTemplate1의_contentlyricslyricsInfoListtext_확인(java.lang.reflect.Method)[pri:0, instance:SDK_001_AudioPlayer_Interface.AudioPlayer_Interface_02_AudioPlayer_Template1@18317edc] output={null}]]]>
              </value>
            </param>
          </params>
          <reporter-output>
          </reporter-output>
        </test-method> <!-- AfterMethod -->
        <test-method is-config="true" signature="BeforeMethod(java.lang.reflect.Method)[pri:0, instance:SDK_001_AudioPlayer_Interface.AudioPlayer_Interface_02_AudioPlayer_Template1@18317edc]" started-at="2021-10-04T19:42:19 KST" name="BeforeMethod" finished-at="2021-10-04T19:42:19 KST" duration-ms="0" status="PASS">
          <params>
            <param index="0">
              <value>
                <![CDATA[public void SDK_001_AudioPlayer_Interface.AudioPlayer_Interface_02_AudioPlayer_Template1.TC_01_01_64_AudioPlayerTemplate1의_contentlyricslyricsInfoListshowButton_확인(java.lang.reflect.Method) throws java.lang.Exception]]>
              </value>
            </param>
          </params>
          <reporter-output>
          </reporter-output>
        </test-method> <!-- BeforeMethod -->
        <test-method signature="TC_01_01_64_AudioPlayerTemplate1의_contentlyricslyricsInfoListshowButton_확인(java.lang.reflect.Method)[pri:0, instance:SDK_001_AudioPlayer_Interface.AudioPlayer_Interface_02_AudioPlayer_Template1@18317edc]" started-at="2021-10-04T19:42:19 KST" name="TC_01_01_64_AudioPlayerTemplate1의_contentlyricslyricsInfoListshowButton_확인" description="SDK 리그레이션 TC : AudioPlayer_Interface_01-01-64" finished-at="2021-10-04T19:43:21 KST" duration-ms="62192" status="PASS">
          <params>
            <param index="0">
              <value>
                <![CDATA[public void SDK_001_AudioPlayer_Interface.AudioPlayer_Interface_02_AudioPlayer_Template1.TC_01_01_64_AudioPlayerTemplate1의_contentlyricslyricsInfoListshowButton_확인(java.lang.reflect.Method) throws java.lang.Exception]]>
              </value>
            </param>
          </params>
          <reporter-output>
          </reporter-output>
        </test-method> <!-- TC_01_01_64_AudioPlayerTemplate1의_contentlyricslyricsInfoListshowButton_확인 -->
        <test-method is-config="true" signature="AfterMethod(org.testng.ITestResult)[pri:0, instance:SDK_001_AudioPlayer_Interface.AudioPlayer_Interface_02_AudioPlayer_Template1@18317edc]" started-at="2021-10-04T19:43:21 KST" name="AfterMethod" finished-at="2021-10-04T19:43:21 KST" duration-ms="1" status="PASS">
          <params>
            <param index="0">
              <value>
                <![CDATA[[TestResult name=TC_01_01_64_AudioPlayerTemplate1의_contentlyricslyricsInfoListshowButton_확인 status=SUCCESS method=AudioPlayer_Interface_02_AudioPlayer_Template1.TC_01_01_64_AudioPlayerTemplate1의_contentlyricslyricsInfoListshowButton_확인(java.lang.reflect.Method)[pri:0, instance:SDK_001_AudioPlayer_Interface.AudioPlayer_Interface_02_AudioPlayer_Template1@18317edc] output={null}]]]>
              </value>
            </param>
          </params>
          <reporter-output>
          </reporter-output>
        </test-method> <!-- AfterMethod -->
        <test-method is-config="true" signature="BeforeMethod(java.lang.reflect.Method)[pri:0, instance:SDK_001_AudioPlayer_Interface.AudioPlayer_Interface_02_AudioPlayer_Template1@18317edc]" started-at="2021-10-04T19:43:21 KST" name="BeforeMethod" finished-at="2021-10-04T19:43:21 KST" duration-ms="0" status="PASS">
          <params>
            <param index="0">
              <value>
                <![CDATA[public void SDK_001_AudioPlayer_Interface.AudioPlayer_Interface_02_AudioPlayer_Template1.TC_01_01_65_좋아요미지원Play_AudioPlayerTemplate1의_settingsfavorite_확인(java.lang.reflect.Method) throws java.lang.Exception]]>
              </value>
            </param>
          </params>
          <reporter-output>
          </reporter-output>
        </test-method> <!-- BeforeMethod -->
        <test-method signature="TC_01_01_65_좋아요미지원Play_AudioPlayerTemplate1의_settingsfavorite_확인(java.lang.reflect.Method)[pri:0, instance:SDK_001_AudioPlayer_Interface.AudioPlayer_Interface_02_AudioPlayer_Template1@18317edc]" started-at="2021-10-04T19:43:21 KST" name="TC_01_01_65_좋아요미지원Play_AudioPlayerTemplate1의_settingsfavorite_확인" description="SDK 리그레이션 TC : AudioPlayer_Interface_01-01-65" finished-at="2021-10-04T19:44:16 KST" duration-ms="55097" status="PASS">
          <params>
            <param index="0">
              <value>
                <![CDATA[public void SDK_001_AudioPlayer_Interface.AudioPlayer_Interface_02_AudioPlayer_Template1.TC_01_01_65_좋아요미지원Play_AudioPlayerTemplate1의_settingsfavorite_확인(java.lang.reflect.Method) throws java.lang.Exception]]>
              </value>
            </param>
          </params>
          <reporter-output>
          </reporter-output>
        </test-method> <!-- TC_01_01_65_좋아요미지원Play_AudioPlayerTemplate1의_settingsfavorite_확인 -->
        <test-method is-config="true" signature="AfterMethod(org.testng.ITestResult)[pri:0, instance:SDK_001_AudioPlayer_Interface.AudioPlayer_Interface_02_AudioPlayer_Template1@18317edc]" started-at="2021-10-04T19:44:16 KST" name="AfterMethod" finished-at="2021-10-04T19:44:16 KST" duration-ms="1" status="PASS">
          <params>
            <param index="0">
              <value>
                <![CDATA[[TestResult name=TC_01_01_65_좋아요미지원Play_AudioPlayerTemplate1의_settingsfavorite_확인 status=SUCCESS method=AudioPlayer_Interface_02_AudioPlayer_Template1.TC_01_01_65_좋아요미지원Play_AudioPlayerTemplate1의_settingsfavorite_확인(java.lang.reflect.Method)[pri:0, instance:SDK_001_AudioPlayer_Interface.AudioPlayer_Interface_02_AudioPlayer_Template1@18317edc] output={null}]]]>
              </value>
            </param>
          </params>
          <reporter-output>
          </reporter-output>
        </test-method> <!-- AfterMethod -->
        <test-method signature="TC_01_01_66_좋아요지원Play_AudioPlayerTemplate1의_settingsfavorite_확인(java.lang.reflect.Method)[pri:0, instance:SDK_001_AudioPlayer_Interface.AudioPlayer_Interface_02_AudioPlayer_Template1@18317edc]" started-at="2021-10-04T19:44:16 KST" name="TC_01_01_66_좋아요지원Play_AudioPlayerTemplate1의_settingsfavorite_확인" description="SDK 리그레이션 TC : AudioPlayer_Interface_01-01-66" finished-at="2021-10-04T19:46:14 KST" duration-ms="117167" status="PASS">
          <params>
            <param index="0">
              <value>
                <![CDATA[public void SDK_001_AudioPlayer_Interface.AudioPlayer_Interface_02_AudioPlayer_Template1.TC_01_01_66_좋아요지원Play_AudioPlayerTemplate1의_settingsfavorite_확인(java.lang.reflect.Method) throws java.lang.Exception]]>
              </value>
            </param>
          </params>
          <reporter-output>
          </reporter-output>
        </test-method> <!-- TC_01_01_66_좋아요지원Play_AudioPlayerTemplate1의_settingsfavorite_확인 -->
        <test-method is-config="true" signature="BeforeMethod(java.lang.reflect.Method)[pri:0, instance:SDK_001_AudioPlayer_Interface.AudioPlayer_Interface_02_AudioPlayer_Template1@18317edc]" started-at="2021-10-04T19:44:16 KST" name="BeforeMethod" finished-at="2021-10-04T19:44:16 KST" duration-ms="0" status="PASS">
          <params>
            <param index="0">
              <value>
                <![CDATA[public void SDK_001_AudioPlayer_Interface.AudioPlayer_Interface_02_AudioPlayer_Template1.TC_01_01_66_좋아요지원Play_AudioPlayerTemplate1의_settingsfavorite_확인(java.lang.reflect.Method) throws java.lang.Exception]]>
              </value>
            </param>
          </params>
          <reporter-output>
          </reporter-output>
        </test-method> <!-- BeforeMethod -->
        <test-method is-config="true" signature="AfterMethod(org.testng.ITestResult)[pri:0, instance:SDK_001_AudioPlayer_Interface.AudioPlayer_Interface_02_AudioPlayer_Template1@18317edc]" started-at="2021-10-04T19:46:14 KST" name="AfterMethod" finished-at="2021-10-04T19:46:14 KST" duration-ms="1" status="PASS">
          <params>
            <param index="0">
              <value>
                <![CDATA[[TestResult name=TC_01_01_66_좋아요지원Play_AudioPlayerTemplate1의_settingsfavorite_확인 status=SUCCESS method=AudioPlayer_Interface_02_AudioPlayer_Template1.TC_01_01_66_좋아요지원Play_AudioPlayerTemplate1의_settingsfavorite_확인(java.lang.reflect.Method)[pri:0, instance:SDK_001_AudioPlayer_Interface.AudioPlayer_Interface_02_AudioPlayer_Template1@18317edc] output={null}]]]>
              </value>
            </param>
          </params>
          <reporter-output>
          </reporter-output>
        </test-method> <!-- AfterMethod -->
        <test-method signature="TC_01_01_67_Play_AudioPlayerTemplate1의_settingsfavorite_변동값확인(java.lang.reflect.Method)[pri:0, instance:SDK_001_AudioPlayer_Interface.AudioPlayer_Interface_02_AudioPlayer_Template1@18317edc]" started-at="2021-10-04T19:46:14 KST" name="TC_01_01_67_Play_AudioPlayerTemplate1의_settingsfavorite_변동값확인" description="SDK 리그레이션 TC : AudioPlayer_Interface_01-01-67" finished-at="2021-10-04T19:47:25 KST" duration-ms="71805" status="FAIL">
          <params>
            <param index="0">
              <value>
                <![CDATA[public void SDK_001_AudioPlayer_Interface.AudioPlayer_Interface_02_AudioPlayer_Template1.TC_01_01_67_Play_AudioPlayerTemplate1의_settingsfavorite_변동값확인(java.lang.reflect.Method) throws java.lang.Exception]]>
              </value>
            </param>
          </params>
          <exception class="junit.framework.AssertionFailedError">
            <full-stacktrace>
              <![CDATA[junit.framework.AssertionFailedError
at junit.framework.Assert.fail(Assert.java:47)
at junit.framework.Assert.assertTrue(Assert.java:20)
at junit.framework.Assert.assertTrue(Assert.java:27)
at SDK_001_AudioPlayer_Interface.AudioPlayer_Interface_02_AudioPlayer_Template1.TC_01_01_67_Play_AudioPlayerTemplate1의_settingsfavorite_변동값확인(AudioPlayer_Interface_02_AudioPlayer_Template1.java:668)
at java.base/jdk.internal.reflect.NativeMethodAccessorImpl.invoke0(Native Method)
at java.base/jdk.internal.reflect.NativeMethodAccessorImpl.invoke(NativeMethodAccessorImpl.java:64)
at java.base/jdk.internal.reflect.DelegatingMethodAccessorImpl.invoke(DelegatingMethodAccessorImpl.java:43)
at java.base/java.lang.reflect.Method.invoke(Method.java:564)
at org.testng.internal.MethodInvocationHelper.invokeMethod(MethodInvocationHelper.java:133)
at org.testng.internal.TestInvoker.invokeMethod(TestInvoker.java:598)
at org.testng.internal.TestInvoker.invokeTestMethod(TestInvoker.java:173)
at org.testng.internal.MethodRunner.runInSequence(MethodRunner.java:46)
at org.testng.internal.TestInvoker$MethodInvocationAgent.invoke(TestInvoker.java:824)
at org.testng.internal.TestInvoker.invokeTestMethods(TestInvoker.java:146)
at org.testng.internal.TestMethodWorker.invokeTestMethods(TestMethodWorker.java:146)
at org.testng.internal.TestMethodWorker.run(TestMethodWorker.java:128)
at java.base/java.util.ArrayList.forEach(ArrayList.java:1511)
at org.testng.TestRunner.privateRun(TestRunner.java:794)
at org.testng.TestRunner.run(TestRunner.java:596)
at org.testng.SuiteRunner.runTest(SuiteRunner.java:377)
at org.testng.SuiteRunner.access$000(SuiteRunner.java:28)
at org.testng.SuiteRunner$SuiteWorker.run(SuiteRunner.java:418)
at org.testng.internal.thread.ThreadUtil.lambda$execute$0(ThreadUtil.java:64)
at java.base/java.util.concurrent.FutureTask.run(FutureTask.java:264)
at java.base/java.util.concurrent.ThreadPoolExecutor.runWorker(ThreadPoolExecutor.java:1130)
at java.base/java.util.concurrent.ThreadPoolExecutor$Worker.run(ThreadPoolExecutor.java:630)
at java.base/java.lang.Thread.run(Thread.java:832)
]]>
            </full-stacktrace>
          </exception> <!-- junit.framework.AssertionFailedError -->
          <reporter-output>
          </reporter-output>
        </test-method> <!-- TC_01_01_67_Play_AudioPlayerTemplate1의_settingsfavorite_변동값확인 -->
        <test-method is-config="true" signature="BeforeMethod(java.lang.reflect.Method)[pri:0, instance:SDK_001_AudioPlayer_Interface.AudioPlayer_Interface_02_AudioPlayer_Template1@18317edc]" started-at="2021-10-04T19:46:14 KST" name="BeforeMethod" finished-at="2021-10-04T19:46:14 KST" duration-ms="0" status="PASS">
          <params>
            <param index="0">
              <value>
                <![CDATA[public void SDK_001_AudioPlayer_Interface.AudioPlayer_Interface_02_AudioPlayer_Template1.TC_01_01_67_Play_AudioPlayerTemplate1의_settingsfavorite_변동값확인(java.lang.reflect.Method) throws java.lang.Exception]]>
              </value>
            </param>
          </params>
          <reporter-output>
          </reporter-output>
        </test-method> <!-- BeforeMethod -->
        <test-method is-config="true" signature="AfterMethod(org.testng.ITestResult)[pri:0, instance:SDK_001_AudioPlayer_Interface.AudioPlayer_Interface_02_AudioPlayer_Template1@18317edc]" started-at="2021-10-04T19:47:25 KST" name="AfterMethod" finished-at="2021-10-04T19:47:26 KST" duration-ms="740" status="PASS">
          <params>
            <param index="0">
              <value>
                <![CDATA[[TestResult name=TC_01_01_67_Play_AudioPlayerTemplate1의_settingsfavorite_변동값확인 status=FAILURE method=AudioPlayer_Interface_02_AudioPlayer_Template1.TC_01_01_67_Play_AudioPlayerTemplate1의_settingsfavorite_변동값확인(java.lang.reflect.Method)[pri:0, instance:SDK_001_AudioPlayer_Interface.AudioPlayer_Interface_02_AudioPlayer_Template1@18317edc] output={null}]]]>
              </value>
            </param>
          </params>
          <reporter-output>
          </reporter-output>
        </test-method> <!-- AfterMethod -->
        <test-method signature="TC_01_01_68_Play_AudioPlayerTemplate1의_settingsrepeat_변동값확인(java.lang.reflect.Method)[pri:0, instance:SDK_001_AudioPlayer_Interface.AudioPlayer_Interface_02_AudioPlayer_Template1@18317edc]" started-at="2021-10-04T19:47:26 KST" name="TC_01_01_68_Play_AudioPlayerTemplate1의_settingsrepeat_변동값확인" description="SDK 리그레이션 TC : AudioPlayer_Interface_01-01-68" finished-at="2021-10-04T19:48:26 KST" duration-ms="60153" status="PASS">
          <params>
            <param index="0">
              <value>
                <![CDATA[public void SDK_001_AudioPlayer_Interface.AudioPlayer_Interface_02_AudioPlayer_Template1.TC_01_01_68_Play_AudioPlayerTemplate1의_settingsrepeat_변동값확인(java.lang.reflect.Method) throws java.lang.Exception]]>
              </value>
            </param>
          </params>
          <reporter-output>
          </reporter-output>
        </test-method> <!-- TC_01_01_68_Play_AudioPlayerTemplate1의_settingsrepeat_변동값확인 -->
        <test-method is-config="true" signature="BeforeMethod(java.lang.reflect.Method)[pri:0, instance:SDK_001_AudioPlayer_Interface.AudioPlayer_Interface_02_AudioPlayer_Template1@18317edc]" started-at="2021-10-04T19:47:26 KST" name="BeforeMethod" finished-at="2021-10-04T19:47:26 KST" duration-ms="0" status="PASS">
          <params>
            <param index="0">
              <value>
                <![CDATA[public void SDK_001_AudioPlayer_Interface.AudioPlayer_Interface_02_AudioPlayer_Template1.TC_01_01_68_Play_AudioPlayerTemplate1의_settingsrepeat_변동값확인(java.lang.reflect.Method) throws java.lang.Exception]]>
              </value>
            </param>
          </params>
          <reporter-output>
          </reporter-output>
        </test-method> <!-- BeforeMethod -->
        <test-method is-config="true" signature="AfterMethod(org.testng.ITestResult)[pri:0, instance:SDK_001_AudioPlayer_Interface.AudioPlayer_Interface_02_AudioPlayer_Template1@18317edc]" started-at="2021-10-04T19:48:26 KST" name="AfterMethod" finished-at="2021-10-04T19:48:26 KST" duration-ms="0" status="PASS">
          <params>
            <param index="0">
              <value>
                <![CDATA[[TestResult name=TC_01_01_68_Play_AudioPlayerTemplate1의_settingsrepeat_변동값확인 status=SUCCESS method=AudioPlayer_Interface_02_AudioPlayer_Template1.TC_01_01_68_Play_AudioPlayerTemplate1의_settingsrepeat_변동값확인(java.lang.reflect.Method)[pri:0, instance:SDK_001_AudioPlayer_Interface.AudioPlayer_Interface_02_AudioPlayer_Template1@18317edc] output={null}]]]>
              </value>
            </param>
          </params>
          <reporter-output>
          </reporter-output>
        </test-method> <!-- AfterMethod -->
        <test-method signature="TC_01_01_69_Play_AudioPlayerTemplate1의_settingsshuffle_변동값확인(java.lang.reflect.Method)[pri:0, instance:SDK_001_AudioPlayer_Interface.AudioPlayer_Interface_02_AudioPlayer_Template1@18317edc]" started-at="2021-10-04T19:48:26 KST" name="TC_01_01_69_Play_AudioPlayerTemplate1의_settingsshuffle_변동값확인" description="SDK 리그레이션 TC : AudioPlayer_Interface_01-01-68" finished-at="2021-10-04T19:49:42 KST" duration-ms="75245" status="PASS">
          <params>
            <param index="0">
              <value>
                <![CDATA[public void SDK_001_AudioPlayer_Interface.AudioPlayer_Interface_02_AudioPlayer_Template1.TC_01_01_69_Play_AudioPlayerTemplate1의_settingsshuffle_변동값확인(java.lang.reflect.Method) throws java.lang.Exception]]>
              </value>
            </param>
          </params>
          <reporter-output>
          </reporter-output>
        </test-method> <!-- TC_01_01_69_Play_AudioPlayerTemplate1의_settingsshuffle_변동값확인 -->
        <test-method is-config="true" signature="BeforeMethod(java.lang.reflect.Method)[pri:0, instance:SDK_001_AudioPlayer_Interface.AudioPlayer_Interface_02_AudioPlayer_Template1@18317edc]" started-at="2021-10-04T19:48:26 KST" name="BeforeMethod" finished-at="2021-10-04T19:48:26 KST" duration-ms="0" status="PASS">
          <params>
            <param index="0">
              <value>
                <![CDATA[public void SDK_001_AudioPlayer_Interface.AudioPlayer_Interface_02_AudioPlayer_Template1.TC_01_01_69_Play_AudioPlayerTemplate1의_settingsshuffle_변동값확인(java.lang.reflect.Method) throws java.lang.Exception]]>
              </value>
            </param>
          </params>
          <reporter-output>
          </reporter-output>
        </test-method> <!-- BeforeMethod -->
        <test-method is-config="true" signature="AfterMethod(org.testng.ITestResult)[pri:0, instance:SDK_001_AudioPlayer_Interface.AudioPlayer_Interface_02_AudioPlayer_Template1@18317edc]" started-at="2021-10-04T19:49:42 KST" name="AfterMethod" finished-at="2021-10-04T19:49:42 KST" duration-ms="0" status="PASS">
          <params>
            <param index="0">
              <value>
                <![CDATA[[TestResult name=TC_01_01_69_Play_AudioPlayerTemplate1의_settingsshuffle_변동값확인 status=SUCCESS method=AudioPlayer_Interface_02_AudioPlayer_Template1.TC_01_01_69_Play_AudioPlayerTemplate1의_settingsshuffle_변동값확인(java.lang.reflect.Method)[pri:0, instance:SDK_001_AudioPlayer_Interface.AudioPlayer_Interface_02_AudioPlayer_Template1@18317edc] output={null}]]]>
              </value>
            </param>
          </params>
          <reporter-output>
          </reporter-output>
        </test-method> <!-- AfterMethod -->
        <test-method is-config="true" signature="tearDownClass(java.lang.String,java.lang.String,java.lang.String,java.lang.String,java.lang.String,java.lang.String)[pri:0, instance:SDK_001_AudioPlayer_Interface.AudioPlayer_Interface_02_AudioPlayer_Template1@18317edc]" started-at="2021-10-04T19:49:42 KST" name="tearDownClass" finished-at="2021-10-04T19:49:43 KST" duration-ms="1354" status="PASS">
          <params>
            <param index="0">
              <value>
                <![CDATA[PRD]]>
              </value>
            </param>
            <param index="1">
              <value>
                <![CDATA[SDK]]>
              </value>
            </param>
            <param index="2">
              <value>
                <![CDATA[out]]>
              </value>
            </param>
            <param index="3">
              <value>
                <![CDATA[R33M4000CY]]>
              </value>
            </param>
            <param index="4">
              <value>
                <![CDATA[ALDF3NYA6C0D0C654DD2]]>
              </value>
            </param>
            <param index="5">
              <value>
                <![CDATA[ALDFR7K5QIZLF9F3FBA3]]>
              </value>
            </param>
          </params>
          <reporter-output>
          </reporter-output>
        </test-method> <!-- tearDownClass -->
      </class> <!-- SDK_001_AudioPlayer_Interface.AudioPlayer_Interface_02_AudioPlayer_Template1 -->
      <class name="SDK_001_AudioPlayer_Interface.AudioPlayer_Interface_01_공통">
        <test-method is-config="true" signature="setupClass(java.lang.String,java.lang.String,java.lang.String,java.lang.String,java.lang.String,java.lang.String,java.lang.String,java.lang.String,java.lang.String)[pri:0, instance:SDK_001_AudioPlayer_Interface.AudioPlayer_Interface_01_공통@2eea88a1]" started-at="2021-10-04T18:49:19 KST" name="setupClass" finished-at="2021-10-04T18:49:32 KST" duration-ms="13529" status="PASS">
          <params>
            <param index="0">
              <value>
                <![CDATA[Android]]>
              </value>
            </param>
            <param index="1">
              <value>
                <![CDATA[SDK]]>
              </value>
            </param>
            <param index="2">
              <value>
                <![CDATA[http://0.0.0.0:4723/wd/hub]]>
              </value>
            </param>
            <param index="3">
              <value>
                <![CDATA[PRD]]>
              </value>
            </param>
            <param index="4">
              <value>
                <![CDATA[SDK]]>
              </value>
            </param>
            <param index="5">
              <value>
                <![CDATA[out]]>
              </value>
            </param>
            <param index="6">
              <value>
                <![CDATA[R33M4000CY]]>
              </value>
            </param>
            <param index="7">
              <value>
                <![CDATA[ALDF3NYA6C0D0C654DD2]]>
              </value>
            </param>
            <param index="8">
              <value>
                <![CDATA[ALDFR7K5QIZLF9F3FBA3]]>
              </value>
            </param>
          </params>
          <reporter-output>
          </reporter-output>
        </test-method> <!-- setupClass -->
        <test-method is-config="true" signature="BeforeMethod(java.lang.reflect.Method)[pri:0, instance:SDK_001_AudioPlayer_Interface.AudioPlayer_Interface_01_공통@2eea88a1]" started-at="2021-10-04T18:49:32 KST" name="BeforeMethod" finished-at="2021-10-04T18:49:32 KST" duration-ms="8" status="PASS">
          <params>
            <param index="0">
              <value>
                <![CDATA[public void SDK_001_AudioPlayer_Interface.AudioPlayer_Interface_01_공통.TC_00_00_00_SampleApp_Start(java.lang.reflect.Method) throws java.lang.Exception]]>
              </value>
            </param>
          </params>
          <reporter-output>
          </reporter-output>
        </test-method> <!-- BeforeMethod -->
        <test-method signature="TC_00_00_00_SampleApp_Start(java.lang.reflect.Method)[pri:0, instance:SDK_001_AudioPlayer_Interface.AudioPlayer_Interface_01_공통@2eea88a1]" started-at="2021-10-04T18:49:32 KST" name="TC_00_00_00_SampleApp_Start" finished-at="2021-10-04T18:50:08 KST" duration-ms="35799" status="PASS">
          <params>
            <param index="0">
              <value>
                <![CDATA[public void SDK_001_AudioPlayer_Interface.AudioPlayer_Interface_01_공통.TC_00_00_00_SampleApp_Start(java.lang.reflect.Method) throws java.lang.Exception]]>
              </value>
            </param>
          </params>
          <reporter-output>
          </reporter-output>
        </test-method> <!-- TC_00_00_00_SampleApp_Start -->
        <test-method is-config="true" signature="AfterMethod(org.testng.ITestResult)[pri:0, instance:SDK_001_AudioPlayer_Interface.AudioPlayer_Interface_01_공통@2eea88a1]" started-at="2021-10-04T18:50:08 KST" name="AfterMethod" finished-at="2021-10-04T18:50:08 KST" duration-ms="1" status="PASS">
          <params>
            <param index="0">
              <value>
                <![CDATA[[TestResult name=TC_00_00_00_SampleApp_Start status=SUCCESS method=AudioPlayer_Interface_01_공통.TC_00_00_00_SampleApp_Start(java.lang.reflect.Method)[pri:0, instance:SDK_001_AudioPlayer_Interface.AudioPlayer_Interface_01_공통@2eea88a1] output={null}]]]>
              </value>
            </param>
          </params>
          <reporter-output>
          </reporter-output>
        </test-method> <!-- AfterMethod -->
        <test-method is-config="true" signature="BeforeMethod(java.lang.reflect.Method)[pri:0, instance:SDK_001_AudioPlayer_Interface.AudioPlayer_Interface_01_공통@2eea88a1]" started-at="2021-10-04T18:50:08 KST" name="BeforeMethod" finished-at="2021-10-04T18:50:08 KST" duration-ms="1" status="PASS">
          <params>
            <param index="0">
              <value>
                <![CDATA[public void SDK_001_AudioPlayer_Interface.AudioPlayer_Interface_01_공통.TC_01_01_01_AudioState_IDLE에서_PLAYING_전환확인(java.lang.reflect.Method) throws java.lang.Exception]]>
              </value>
            </param>
          </params>
          <reporter-output>
          </reporter-output>
        </test-method> <!-- BeforeMethod -->
        <test-method signature="TC_01_01_01_AudioState_IDLE에서_PLAYING_전환확인(java.lang.reflect.Method)[pri:0, instance:SDK_001_AudioPlayer_Interface.AudioPlayer_Interface_01_공통@2eea88a1]" started-at="2021-10-04T18:50:08 KST" name="TC_01_01_01_AudioState_IDLE에서_PLAYING_전환확인" description="SDK 리그레이션 TC : AudioPlayer_Interface_01-01-01" finished-at="2021-10-04T18:50:32 KST" duration-ms="23380" status="PASS">
          <params>
            <param index="0">
              <value>
                <![CDATA[public void SDK_001_AudioPlayer_Interface.AudioPlayer_Interface_01_공통.TC_01_01_01_AudioState_IDLE에서_PLAYING_전환확인(java.lang.reflect.Method) throws java.lang.Exception]]>
              </value>
            </param>
          </params>
          <reporter-output>
          </reporter-output>
        </test-method> <!-- TC_01_01_01_AudioState_IDLE에서_PLAYING_전환확인 -->
        <test-method is-config="true" signature="AfterMethod(org.testng.ITestResult)[pri:0, instance:SDK_001_AudioPlayer_Interface.AudioPlayer_Interface_01_공통@2eea88a1]" started-at="2021-10-04T18:50:32 KST" name="AfterMethod" finished-at="2021-10-04T18:50:32 KST" duration-ms="1" status="PASS">
          <params>
            <param index="0">
              <value>
                <![CDATA[[TestResult name=TC_01_01_01_AudioState_IDLE에서_PLAYING_전환확인 status=SUCCESS method=AudioPlayer_Interface_01_공통.TC_01_01_01_AudioState_IDLE에서_PLAYING_전환확인(java.lang.reflect.Method)[pri:0, instance:SDK_001_AudioPlayer_Interface.AudioPlayer_Interface_01_공통@2eea88a1] output={null}]]]>
              </value>
            </param>
          </params>
          <reporter-output>
          </reporter-output>
        </test-method> <!-- AfterMethod -->
        <test-method is-config="true" signature="BeforeMethod(java.lang.reflect.Method)[pri:0, instance:SDK_001_AudioPlayer_Interface.AudioPlayer_Interface_01_공통@2eea88a1]" started-at="2021-10-04T18:50:32 KST" name="BeforeMethod" finished-at="2021-10-04T18:50:32 KST" duration-ms="2" status="PASS">
          <params>
            <param index="0">
              <value>
                <![CDATA[public void SDK_001_AudioPlayer_Interface.AudioPlayer_Interface_01_공통.TC_01_01_02_AudioState_PLAYING에서_PAUSED_전환확인(java.lang.reflect.Method) throws java.lang.Exception]]>
              </value>
            </param>
          </params>
          <reporter-output>
          </reporter-output>
        </test-method> <!-- BeforeMethod -->
        <test-method signature="TC_01_01_02_AudioState_PLAYING에서_PAUSED_전환확인(java.lang.reflect.Method)[pri:0, instance:SDK_001_AudioPlayer_Interface.AudioPlayer_Interface_01_공통@2eea88a1]" started-at="2021-10-04T18:50:32 KST" name="TC_01_01_02_AudioState_PLAYING에서_PAUSED_전환확인" description="SDK 리그레이션 TC : AudioPlayer_Interface_01-01-02" finished-at="2021-10-04T18:50:55 KST" duration-ms="23086" status="PASS">
          <params>
            <param index="0">
              <value>
                <![CDATA[public void SDK_001_AudioPlayer_Interface.AudioPlayer_Interface_01_공통.TC_01_01_02_AudioState_PLAYING에서_PAUSED_전환확인(java.lang.reflect.Method) throws java.lang.Exception]]>
              </value>
            </param>
          </params>
          <reporter-output>
          </reporter-output>
        </test-method> <!-- TC_01_01_02_AudioState_PLAYING에서_PAUSED_전환확인 -->
        <test-method is-config="true" signature="AfterMethod(org.testng.ITestResult)[pri:0, instance:SDK_001_AudioPlayer_Interface.AudioPlayer_Interface_01_공통@2eea88a1]" started-at="2021-10-04T18:50:55 KST" name="AfterMethod" finished-at="2021-10-04T18:50:55 KST" duration-ms="0" status="PASS">
[...]
              <value>
                <![CDATA[[TestResult name=TC_01_01_40_Playing상태_PreviousCommandIssued_event_전송확인 status=SUCCESS method=AudioPlayer_Interface_01_공통.TC_01_01_40_Playing상태_PreviousCommandIssued_event_전송확인(java.lang.reflect.Method)[pri:0, instance:SDK_001_AudioPlayer_Interface.AudioPlayer_Interface_01_공통@2eea88a1] output={null}]]]>
              </value>
            </param>
          </params>
          <reporter-output>
          </reporter-output>
        </test-method> <!-- AfterMethod -->
        <test-method signature="TC_01_01_41_Pause상태_PreviousCommandIssued_event_전송확인(java.lang.reflect.Method)[pri:0, instance:SDK_001_AudioPlayer_Interface.AudioPlayer_Interface_01_공통@2eea88a1]" started-at="2021-10-04T19:27:34 KST" name="TC_01_01_41_Pause상태_PreviousCommandIssued_event_전송확인" description="SDK 리그레이션 TC : AudioPlayer_Interface_01-01-41" finished-at="2021-10-04T19:28:25 KST" duration-ms="51145" status="PASS">
          <params>
            <param index="0">
              <value>
                <![CDATA[public void SDK_001_AudioPlayer_Interface.AudioPlayer_Interface_01_공통.TC_01_01_41_Pause상태_PreviousCommandIssued_event_전송확인(java.lang.reflect.Method) throws java.lang.Exception]]>
              </value>
            </param>
          </params>
          <reporter-output>
          </reporter-output>
        </test-method> <!-- TC_01_01_41_Pause상태_PreviousCommandIssued_event_전송확인 -->
        <test-method is-config="true" signature="BeforeMethod(java.lang.reflect.Method)[pri:0, instance:SDK_001_AudioPlayer_Interface.AudioPlayer_Interface_01_공통@2eea88a1]" started-at="2021-10-04T19:27:34 KST" name="BeforeMethod" finished-at="2021-10-04T19:27:34 KST" duration-ms="0" status="PASS">
          <params>
            <param index="0">
              <value>
                <![CDATA[public void SDK_001_AudioPlayer_Interface.AudioPlayer_Interface_01_공통.TC_01_01_41_Pause상태_PreviousCommandIssued_event_전송확인(java.lang.reflect.Method) throws java.lang.Exception]]>
              </value>
            </param>
          </params>
          <reporter-output>
          </reporter-output>
        </test-method> <!-- BeforeMethod -->
        <test-method is-config="true" signature="AfterMethod(org.testng.ITestResult)[pri:0, instance:SDK_001_AudioPlayer_Interface.AudioPlayer_Interface_01_공통@2eea88a1]" started-at="2021-10-04T19:28:25 KST" name="AfterMethod" finished-at="2021-10-04T19:28:25 KST" duration-ms="0" status="PASS">
          <params>
            <param index="0">
              <value>
                <![CDATA[[TestResult name=TC_01_01_41_Pause상태_PreviousCommandIssued_event_전송확인 status=SUCCESS method=AudioPlayer_Interface_01_공통.TC_01_01_41_Pause상태_PreviousCommandIssued_event_전송확인(java.lang.reflect.Method)[pri:0, instance:SDK_001_AudioPlayer_Interface.AudioPlayer_Interface_01_공통@2eea88a1] output={null}]]]>
              </value>
            </param>
          </params>
          <reporter-output>
          </reporter-output>
        </test-method> <!-- AfterMethod -->
        <test-method is-config="true" signature="BeforeMethod(java.lang.reflect.Method)[pri:0, instance:SDK_001_AudioPlayer_Interface.AudioPlayer_Interface_01_공통@2eea88a1]" started-at="2021-10-04T19:28:25 KST" name="BeforeMethod" finished-at="2021-10-04T19:28:25 KST" duration-ms="1" status="PASS">
          <params>
            <param index="0">
              <value>
                <![CDATA[public void SDK_001_AudioPlayer_Interface.AudioPlayer_Interface_01_공통.TC_01_01_42_01_좋아요_즐겨찾기버튼클릭_FavoriteCommandIssued_event확인(java.lang.reflect.Method) throws java.lang.Exception]]>
              </value>
            </param>
          </params>
          <reporter-output>
          </reporter-output>
        </test-method> <!-- BeforeMethod -->
        <test-method signature="TC_01_01_42_01_좋아요_즐겨찾기버튼클릭_FavoriteCommandIssued_event확인(java.lang.reflect.Method)[pri:0, instance:SDK_001_AudioPlayer_Interface.AudioPlayer_Interface_01_공통@2eea88a1]" started-at="2021-10-04T19:28:25 KST" name="TC_01_01_42_01_좋아요_즐겨찾기버튼클릭_FavoriteCommandIssued_event확인" description="SDK 리그레이션 TC : AudioPlayer_Interface_01-01-42" finished-at="2021-10-04T19:29:03 KST" duration-ms="38381" status="PASS">
          <params>
            <param index="0">
              <value>
                <![CDATA[public void SDK_001_AudioPlayer_Interface.AudioPlayer_Interface_01_공통.TC_01_01_42_01_좋아요_즐겨찾기버튼클릭_FavoriteCommandIssued_event확인(java.lang.reflect.Method) throws java.lang.Exception]]>
              </value>
            </param>
          </params>
          <reporter-output>
          </reporter-output>
        </test-method> <!-- TC_01_01_42_01_좋아요_즐겨찾기버튼클릭_FavoriteCommandIssued_event확인 -->
        <test-method is-config="true" signature="AfterMethod(org.testng.ITestResult)[pri:0, instance:SDK_001_AudioPlayer_Interface.AudioPlayer_Interface_01_공통@2eea88a1]" started-at="2021-10-04T19:29:03 KST" name="AfterMethod" finished-at="2021-10-04T19:29:03 KST" duration-ms="1" status="PASS">
          <params>
            <param index="0">
              <value>
                <![CDATA[[TestResult name=TC_01_01_42_01_좋아요_즐겨찾기버튼클릭_FavoriteCommandIssued_event확인 status=SUCCESS method=AudioPlayer_Interface_01_공통.TC_01_01_42_01_좋아요_즐겨찾기버튼클릭_FavoriteCommandIssued_event확인(java.lang.reflect.Method)[pri:0, instance:SDK_001_AudioPlayer_Interface.AudioPlayer_Interface_01_공통@2eea88a1] output={null}]]]>
              </value>
            </param>
          </params>
          <reporter-output>
          </reporter-output>
        </test-method> <!-- AfterMethod -->
        <test-method is-config="true" signature="BeforeMethod(java.lang.reflect.Method)[pri:0, instance:SDK_001_AudioPlayer_Interface.AudioPlayer_Interface_01_공통@2eea88a1]" started-at="2021-10-04T19:29:03 KST" name="BeforeMethod" finished-at="2021-10-04T19:29:03 KST" duration-ms="1" status="PASS">
          <params>
            <param index="0">
              <value>
                <![CDATA[public void SDK_001_AudioPlayer_Interface.AudioPlayer_Interface_01_공통.TC_01_01_42_02_좋아요_즐겨찾기버튼클릭_FavoriteCommandIssued_event확인(java.lang.reflect.Method) throws java.lang.Exception]]>
              </value>
            </param>
          </params>
          <reporter-output>
          </reporter-output>
        </test-method> <!-- BeforeMethod -->
        <test-method signature="TC_01_01_42_02_좋아요_즐겨찾기버튼클릭_FavoriteCommandIssued_event확인(java.lang.reflect.Method)[pri:0, instance:SDK_001_AudioPlayer_Interface.AudioPlayer_Interface_01_공통@2eea88a1]" started-at="2021-10-04T19:29:03 KST" name="TC_01_01_42_02_좋아요_즐겨찾기버튼클릭_FavoriteCommandIssued_event확인" description="SDK 리그레이션 TC : AudioPlayer_Interface_01-01-42" finished-at="2021-10-04T19:29:28 KST" duration-ms="25070" status="PASS">
          <params>
            <param index="0">
              <value>
                <![CDATA[public void SDK_001_AudioPlayer_Interface.AudioPlayer_Interface_01_공통.TC_01_01_42_02_좋아요_즐겨찾기버튼클릭_FavoriteCommandIssued_event확인(java.lang.reflect.Method) throws java.lang.Exception]]>
              </value>
            </param>
          </params>
          <reporter-output>
          </reporter-output>
        </test-method> <!-- TC_01_01_42_02_좋아요_즐겨찾기버튼클릭_FavoriteCommandIssued_event확인 -->
        <test-method is-config="true" signature="AfterMethod(org.testng.ITestResult)[pri:0, instance:SDK_001_AudioPlayer_Interface.AudioPlayer_Interface_01_공통@2eea88a1]" started-at="2021-10-04T19:29:28 KST" name="AfterMethod" finished-at="2021-10-04T19:29:28 KST" duration-ms="1" status="PASS">
          <params>
            <param index="0">
              <value>
                <![CDATA[[TestResult name=TC_01_01_42_02_좋아요_즐겨찾기버튼클릭_FavoriteCommandIssued_event확인 status=SUCCESS method=AudioPlayer_Interface_01_공통.TC_01_01_42_02_좋아요_즐겨찾기버튼클릭_FavoriteCommandIssued_event확인(java.lang.reflect.Method)[pri:0, instance:SDK_001_AudioPlayer_Interface.AudioPlayer_Interface_01_공통@2eea88a1] output={null}]]]>
              </value>
            </param>
          </params>
          <reporter-output>
          </reporter-output>
        </test-method> <!-- AfterMethod -->
        <test-method is-config="true" signature="BeforeMethod(java.lang.reflect.Method)[pri:0, instance:SDK_001_AudioPlayer_Interface.AudioPlayer_Interface_01_공통@2eea88a1]" started-at="2021-10-04T19:29:28 KST" name="BeforeMethod" finished-at="2021-10-04T19:29:28 KST" duration-ms="0" status="PASS">
          <params>
            <param index="0">
              <value>
                <![CDATA[public void SDK_001_AudioPlayer_Interface.AudioPlayer_Interface_01_공통.TC_01_01_43_01_Playing상태_반복아이콘클릭시_RepeatCommandIssued_event확인(java.lang.reflect.Method) throws java.lang.Exception]]>
              </value>
            </param>
          </params>
          <reporter-output>
          </reporter-output>
        </test-method> <!-- BeforeMethod -->
        <test-method signature="TC_01_01_43_01_Playing상태_반복아이콘클릭시_RepeatCommandIssued_event확인(java.lang.reflect.Method)[pri:0, instance:SDK_001_AudioPlayer_Interface.AudioPlayer_Interface_01_공통@2eea88a1]" started-at="2021-10-04T19:29:28 KST" name="TC_01_01_43_01_Playing상태_반복아이콘클릭시_RepeatCommandIssued_event확인" description="SDK 리그레이션 TC : AudioPlayer_Interface_01-01-43" finished-at="2021-10-04T19:30:46 KST" duration-ms="77942" status="PASS">
          <params>
            <param index="0">
              <value>
                <![CDATA[public void SDK_001_AudioPlayer_Interface.AudioPlayer_Interface_01_공통.TC_01_01_43_01_Playing상태_반복아이콘클릭시_RepeatCommandIssued_event확인(java.lang.reflect.Method) throws java.lang.Exception]]>
              </value>
            </param>
          </params>
          <reporter-output>
          </reporter-output>
        </test-method> <!-- TC_01_01_43_01_Playing상태_반복아이콘클릭시_RepeatCommandIssued_event확인 -->
        <test-method is-config="true" signature="AfterMethod(org.testng.ITestResult)[pri:0, instance:SDK_001_AudioPlayer_Interface.AudioPlayer_Interface_01_공통@2eea88a1]" started-at="2021-10-04T19:30:46 KST" name="AfterMethod" finished-at="2021-10-04T19:30:46 KST" duration-ms="0" status="PASS">
          <params>
            <param index="0">
              <value>
                <![CDATA[[TestResult name=TC_01_01_43_01_Playing상태_반복아이콘클릭시_RepeatCommandIssued_event확인 status=SUCCESS method=AudioPlayer_Interface_01_공통.TC_01_01_43_01_Playing상태_반복아이콘클릭시_RepeatCommandIssued_event확인(java.lang.reflect.Method)[pri:0, instance:SDK_001_AudioPlayer_Interface.AudioPlayer_Interface_01_공통@2eea88a1] output={null}]]]>
              </value>
            </param>
          </params>
          <reporter-output>
          </reporter-output>
        </test-method> <!-- AfterMethod -->
        <test-method is-config="true" signature="BeforeMethod(java.lang.reflect.Method)[pri:0, instance:SDK_001_AudioPlayer_Interface.AudioPlayer_Interface_01_공통@2eea88a1]" started-at="2021-10-04T19:30:46 KST" name="BeforeMethod" finished-at="2021-10-04T19:30:46 KST" duration-ms="0" status="PASS">
          <params>
            <param index="0">
              <value>
                <![CDATA[public void SDK_001_AudioPlayer_Interface.AudioPlayer_Interface_01_공통.TC_01_01_43_02_Pause상태_반복아이콘클릭시_RepeatCommandIssued_event확인(java.lang.reflect.Method) throws java.lang.Exception]]>
              </value>
            </param>
          </params>
          <reporter-output>
          </reporter-output>
        </test-method> <!-- BeforeMethod -->
        <test-method signature="TC_01_01_43_02_Pause상태_반복아이콘클릭시_RepeatCommandIssued_event확인(java.lang.reflect.Method)[pri:0, instance:SDK_001_AudioPlayer_Interface.AudioPlayer_Interface_01_공통@2eea88a1]" started-at="2021-10-04T19:30:46 KST" name="TC_01_01_43_02_Pause상태_반복아이콘클릭시_RepeatCommandIssued_event확인" description="SDK 리그레이션 TC : AudioPlayer_Interface_01-01-43" finished-at="2021-10-04T19:32:06 KST" duration-ms="79705" status="PASS">
          <params>
            <param index="0">
              <value>
                <![CDATA[public void SDK_001_AudioPlayer_Interface.AudioPlayer_Interface_01_공통.TC_01_01_43_02_Pause상태_반복아이콘클릭시_RepeatCommandIssued_event확인(java.lang.reflect.Method) throws java.lang.Exception]]>
              </value>
            </param>
          </params>
          <reporter-output>
          </reporter-output>
        </test-method> <!-- TC_01_01_43_02_Pause상태_반복아이콘클릭시_RepeatCommandIssued_event확인 -->
        <test-method signature="TC_01_01_44_01_셔플아이콘클릭시_ShuffleCommandIssued_event확인(java.lang.reflect.Method)[pri:0, instance:SDK_001_AudioPlayer_Interface.AudioPlayer_Interface_01_공통@2eea88a1]" started-at="2021-10-04T19:32:06 KST" name="TC_01_01_44_01_셔플아이콘클릭시_ShuffleCommandIssued_event확인" description="SDK 리그레이션 TC : AudioPlayer_Interface_01-01-44" finished-at="2021-10-04T19:32:31 KST" duration-ms="25135" status="PASS">
          <params>
            <param index="0">
              <value>
                <![CDATA[public void SDK_001_AudioPlayer_Interface.AudioPlayer_Interface_01_공통.TC_01_01_44_01_셔플아이콘클릭시_ShuffleCommandIssued_event확인(java.lang.reflect.Method) throws java.lang.Exception]]>
              </value>
            </param>
          </params>
          <reporter-output>
          </reporter-output>
        </test-method> <!-- TC_01_01_44_01_셔플아이콘클릭시_ShuffleCommandIssued_event확인 -->
        <test-method is-config="true" signature="BeforeMethod(java.lang.reflect.Method)[pri:0, instance:SDK_001_AudioPlayer_Interface.AudioPlayer_Interface_01_공통@2eea88a1]" started-at="2021-10-04T19:32:06 KST" name="BeforeMethod" finished-at="2021-10-04T19:32:06 KST" duration-ms="0" status="PASS">
          <params>
            <param index="0">
              <value>
                <![CDATA[public void SDK_001_AudioPlayer_Interface.AudioPlayer_Interface_01_공통.TC_01_01_44_01_셔플아이콘클릭시_ShuffleCommandIssued_event확인(java.lang.reflect.Method) throws java.lang.Exception]]>
              </value>
            </param>
          </params>
          <reporter-output>
          </reporter-output>
        </test-method> <!-- BeforeMethod -->
        <test-method is-config="true" signature="AfterMethod(org.testng.ITestResult)[pri:0, instance:SDK_001_AudioPlayer_Interface.AudioPlayer_Interface_01_공통@2eea88a1]" started-at="2021-10-04T19:32:06 KST" name="AfterMethod" finished-at="2021-10-04T19:32:06 KST" duration-ms="0" status="PASS">
          <params>
            <param index="0">
              <value>
                <![CDATA[[TestResult name=TC_01_01_43_02_Pause상태_반복아이콘클릭시_RepeatCommandIssued_event확인 status=SUCCESS method=AudioPlayer_Interface_01_공통.TC_01_01_43_02_Pause상태_반복아이콘클릭시_RepeatCommandIssued_event확인(java.lang.reflect.Method)[pri:0, instance:SDK_001_AudioPlayer_Interface.AudioPlayer_Interface_01_공통@2eea88a1] output={null}]]]>
              </value>
            </param>
          </params>
          <reporter-output>
          </reporter-output>
        </test-method> <!-- AfterMethod -->
        <test-method is-config="true" signature="AfterMethod(org.testng.ITestResult)[pri:0, instance:SDK_001_AudioPlayer_Interface.AudioPlayer_Interface_01_공통@2eea88a1]" started-at="2021-10-04T19:32:31 KST" name="AfterMethod" finished-at="2021-10-04T19:32:31 KST" duration-ms="1" status="PASS">
          <params>
            <param index="0">
              <value>
                <![CDATA[[TestResult name=TC_01_01_44_01_셔플아이콘클릭시_ShuffleCommandIssued_event확인 status=SUCCESS method=AudioPlayer_Interface_01_공통.TC_01_01_44_01_셔플아이콘클릭시_ShuffleCommandIssued_event확인(java.lang.reflect.Method)[pri:0, instance:SDK_001_AudioPlayer_Interface.AudioPlayer_Interface_01_공통@2eea88a1] output={null}]]]>
              </value>
            </param>
          </params>
          <reporter-output>
          </reporter-output>
        </test-method> <!-- AfterMethod -->
        <test-method is-config="true" signature="BeforeMethod(java.lang.reflect.Method)[pri:0, instance:SDK_001_AudioPlayer_Interface.AudioPlayer_Interface_01_공통@2eea88a1]" started-at="2021-10-04T19:32:31 KST" name="BeforeMethod" finished-at="2021-10-04T19:32:31 KST" duration-ms="1" status="PASS">
          <params>
            <param index="0">
              <value>
                <![CDATA[public void SDK_001_AudioPlayer_Interface.AudioPlayer_Interface_01_공통.TC_01_01_44_02셔플아이콘클릭시_ShuffleCommandIssued_event확인(java.lang.reflect.Method) throws java.lang.Exception]]>
              </value>
            </param>
          </params>
          <reporter-output>
          </reporter-output>
        </test-method> <!-- BeforeMethod -->
        <test-method signature="TC_01_01_44_02셔플아이콘클릭시_ShuffleCommandIssued_event확인(java.lang.reflect.Method)[pri:0, instance:SDK_001_AudioPlayer_Interface.AudioPlayer_Interface_01_공통@2eea88a1]" started-at="2021-10-04T19:32:31 KST" name="TC_01_01_44_02셔플아이콘클릭시_ShuffleCommandIssued_event확인" description="SDK 리그레이션 TC : AudioPlayer_Interface_01-01-44" finished-at="2021-10-04T19:32:56 KST" duration-ms="25146" status="PASS">
          <params>
            <param index="0">
              <value>
                <![CDATA[public void SDK_001_AudioPlayer_Interface.AudioPlayer_Interface_01_공통.TC_01_01_44_02셔플아이콘클릭시_ShuffleCommandIssued_event확인(java.lang.reflect.Method) throws java.lang.Exception]]>
              </value>
            </param>
          </params>
          <reporter-output>
          </reporter-output>
        </test-method> <!-- TC_01_01_44_02셔플아이콘클릭시_ShuffleCommandIssued_event확인 -->
        <test-method is-config="true" signature="AfterMethod(org.testng.ITestResult)[pri:0, instance:SDK_001_AudioPlayer_Interface.AudioPlayer_Interface_01_공통@2eea88a1]" started-at="2021-10-04T19:32:56 KST" name="AfterMethod" finished-at="2021-10-04T19:32:56 KST" duration-ms="1" status="PASS">
          <params>
            <param index="0">
              <value>
                <![CDATA[[TestResult name=TC_01_01_44_02셔플아이콘클릭시_ShuffleCommandIssued_event확인 status=SUCCESS method=AudioPlayer_Interface_01_공통.TC_01_01_44_02셔플아이콘클릭시_ShuffleCommandIssued_event확인(java.lang.reflect.Method)[pri:0, instance:SDK_001_AudioPlayer_Interface.AudioPlayer_Interface_01_공통@2eea88a1] output={null}]]]>
              </value>
            </param>
          </params>
          <reporter-output>
          </reporter-output>
        </test-method> <!-- AfterMethod -->
        <test-method is-config="true" signature="tearDownClass(java.lang.String,java.lang.String,java.lang.String,java.lang.String,java.lang.String,java.lang.String)[pri:0, instance:SDK_001_AudioPlayer_Interface.AudioPlayer_Interface_01_공통@2eea88a1]" started-at="2021-10-04T19:32:56 KST" name="tearDownClass" finished-at="2021-10-04T19:32:58 KST" duration-ms="1537" status="PASS">
          <params>
            <param index="0">
              <value>
                <![CDATA[PRD]]>
              </value>
            </param>
            <param index="1">
              <value>
                <![CDATA[SDK]]>
              </value>
            </param>
            <param index="2">
              <value>
                <![CDATA[out]]>
              </value>
            </param>
            <param index="3">
              <value>
                <![CDATA[R33M4000CY]]>
              </value>
            </param>
            <param index="4">
              <value>
                <![CDATA[ALDF3NYA6C0D0C654DD2]]>
              </value>
            </param>
            <param index="5">
              <value>
                <![CDATA[ALDFR7K5QIZLF9F3FBA3]]>
              </value>
            </param>
          </params>
          <reporter-output>
          </reporter-output>
        </test-method> <!-- tearDownClass -->
      </class> <!-- SDK_001_AudioPlayer_Interface.AudioPlayer_Interface_01_공통 -->
    </test> <!-- Test_Project -->
  </suite> <!-- ExtentReport -->
</testng-results>
